{"name": "Login attempts -- @1.5 ", "status": "broken", "statusDetails": {"message": "selenium.common.exceptions.TimeoutException: Message: \n\n", "trace": "  File \"C:\\Users\\Stephenie\\Documents\\Revature\\Team-C-Project_2\\employee\\.venv\\Lib\\site-packages\\behave\\model.py\", line 1991, in run\n    match.run(runner.context)\n    ~~~~~~~~~^^^^^^^^^^^^^^^^\n  File \"C:\\Users\\Stephenie\\Documents\\Revature\\Team-C-Project_2\\employee\\.venv\\Lib\\site-packages\\behave\\matchers.py\", line 105, in run\n    self.func(context, *args, **kwargs)\n    ~~~~~~~~~^^^^^^^^^^^^^^^^^^^^^^^^^^\n  File \"tests\\end_to_end_test\\features\\steps\\auth_steps.py\", line 57, in step_impl\n    context.login_page.wait_for_url_contains(expected_route)\n    ~~~~~~~~~~~~~~~~~~~~~~~~~~~~~~~~~~~~~~~~^^^^^^^^^^^^^^^^\n  File \"C:\\Users\\Stephenie\\Documents\\Revature\\Team-C-Project_2\\employee\\tests\\end_to_end_test\\pages\\base_page.py\", line 47, in wait_for_url_contains\n    self.wait.until(EC.url_contains(text))\n    ~~~~~~~~~~~~~~~^^^^^^^^^^^^^^^^^^^^^^^\n  File \"C:\\Users\\Stephenie\\Documents\\Revature\\Team-C-Project_2\\employee\\.venv\\Lib\\site-packages\\selenium\\webdriver\\support\\wait.py\", line 122, in until\n    raise TimeoutException(message, screen, stacktrace)\n"}, "steps": [{"name": "Given the application is running", "status": "passed", "start": 1768234169378, "stop": 1768234169378}, {"name": "Given the employee is on the login screen", "status": "passed", "start": 1768234169379, "stop": 1768234169626}, {"name": "When the employee enters username \"manager1\"", "status": "passed", "start": 1768234169626, "stop": 1768234169759}, {"name": "And the employee enters password \"password123\"", "status": "passed", "start": 1768234169759, "stop": 1768234169804}, {"name": "And the employee clicks the login button", "status": "passed", "start": 1768234169804, "stop": 1768234169849}, {"name": "Then the employee is redirected to the \"login.html\"", "status": "broken", "statusDetails": {"message": "selenium.common.exceptions.TimeoutException: Message: \n\n", "trace": "  File \"C:\\Users\\Stephenie\\Documents\\Revature\\Team-C-Project_2\\employee\\.venv\\Lib\\site-packages\\behave\\model.py\", line 1991, in run\n    match.run(runner.context)\n    ~~~~~~~~~^^^^^^^^^^^^^^^^\n  File \"C:\\Users\\Stephenie\\Documents\\Revature\\Team-C-Project_2\\employee\\.venv\\Lib\\site-packages\\behave\\matchers.py\", line 105, in run\n    self.func(context, *args, **kwargs)\n    ~~~~~~~~~^^^^^^^^^^^^^^^^^^^^^^^^^^\n  File \"tests\\end_to_end_test\\features\\steps\\auth_steps.py\", line 57, in step_impl\n    context.login_page.wait_for_url_contains(expected_route)\n    ~~~~~~~~~~~~~~~~~~~~~~~~~~~~~~~~~~~~~~~~^^^^^^^^^^^^^^^^\n  File \"C:\\Users\\Stephenie\\Documents\\Revature\\Team-C-Project_2\\employee\\tests\\end_to_end_test\\pages\\base_page.py\", line 47, in wait_for_url_contains\n    self.wait.until(EC.url_contains(text))\n    ~~~~~~~~~~~~~~~^^^^^^^^^^^^^^^^^^^^^^^\n  File \"C:\\Users\\Stephenie\\Documents\\Revature\\Team-C-Project_2\\employee\\.venv\\Lib\\site-packages\\selenium\\webdriver\\support\\wait.py\", line 122, in until\n    raise TimeoutException(message, screen, stacktrace)\n"}, "start": 1768234169849, "stop": 1768234179920}, {"name": "And the employee sees the auth message: \"Login failed\"", "status": "skipped", "start": 1768234182019, "stop": 1768234182019}], "parameters": [{"name": "username", "value": "manager1"}, {"name": "password", "value": "password123"}, {"name": "message", "value": "Login failed"}, {"name": "path", "value": "login.html"}], "start": 1768234166709, "stop": 1768234182019, "uuid": "c5c3efcd-af78-4806-9f71-1ab1abe4ddf7", "historyId": "11b1805a069eba22c4f7e8afda059ada", "testCaseId": "0fd2edf36784bbc3bb011c8a3413e887", "fullName": "Employee Authentication: Login attempts", "labels": [{"name": "severity", "value": "normal"}, {"name": "tag", "value": "auth"}, {"name": "tag", "value": "smoke"}, {"name": "tag", "value": "ui"}, {"name": "feature", "value": "Employee Authentication"}, {"name": "framework", "value": "behave"}, {"name": "language", "value": "cpython3"}], "titlePath": ["tests", "end_to_end_test", "features", "Employee Authentication"]}