{"name": "Edit Expense -- @1.4 ", "status": "failed", "statusDetails": {"message": "AssertionError: Edit message not found or incorrect. Expected: 'Expense updated successfully!'\n", "trace": "  File \"C:\\Users\\Stephenie\\Documents\\Revature\\Team-C-Project_2\\employee\\.venv\\Lib\\site-packages\\behave\\model.py\", line 1991, in run\n    match.run(runner.context)\n    ~~~~~~~~~^^^^^^^^^^^^^^^^\n  File \"C:\\Users\\Stephenie\\Documents\\Revature\\Team-C-Project_2\\employee\\.venv\\Lib\\site-packages\\behave\\matchers.py\", line 105, in run\n    self.func(context, *args, **kwargs)\n    ~~~~~~~~~^^^^^^^^^^^^^^^^^^^^^^^^^^\n  File \"tests\\end_to_end_test\\features\\steps\\edit_expense_steps.py\", line 77, in step_impl\n    raise AssertionError(f\"Edit message not found or incorrect. Expected: '{message}'\")\n"}, "steps": [{"name": "Creating chrome driver (headless=True)", "status": "passed", "start": 1769101995805, "stop": 1769101996860}, {"name": "Given the application is running", "status": "passed", "steps": [{"name": "Verify application driver is available", "status": "passed", "start": 1769101996884, "stop": 1769101996884}], "start": 1769101996883, "stop": 1769101996884}, {"name": "And the test database is already seeded with users", "status": "passed", "steps": [{"name": "Verify test database connection is available", "status": "passed", "start": 1769101996884, "stop": 1769101996884}], "start": 1769101996884, "stop": 1769101996884}, {"name": "And the employee is logged in", "status": "passed", "steps": [{"name": "Ensure the employee is logged in (setup)", "status": "passed", "steps": [{"name": "Enter credentials for employee1", "status": "passed", "start": 1769101997204, "stop": 1769101997330}, {"name": "Click login and wait for dashboard table", "status": "passed", "start": 1769101997330, "stop": 1769102000045}], "start": 1769101996884, "stop": 1769102000050}], "start": 1769101996884, "stop": 1769102000050}, {"name": "Given the employee is on my expenses", "status": "passed", "start": 1769102000050, "stop": 1769102000112}, {"name": "And an expense with the description: \"Client lunch\" is shown", "status": "passed", "start": 1769102000112, "stop": 1769102000122}, {"name": "And the expense with description \"Client lunch\" is pending", "status": "passed", "start": 1769102000123, "stop": 1769102000136}, {"name": "When the employee clicks the edit button for the expense with description \"Client lunch\"", "status": "passed", "start": 1769102000136, "stop": 1769102000244}, {"name": "And the employee is redirected to the edit menu", "status": "passed", "start": 1769102000244, "stop": 1769102000778}, {"name": "And the employee inputs into the amount field: \"none\"", "status": "passed", "start": 1769102000778, "stop": 1769102000824}, {"name": "And the employee inputs into the description field: \"none\"", "status": "passed", "start": 1769102000824, "stop": 1769102000880}, {"name": "And the employee inputs into the date field: \"none\"", "status": "passed", "start": 1769102000880, "stop": 1769102000919}, {"name": "And the employee clicks the action update button", "status": "passed", "start": 1769102000919, "stop": 1769102000986}, {"name": "Then the employee sees the edit message: \"Expense updated successfully!\"", "status": "failed", "statusDetails": {"message": "AssertionError: Edit message not found or incorrect. Expected: 'Expense updated successfully!'\n", "trace": "  File \"C:\\Users\\Stephenie\\Documents\\Revature\\Team-C-Project_2\\employee\\.venv\\Lib\\site-packages\\behave\\model.py\", line 1991, in run\n    match.run(runner.context)\n    ~~~~~~~~~^^^^^^^^^^^^^^^^\n  File \"C:\\Users\\Stephenie\\Documents\\Revature\\Team-C-Project_2\\employee\\.venv\\Lib\\site-packages\\behave\\matchers.py\", line 105, in run\n    self.func(context, *args, **kwargs)\n    ~~~~~~~~~^^^^^^^^^^^^^^^^^^^^^^^^^^\n  File \"tests\\end_to_end_test\\features\\steps\\edit_expense_steps.py\", line 77, in step_impl\n    raise AssertionError(f\"Edit message not found or incorrect. Expected: '{message}'\")\n"}, "start": 1769102000987, "stop": 1769102011142}, {"name": "And the new expense is shown with the amount: \"50\", description: \"Client lunch\", and the date: \"2025-01-05\"", "status": "skipped", "start": 1769102013289, "stop": 1769102013289}], "parameters": [{"name": "original_description", "value": "Client lunch"}, {"name": "amount", "value": "none"}, {"name": "description", "value": "none"}, {"name": "date", "value": "none"}, {"name": "action", "value": "update"}, {"name": "message", "value": "Expense updated successfully!"}, {"name": "final_amount", "value": "50"}, {"name": "final_description", "value": "Client lunch"}, {"name": "final_date", "value": "2025-01-05"}], "start": 1769101995794, "stop": 1769102013289, "uuid": "269249f6-e48f-4cde-9c8f-d811d861b3f1", "historyId": "48d5ca316f86860cccf899867f1db6b8", "testCaseId": "2197e04c6c495ae3a2a671629d219288", "fullName": "Edit expense: Edit Expense", "labels": [{"name": "severity", "value": "normal"}, {"name": "feature", "value": "Edit expense"}, {"name": "framework", "value": "behave"}, {"name": "language", "value": "cpython3"}], "titlePath": ["tests", "end_to_end_test", "features", "Edit expense"]}