{"name": "Edit Expense, successful edit -- @1.2 ", "status": "broken", "statusDetails": {"message": "selenium.common.exceptions.TimeoutException: Message: \nStacktrace:\nSymbols not available. Dumping unresolved backtrace:\n\t0x7ff7e6a25ab5\n\t0x7ff7e6a25b14\n\t0x7ff7e6d72844\n\t0x7ff7e67c6a9a\n\t0x7ff7e67c6d35\n\t0x7ff7e6804b07\n\t0x7ff7e67bd6b7\n\t0x7ff7e68028f7\n\t0x7ff7e67bcbcc\n\t0x7ff7e67bbe26\n\t0x7ff7e67bc9f3\n\t0x7ff7e6880214\n\t0x7ff7e687c685\n\t0x7ff7e688ce73\n\t0x7ff7e6a40de8\n\t0x7ff7e6a496b6\n\t0x7ff7e6a2d194\n\t0x7ff7e6a2d2d9\n\t0x7ff7e6a1b172\n\t0x7ffd03ade8d7\n\t0x7ffd04b4c53c\n\n", "trace": "  File \"C:\\Users\\Stephenie\\Documents\\Revature\\Team-C-Project_2\\employee\\.venv\\Lib\\site-packages\\behave\\model.py\", line 1991, in run\n    match.run(runner.context)\n    ~~~~~~~~~^^^^^^^^^^^^^^^^\n  File \"C:\\Users\\Stephenie\\Documents\\Revature\\Team-C-Project_2\\employee\\.venv\\Lib\\site-packages\\behave\\matchers.py\", line 105, in run\n    self.func(context, *args, **kwargs)\n    ~~~~~~~~~^^^^^^^^^^^^^^^^^^^^^^^^^^\n  File \"tests\\end_to_end_test\\features\\steps\\edit_expense_steps.py\", line 123, in expense_is_shown_updated\n    context.dashboard_page.wait_for_element(\n    ~~~~~~~~~~~~~~~~~~~~~~~~~~~~~~~~~~~~~~~^\n        (By.XPATH, f\"//td[contains(text(), '{date}')]\")\n        ^^^^^^^^^^^^^^^^^^^^^^^^^^^^^^^^^^^^^^^^^^^^^^^\n    )\n    ^\n  File \"C:\\Users\\Stephenie\\Documents\\Revature\\Team-C-Project_2\\employee\\tests\\end_to_end_test\\pages\\base_page.py\", line 20, in wait_for_element\n    return self.wait.until(EC.presence_of_element_located(locator))\n           ~~~~~~~~~~~~~~~^^^^^^^^^^^^^^^^^^^^^^^^^^^^^^^^^^^^^^^^^\n  File \"C:\\Users\\Stephenie\\Documents\\Revature\\Team-C-Project_2\\employee\\.venv\\Lib\\site-packages\\selenium\\webdriver\\support\\wait.py\", line 122, in until\n    raise TimeoutException(message, screen, stacktrace)\n"}, "steps": [{"name": "Given the application is running", "status": "passed", "steps": [{"name": "Verify application driver is available", "status": "passed", "start": 1768944139104, "stop": 1768944139104}], "start": 1768944139103, "stop": 1768944139104}, {"name": "And the test database is already seeded with users", "status": "passed", "steps": [{"name": "Verify test database connection is available", "status": "passed", "start": 1768944139104, "stop": 1768944139104}], "start": 1768944139104, "stop": 1768944139104}, {"name": "And the employee is logged in", "status": "passed", "steps": [{"name": "Ensure the employee is logged in (setup)", "status": "passed", "steps": [{"name": "Enter credentials for employee1", "status": "passed", "start": 1768944139973, "stop": 1768944140234}, {"name": "Click login and wait for dashboard table", "status": "passed", "start": 1768944140234, "stop": 1768944142660}], "start": 1768944139105, "stop": 1768944142663}], "start": 1768944139104, "stop": 1768944142663}, {"name": "Given the employee is on my expenses", "status": "passed", "start": 1768944142664, "stop": 1768944142745}, {"name": "And an expense with the description: \"Client lunch\" is shown", "status": "passed", "start": 1768944142745, "stop": 1768944142762}, {"name": "And the expense with description \"Client lunch\" is pending", "status": "passed", "start": 1768944142762, "stop": 1768944142784}, {"name": "When the employee clicks the edit button for the expense with description \"Client lunch\"", "status": "passed", "start": 1768944142784, "stop": 1768944142921}, {"name": "And the employee is redirected to the edit menu", "status": "passed", "start": 1768944142921, "stop": 1768944143469}, {"name": "And the employee inputs into the amount field: \"999\"", "status": "passed", "start": 1768944143469, "stop": 1768944143538}, {"name": "And the employee inputs into the description field: \"fix door\"", "status": "passed", "start": 1768944143538, "stop": 1768944143630}, {"name": "And the employee inputs into the date field: \"2025-10-10\"", "status": "passed", "start": 1768944143630, "stop": 1768944143703}, {"name": "And the employee clicks the update expense button", "status": "passed", "start": 1768944143703, "stop": 1768944143777}, {"name": "Then the employee sees the edit message: \"Expense updated successfully!\"", "status": "passed", "start": 1768944143777, "stop": 1768944144305}, {"name": "And the expense is updated with the given \"999\", \"fix door\", and \"2025-10-10\"", "status": "broken", "statusDetails": {"message": "selenium.common.exceptions.TimeoutException: Message: \nStacktrace:\nSymbols not available. Dumping unresolved backtrace:\n\t0x7ff7e6a25ab5\n\t0x7ff7e6a25b14\n\t0x7ff7e6d72844\n\t0x7ff7e67c6a9a\n\t0x7ff7e67c6d35\n\t0x7ff7e6804b07\n\t0x7ff7e67bd6b7\n\t0x7ff7e68028f7\n\t0x7ff7e67bcbcc\n\t0x7ff7e67bbe26\n\t0x7ff7e67bc9f3\n\t0x7ff7e6880214\n\t0x7ff7e687c685\n\t0x7ff7e688ce73\n\t0x7ff7e6a40de8\n\t0x7ff7e6a496b6\n\t0x7ff7e6a2d194\n\t0x7ff7e6a2d2d9\n\t0x7ff7e6a1b172\n\t0x7ffd03ade8d7\n\t0x7ffd04b4c53c\n\n", "trace": "  File \"C:\\Users\\Stephenie\\Documents\\Revature\\Team-C-Project_2\\employee\\.venv\\Lib\\site-packages\\behave\\model.py\", line 1991, in run\n    match.run(runner.context)\n    ~~~~~~~~~^^^^^^^^^^^^^^^^\n  File \"C:\\Users\\Stephenie\\Documents\\Revature\\Team-C-Project_2\\employee\\.venv\\Lib\\site-packages\\behave\\matchers.py\", line 105, in run\n    self.func(context, *args, **kwargs)\n    ~~~~~~~~~^^^^^^^^^^^^^^^^^^^^^^^^^^\n  File \"tests\\end_to_end_test\\features\\steps\\edit_expense_steps.py\", line 123, in expense_is_shown_updated\n    context.dashboard_page.wait_for_element(\n    ~~~~~~~~~~~~~~~~~~~~~~~~~~~~~~~~~~~~~~~^\n        (By.XPATH, f\"//td[contains(text(), '{date}')]\")\n        ^^^^^^^^^^^^^^^^^^^^^^^^^^^^^^^^^^^^^^^^^^^^^^^\n    )\n    ^\n  File \"C:\\Users\\Stephenie\\Documents\\Revature\\Team-C-Project_2\\employee\\tests\\end_to_end_test\\pages\\base_page.py\", line 20, in wait_for_element\n    return self.wait.until(EC.presence_of_element_located(locator))\n           ~~~~~~~~~~~~~~~^^^^^^^^^^^^^^^^^^^^^^^^^^^^^^^^^^^^^^^^^\n  File \"C:\\Users\\Stephenie\\Documents\\Revature\\Team-C-Project_2\\employee\\.venv\\Lib\\site-packages\\selenium\\webdriver\\support\\wait.py\", line 122, in until\n    raise TimeoutException(message, screen, stacktrace)\n"}, "start": 1768944144305, "stop": 1768944156079}], "parameters": [{"name": "amount", "value": "999"}, {"name": "description", "value": "fix door"}, {"name": "date", "value": "2025-10-10"}], "start": 1768944137955, "stop": 1768944158217, "uuid": "8518b130-223d-4c85-b92f-8e2acfa84903", "historyId": "13d26620c55dca715478ea2a70784057", "testCaseId": "ac604efc4d1026f2a0c90ef14924cfd6", "fullName": "Edit expense: Edit Expense, successful edit", "labels": [{"name": "severity", "value": "normal"}, {"name": "feature", "value": "Edit expense"}, {"name": "framework", "value": "behave"}, {"name": "language", "value": "cpython3"}], "titlePath": ["tests", "end_to_end_test", "features", "Edit expense"]}