{"name": "Edit Expense -- @1.4 ", "status": "failed", "statusDetails": {"message": "AssertionError: Edit message not found within the timeout period. Expected: 'Expense updated successfully!'\n", "trace": "  File \"C:\\Users\\Stephenie\\Documents\\Revature\\Team-C-Project_2\\employee\\.venv\\Lib\\site-packages\\behave\\model.py\", line 1991, in run\n    match.run(runner.context)\n    ~~~~~~~~~^^^^^^^^^^^^^^^^\n  File \"C:\\Users\\Stephenie\\Documents\\Revature\\Team-C-Project_2\\employee\\.venv\\Lib\\site-packages\\behave\\matchers.py\", line 105, in run\n    self.func(context, *args, **kwargs)\n    ~~~~~~~~~^^^^^^^^^^^^^^^^^^^^^^^^^^\n  File \"tests\\end_to_end_test\\features\\steps\\edit_expense_steps.py\", line 93, in edit_message_shown\n    raise AssertionError(f\"Edit message not found within the timeout period. Expected: '{message}'\")\n"}, "steps": [{"name": "Creating chrome driver (headless=True)", "status": "passed", "start": 1769103418423, "stop": 1769103419538}, {"name": "Given the application is running", "status": "passed", "steps": [{"name": "Verify application driver is available", "status": "passed", "start": 1769103419566, "stop": 1769103419566}], "start": 1769103419565, "stop": 1769103419566}, {"name": "And the test database is already seeded with users", "status": "passed", "steps": [{"name": "Verify test database connection is available", "status": "passed", "start": 1769103419566, "stop": 1769103419566}], "start": 1769103419566, "stop": 1769103419566}, {"name": "And the employee is logged in", "status": "passed", "steps": [{"name": "Ensure the employee is logged in (setup)", "status": "passed", "steps": [{"name": "Enter credentials for employee1", "status": "passed", "start": 1769103419880, "stop": 1769103419996}, {"name": "Click login and wait for dashboard table", "status": "passed", "start": 1769103419996, "stop": 1769103422728}], "start": 1769103419567, "stop": 1769103422730}], "start": 1769103419567, "stop": 1769103422730}, {"name": "Given the employee is on my expenses", "status": "passed", "start": 1769103422730, "stop": 1769103422781}, {"name": "And an expense with the description: \"Client lunch\" is shown", "status": "passed", "start": 1769103422782, "stop": 1769103422791}, {"name": "And the expense with description \"Client lunch\" is pending", "status": "passed", "start": 1769103422791, "stop": 1769103422805}, {"name": "When the employee clicks the edit button for the expense with description \"Client lunch\"", "status": "passed", "start": 1769103422805, "stop": 1769103422888}, {"name": "And the employee is redirected to the edit menu", "status": "passed", "start": 1769103422888, "stop": 1769103423415}, {"name": "And the employee inputs into the amount field: \"EMPTY\"", "status": "passed", "start": 1769103423416, "stop": 1769103423456}, {"name": "And the employee inputs into the description field: \"EMPTY\"", "status": "passed", "start": 1769103423457, "stop": 1769103423512}, {"name": "And the employee inputs into the date field: \"EMPTY\"", "status": "passed", "start": 1769103423513, "stop": 1769103423549}, {"name": "And the employee clicks the update button", "status": "passed", "start": 1769103423549, "stop": 1769103423602}, {"name": "Then the employee sees the edit message: \"Expense updated successfully!\"", "status": "failed", "statusDetails": {"message": "AssertionError: Edit message not found within the timeout period. Expected: 'Expense updated successfully!'\n", "trace": "  File \"C:\\Users\\Stephenie\\Documents\\Revature\\Team-C-Project_2\\employee\\.venv\\Lib\\site-packages\\behave\\model.py\", line 1991, in run\n    match.run(runner.context)\n    ~~~~~~~~~^^^^^^^^^^^^^^^^\n  File \"C:\\Users\\Stephenie\\Documents\\Revature\\Team-C-Project_2\\employee\\.venv\\Lib\\site-packages\\behave\\matchers.py\", line 105, in run\n    self.func(context, *args, **kwargs)\n    ~~~~~~~~~^^^^^^^^^^^^^^^^^^^^^^^^^^\n  File \"tests\\end_to_end_test\\features\\steps\\edit_expense_steps.py\", line 93, in edit_message_shown\n    raise AssertionError(f\"Edit message not found within the timeout period. Expected: '{message}'\")\n"}, "start": 1769103423602, "stop": 1769103433756}, {"name": "And the expense is shown with the amount: \"50\", description: \"Client lunch\", and the date: \"2025-01-05\"", "status": "skipped", "start": 1769103435908, "stop": 1769103435908}], "parameters": [{"name": "amount", "value": "EMPTY"}, {"name": "description", "value": "EMPTY"}, {"name": "date", "value": "EMPTY"}, {"name": "action", "value": "update"}, {"name": "message", "value": "Expense updated successfully!"}, {"name": "final_amount", "value": "50"}, {"name": "final_description", "value": "Client lunch"}, {"name": "final_date", "value": "2025-01-05"}], "start": 1769103418407, "stop": 1769103435908, "uuid": "06bf7926-2007-4abf-ba06-ae2d8b00d8e0", "historyId": "f9a29420dee45da2908fd2c8fe46b9bd", "testCaseId": "2197e04c6c495ae3a2a671629d219288", "fullName": "Edit expense: Edit Expense", "labels": [{"name": "severity", "value": "normal"}, {"name": "feature", "value": "Edit expense"}, {"name": "framework", "value": "behave"}, {"name": "language", "value": "cpython3"}], "titlePath": ["tests", "end_to_end_test", "features", "Edit expense"]}