{"name": "Submit expense validation (empty required fields) -- @1.2 Validation errors", "status": "failed", "statusDetails": {"message": "AssertionError: Description field is not selected or focused as expected\n", "trace": "  File \"C:\\Users\\Stephenie\\Documents\\Revature\\Team-C-Project_2\\employee\\.venv\\Lib\\site-packages\\behave\\model.py\", line 1991, in run\n    match.run(runner.context)\n    ~~~~~~~~~^^^^^^^^^^^^^^^^\n  File \"C:\\Users\\Stephenie\\Documents\\Revature\\Team-C-Project_2\\employee\\.venv\\Lib\\site-packages\\behave\\matchers.py\", line 105, in run\n    self.func(context, *args, **kwargs)\n    ~~~~~~~~~^^^^^^^^^^^^^^^^^^^^^^^^^^\n  File \"tests\\end_to_end_test\\features\\steps\\submit_expense_steps.py\", line 195, in step_focus_field_selected\n    return step_empty_field_prompts_for_description(context)\n  File \"tests\\end_to_end_test\\features\\steps\\submit_expense_steps.py\", line 157, in step_empty_field_prompts_for_description\n    assert is_focused, \"Description field is not selected or focused as expected\"\n           ^^^^^^^^^^\n"}, "steps": [{"name": "Given the application is running", "status": "passed", "steps": [{"name": "Verify application driver is available", "status": "passed", "start": 1769098156507, "stop": 1769098156507}], "start": 1769098156506, "stop": 1769098156507}, {"name": "And the test database is already seeded with users", "status": "passed", "steps": [{"name": "Verify test database connection is available", "status": "passed", "start": 1769098156508, "stop": 1769098156508}], "start": 1769098156507, "stop": 1769098156508}, {"name": "And the employee is logged in", "status": "passed", "steps": [{"name": "Ensure the employee is logged in (setup)", "status": "passed", "steps": [{"name": "Enter credentials for employee1", "status": "passed", "start": 1769098156854, "stop": 1769098156970}, {"name": "Click login and wait for dashboard table", "status": "passed", "start": 1769098156970, "stop": 1769098159553}], "start": 1769098156509, "stop": 1769098159555}], "start": 1769098156508, "stop": 1769098159555}, {"name": "Given the employee is at the submit expense menu", "status": "passed", "start": 1769098159556, "stop": 1769098159601}, {"name": "When the employee inputs a new amount: \"125\"", "status": "passed", "start": 1769098159601, "stop": 1769098159648}, {"name": "And the employee inputs a new description: \"EMPTY\"", "status": "passed", "start": 1769098159648, "stop": 1769098159688}, {"name": "And the employee clicks the submit expense button", "status": "passed", "start": 1769098159689, "stop": 1769098159731}, {"name": "Then the \"description\" field is selected", "status": "failed", "statusDetails": {"message": "AssertionError: Description field is not selected or focused as expected\n", "trace": "  File \"C:\\Users\\Stephenie\\Documents\\Revature\\Team-C-Project_2\\employee\\.venv\\Lib\\site-packages\\behave\\model.py\", line 1991, in run\n    match.run(runner.context)\n    ~~~~~~~~~^^^^^^^^^^^^^^^^\n  File \"C:\\Users\\Stephenie\\Documents\\Revature\\Team-C-Project_2\\employee\\.venv\\Lib\\site-packages\\behave\\matchers.py\", line 105, in run\n    self.func(context, *args, **kwargs)\n    ~~~~~~~~~^^^^^^^^^^^^^^^^^^^^^^^^^^\n  File \"tests\\end_to_end_test\\features\\steps\\submit_expense_steps.py\", line 195, in step_focus_field_selected\n    return step_empty_field_prompts_for_description(context)\n  File \"tests\\end_to_end_test\\features\\steps\\submit_expense_steps.py\", line 157, in step_empty_field_prompts_for_description\n    assert is_focused, \"Description field is not selected or focused as expected\"\n           ^^^^^^^^^^\n"}, "start": 1769098159731, "stop": 1769098159741}, {"name": "And the employee stays on the submit menu screen", "status": "skipped", "start": 1769098161849, "stop": 1769098161849}], "parameters": [{"name": "amount", "value": "125"}, {"name": "description", "value": "EMPTY"}, {"name": "focus_field", "value": "description"}], "start": 1769098155348, "stop": 1769098161849, "uuid": "852bfd59-ba19-49e3-a1fd-d67be73eaf67", "historyId": "a3dd13f49c4089a726e97cecfbcee9e6", "testCaseId": "c854194fd76fbcac21386e4767a55bed", "fullName": "Submit new expense: Submit expense validation (empty required fields)", "labels": [{"name": "severity", "value": "normal"}, {"name": "tag", "value": "validation"}, {"name": "feature", "value": "Submit new expense"}, {"name": "framework", "value": "behave"}, {"name": "language", "value": "cpython3"}], "titlePath": ["tests", "end_to_end_test", "features", "Submit new expense"]}