{"name": "Login attempts -- @1.4 ", "status": "failed", "statusDetails": {"message": "AssertionError: Expected auth message \"Invalid credentials\" not found. Current URL: http://localhost:5000/\n", "trace": "  File \"C:\\Users\\Stephenie\\Documents\\Revature\\Team-C-Project_2\\employee\\.venv\\Lib\\site-packages\\behave\\model.py\", line 1991, in run\n    match.run(runner.context)\n    ~~~~~~~~~^^^^^^^^^^^^^^^^\n  File \"C:\\Users\\Stephenie\\Documents\\Revature\\Team-C-Project_2\\employee\\.venv\\Lib\\site-packages\\behave\\matchers.py\", line 105, in run\n    self.func(context, *args, **kwargs)\n    ~~~~~~~~~^^^^^^^^^^^^^^^^^^^^^^^^^^\n  File \"tests\\end_to_end_test\\features\\steps\\auth_steps.py\", line 76, in step_impl\n    assert expected in page_text, (\n           ^^^^^^^^^^^^^^^^^^^^^\n"}, "steps": [{"name": "Given the application is running", "status": "passed", "start": 1768236171309, "stop": 1768236171310}, {"name": "Given the employee is on the login screen", "status": "passed", "start": 1768236171310, "stop": 1768236171627}, {"name": "When the employee enters username \"wronguser\"", "status": "passed", "start": 1768236171628, "stop": 1768236171741}, {"name": "And the employee enters password \"wrongpassword\"", "status": "passed", "start": 1768236171741, "stop": 1768236171799}, {"name": "And the employee clicks the login button", "status": "passed", "start": 1768236171799, "stop": 1768236171846}, {"name": "Then the employee is redirected to the \"login.html\"", "status": "passed", "start": 1768236171846, "stop": 1768236181922}, {"name": "And the employee sees the auth message: \"Invalid credentials\"", "status": "failed", "statusDetails": {"message": "AssertionError: Expected auth message \"Invalid credentials\" not found. Current URL: http://localhost:5000/\n", "trace": "  File \"C:\\Users\\Stephenie\\Documents\\Revature\\Team-C-Project_2\\employee\\.venv\\Lib\\site-packages\\behave\\model.py\", line 1991, in run\n    match.run(runner.context)\n    ~~~~~~~~~^^^^^^^^^^^^^^^^\n  File \"C:\\Users\\Stephenie\\Documents\\Revature\\Team-C-Project_2\\employee\\.venv\\Lib\\site-packages\\behave\\matchers.py\", line 105, in run\n    self.func(context, *args, **kwargs)\n    ~~~~~~~~~^^^^^^^^^^^^^^^^^^^^^^^^^^\n  File \"tests\\end_to_end_test\\features\\steps\\auth_steps.py\", line 76, in step_impl\n    assert expected in page_text, (\n           ^^^^^^^^^^^^^^^^^^^^^\n"}, "start": 1768236181923, "stop": 1768236192480}], "parameters": [{"name": "username", "value": "wronguser"}, {"name": "password", "value": "wrongpassword"}, {"name": "message", "value": "Invalid credentials"}, {"name": "path", "value": "login.html"}], "start": 1768236168607, "stop": 1768236194628, "uuid": "1c5b5f41-85d8-4c9e-840d-7a860d708068", "historyId": "d547e7b5a12a692bbc393fe07e3c677a", "testCaseId": "0fd2edf36784bbc3bb011c8a3413e887", "fullName": "Employee Authentication: Login attempts", "labels": [{"name": "severity", "value": "normal"}, {"name": "tag", "value": "auth"}, {"name": "tag", "value": "smoke"}, {"name": "tag", "value": "ui"}, {"name": "feature", "value": "Employee Authentication"}, {"name": "framework", "value": "behave"}, {"name": "language", "value": "cpython3"}], "titlePath": ["tests", "end_to_end_test", "features", "Employee Authentication"]}