{"name": "Login attempts -- @1.5 ", "status": "failed", "statusDetails": {"message": "AssertionError: Expected auth message \"Login failed\" not found. Current URL: http://localhost:5000/\n", "trace": "  File \"C:\\Users\\Stephenie\\Documents\\Revature\\Team-C-Project_2\\employee\\.venv\\Lib\\site-packages\\behave\\model.py\", line 1991, in run\n    match.run(runner.context)\n    ~~~~~~~~~^^^^^^^^^^^^^^^^\n  File \"C:\\Users\\Stephenie\\Documents\\Revature\\Team-C-Project_2\\employee\\.venv\\Lib\\site-packages\\behave\\matchers.py\", line 105, in run\n    self.func(context, *args, **kwargs)\n    ~~~~~~~~~^^^^^^^^^^^^^^^^^^^^^^^^^^\n  File \"tests\\end_to_end_test\\features\\steps\\auth_steps.py\", line 76, in step_impl\n    assert expected in page_text, (\n           ^^^^^^^^^^^^^^^^^^^^^\n"}, "steps": [{"name": "Given the application is running", "status": "passed", "start": 1768236197407, "stop": 1768236197407}, {"name": "Given the employee is on the login screen", "status": "passed", "start": 1768236197408, "stop": 1768236197658}, {"name": "When the employee enters username \"manager1\"", "status": "passed", "start": 1768236197659, "stop": 1768236197801}, {"name": "And the employee enters password \"password123\"", "status": "passed", "start": 1768236197802, "stop": 1768236197856}, {"name": "And the employee clicks the login button", "status": "passed", "start": 1768236197856, "stop": 1768236197912}, {"name": "Then the employee is redirected to the \"login.html\"", "status": "passed", "start": 1768236197912, "stop": 1768236207996}, {"name": "And the employee sees the auth message: \"Login failed\"", "status": "failed", "statusDetails": {"message": "AssertionError: Expected auth message \"Login failed\" not found. Current URL: http://localhost:5000/\n", "trace": "  File \"C:\\Users\\Stephenie\\Documents\\Revature\\Team-C-Project_2\\employee\\.venv\\Lib\\site-packages\\behave\\model.py\", line 1991, in run\n    match.run(runner.context)\n    ~~~~~~~~~^^^^^^^^^^^^^^^^\n  File \"C:\\Users\\Stephenie\\Documents\\Revature\\Team-C-Project_2\\employee\\.venv\\Lib\\site-packages\\behave\\matchers.py\", line 105, in run\n    self.func(context, *args, **kwargs)\n    ~~~~~~~~~^^^^^^^^^^^^^^^^^^^^^^^^^^\n  File \"tests\\end_to_end_test\\features\\steps\\auth_steps.py\", line 76, in step_impl\n    assert expected in page_text, (\n           ^^^^^^^^^^^^^^^^^^^^^\n"}, "start": 1768236207996, "stop": 1768236218575}], "parameters": [{"name": "username", "value": "manager1"}, {"name": "password", "value": "password123"}, {"name": "message", "value": "Login failed"}, {"name": "path", "value": "login.html"}], "start": 1768236194629, "stop": 1768236220711, "uuid": "388bc4c7-4486-4e2d-aa70-f7953757f9d0", "historyId": "11b1805a069eba22c4f7e8afda059ada", "testCaseId": "0fd2edf36784bbc3bb011c8a3413e887", "fullName": "Employee Authentication: Login attempts", "labels": [{"name": "severity", "value": "normal"}, {"name": "tag", "value": "auth"}, {"name": "tag", "value": "smoke"}, {"name": "tag", "value": "ui"}, {"name": "feature", "value": "Employee Authentication"}, {"name": "framework", "value": "behave"}, {"name": "language", "value": "cpython3"}], "titlePath": ["tests", "end_to_end_test", "features", "Employee Authentication"]}