{"name": "Edit Expense -- @1.4 ", "status": "failed", "statusDetails": {"message": "AssertionError: Expense not found: 50, Client lunch, 2025-01-05\n", "trace": "  File \"C:\\Users\\Stephenie\\Documents\\Revature\\Team-C-Project_2\\employee\\.venv\\Lib\\site-packages\\behave\\model.py\", line 1991, in run\n    match.run(runner.context)\n    ~~~~~~~~~^^^^^^^^^^^^^^^^\n  File \"C:\\Users\\Stephenie\\Documents\\Revature\\Team-C-Project_2\\employee\\.venv\\Lib\\site-packages\\behave\\matchers.py\", line 105, in run\n    self.func(context, *args, **kwargs)\n    ~~~~~~~~~^^^^^^^^^^^^^^^^^^^^^^^^^^\n  File \"tests\\end_to_end_test\\features\\steps\\submit_expense_steps.py\", line 110, in step_expense_is_shown\n    assert found, f\"Expense not found: {amount}, {description}, {edate}\"\n           ^^^^^\n"}, "steps": [{"name": "Creating chrome driver (headless=True)", "status": "passed", "start": 1769104442267, "stop": 1769104443364}, {"name": "Given the application is running", "status": "passed", "steps": [{"name": "Verify application driver is available", "status": "passed", "start": 1769104443390, "stop": 1769104443390}], "start": 1769104443389, "stop": 1769104443390}, {"name": "And the test database is already seeded with users", "status": "passed", "steps": [{"name": "Verify test database connection is available", "status": "passed", "start": 1769104443390, "stop": 1769104443390}], "start": 1769104443390, "stop": 1769104443390}, {"name": "And the employee is logged in", "status": "passed", "steps": [{"name": "Ensure the employee is logged in (setup)", "status": "passed", "steps": [{"name": "Enter credentials for employee1", "status": "passed", "start": 1769104443708, "stop": 1769104443849}, {"name": "Click login and wait for dashboard table", "status": "passed", "start": 1769104443849, "stop": 1769104446564}], "start": 1769104443390, "stop": 1769104446567}], "start": 1769104443390, "stop": 1769104446567}, {"name": "Given the employee is on my expenses", "status": "passed", "start": 1769104446567, "stop": 1769104446644}, {"name": "And an expense with the description: \"Client lunch\" is shown", "status": "passed", "start": 1769104446645, "stop": 1769104446656}, {"name": "And the expense with description \"Client lunch\" is pending", "status": "passed", "start": 1769104446656, "stop": 1769104446670}, {"name": "When the employee clicks the edit button for the expense with description \"Client lunch\"", "status": "passed", "start": 1769104446671, "stop": 1769104446794}, {"name": "And the employee is redirected to the edit menu", "status": "passed", "start": 1769104446794, "stop": 1769104447326}, {"name": "And the employee inputs into the amount field: \"EMPTY\"", "status": "passed", "start": 1769104447326, "stop": 1769104447367}, {"name": "And the employee inputs into the description field: \"EMPTY\"", "status": "passed", "start": 1769104447367, "stop": 1769104447406}, {"name": "And the employee inputs into the date field: \"EMPTY\"", "status": "passed", "start": 1769104447407, "stop": 1769104447447}, {"name": "And the employee clicks the update button", "status": "passed", "start": 1769104447447, "stop": 1769104447498}, {"name": "Then the employee sees the edit message: \"none\"", "status": "passed", "start": 1769104447498, "stop": 1769104447498}, {"name": "And the expense is shown with the amount: \"50\", description: \"Client lunch\", and the date: \"2025-01-05\"", "status": "failed", "statusDetails": {"message": "AssertionError: Expense not found: 50, Client lunch, 2025-01-05\n", "trace": "  File \"C:\\Users\\Stephenie\\Documents\\Revature\\Team-C-Project_2\\employee\\.venv\\Lib\\site-packages\\behave\\model.py\", line 1991, in run\n    match.run(runner.context)\n    ~~~~~~~~~^^^^^^^^^^^^^^^^\n  File \"C:\\Users\\Stephenie\\Documents\\Revature\\Team-C-Project_2\\employee\\.venv\\Lib\\site-packages\\behave\\matchers.py\", line 105, in run\n    self.func(context, *args, **kwargs)\n    ~~~~~~~~~^^^^^^^^^^^^^^^^^^^^^^^^^^\n  File \"tests\\end_to_end_test\\features\\steps\\submit_expense_steps.py\", line 110, in step_expense_is_shown\n    assert found, f\"Expense not found: {amount}, {description}, {edate}\"\n           ^^^^^\n"}, "start": 1769104447498, "stop": 1769104447618}], "parameters": [{"name": "amount", "value": "EMPTY"}, {"name": "description", "value": "EMPTY"}, {"name": "date", "value": "EMPTY"}, {"name": "action", "value": "update"}, {"name": "message", "value": "none"}, {"name": "final_amount", "value": "50"}, {"name": "final_description", "value": "Client lunch"}, {"name": "final_date", "value": "2025-01-05"}], "start": 1769104442254, "stop": 1769104449715, "uuid": "56f6be56-5636-4913-9705-cfe3bbfee008", "historyId": "df172d523bbfb0c54c7bdfb394ecdcf1", "testCaseId": "2197e04c6c495ae3a2a671629d219288", "fullName": "Edit expense: Edit Expense", "labels": [{"name": "severity", "value": "normal"}, {"name": "feature", "value": "Edit expense"}, {"name": "framework", "value": "behave"}, {"name": "language", "value": "cpython3"}], "titlePath": ["tests", "end_to_end_test", "features", "Edit expense"]}