{"name": "Fail to update a pending expense with a space description", "status": "failed", "statusDetails": {"message": "AssertionError: Date of the expense does not match\n", "trace": "  File \"C:\\Users\\Stephenie\\Documents\\Revature\\Team-C-Project_2\\employee\\.venv\\Lib\\site-packages\\behave\\model.py\", line 1991, in run\n    match.run(runner.context)\n    ~~~~~~~~~^^^^^^^^^^^^^^^^\n  File \"C:\\Users\\Stephenie\\Documents\\Revature\\Team-C-Project_2\\employee\\.venv\\Lib\\site-packages\\behave\\matchers.py\", line 105, in run\n    self.func(context, *args, **kwargs)\n    ~~~~~~~~~^^^^^^^^^^^^^^^^^^^^^^^^^^\n  File \"tests\\end_to_end_test\\features\\steps\\common_steps.py\", line 31, in step_have_pending_expense\n    assert data_cells[0].text == \"2025-12-29\", \"Date of the expense does not match\"  # date of the expense\n           ^^^^^^^^^^^^^^^^^^^^^^^^^^^^^^^^^^\n"}, "steps": [{"name": "Given I am on the employee expenses page", "status": "passed", "start": 1768236818647, "stop": 1768236818744}, {"name": "And I have a pending expense with description \"Pizza\" and amount \"$10.00\"", "status": "failed", "statusDetails": {"message": "AssertionError: Date of the expense does not match\n", "trace": "  File \"C:\\Users\\Stephenie\\Documents\\Revature\\Team-C-Project_2\\employee\\.venv\\Lib\\site-packages\\behave\\model.py\", line 1991, in run\n    match.run(runner.context)\n    ~~~~~~~~~^^^^^^^^^^^^^^^^\n  File \"C:\\Users\\Stephenie\\Documents\\Revature\\Team-C-Project_2\\employee\\.venv\\Lib\\site-packages\\behave\\matchers.py\", line 105, in run\n    self.func(context, *args, **kwargs)\n    ~~~~~~~~~^^^^^^^^^^^^^^^^^^^^^^^^^^\n  File \"tests\\end_to_end_test\\features\\steps\\common_steps.py\", line 31, in step_have_pending_expense\n    assert data_cells[0].text == \"2025-12-29\", \"Date of the expense does not match\"  # date of the expense\n           ^^^^^^^^^^^^^^^^^^^^^^^^^^^^^^^^^^\n"}, "start": 1768236818744, "stop": 1768236818764}, {"name": "When I click the edit button for the expense with description \"Pizza\" and status \"Pending\"", "status": "skipped", "start": 1768236828912, "stop": 1768236828912}, {"name": "Then I should see an edit expense header titled \"Edit Expense\"", "status": "skipped", "start": 1768236828912, "stop": 1768236828912}, {"name": "When I update the description to \"   \"", "status": "skipped", "start": 1768236828912, "stop": 1768236828912}, {"name": "And I click the update expense button", "status": "skipped", "start": 1768236828912, "stop": 1768236828912}, {"name": "Then I should see a message \"Description is required\"", "status": "skipped", "start": 1768236828912, "stop": 1768236828912}], "start": 1768236818646, "stop": 1768236828912, "uuid": "48ac3e55-4f5b-4645-b148-0c4176f7a6bc", "historyId": "a1fa93015b83d0a558b49f4cefb0de26", "testCaseId": "2928f1a2d8892bc019f4953614fc3e0e", "fullName": "Update Pending Expense: Fail to update a pending expense with a space description", "labels": [{"name": "severity", "value": "normal"}, {"name": "tag", "value": "cancel"}, {"name": "tag", "value": "negative"}, {"name": "feature", "value": "Update Pending Expense"}, {"name": "framework", "value": "behave"}, {"name": "language", "value": "cpython3"}], "titlePath": ["tests", "end_to_end_test", "features", "Update Pending Expense"]}