{"name": "Fail to update a pending expense with an empty date", "status": "failed", "statusDetails": {"message": "AssertionError: Date of the expense does not match\n", "trace": "  File \"C:\\Users\\Stephenie\\Documents\\Revature\\Team-C-Project_2\\employee\\.venv\\Lib\\site-packages\\behave\\model.py\", line 1991, in run\n    match.run(runner.context)\n    ~~~~~~~~~^^^^^^^^^^^^^^^^\n  File \"C:\\Users\\Stephenie\\Documents\\Revature\\Team-C-Project_2\\employee\\.venv\\Lib\\site-packages\\behave\\matchers.py\", line 105, in run\n    self.func(context, *args, **kwargs)\n    ~~~~~~~~~^^^^^^^^^^^^^^^^^^^^^^^^^^\n  File \"tests\\end_to_end_test\\features\\steps\\common_steps.py\", line 31, in step_have_pending_expense\n    assert data_cells[0].text == \"2025-12-29\", \"Date of the expense does not match\"  # date of the expense\n           ^^^^^^^^^^^^^^^^^^^^^^^^^^^^^^^^^^\n"}, "steps": [{"name": "Given I am on the employee expenses page", "status": "passed", "start": 1768236859602, "stop": 1768236859681}, {"name": "And I have a pending expense with description \"Pizza\" and amount \"$10.00\"", "status": "failed", "statusDetails": {"message": "AssertionError: Date of the expense does not match\n", "trace": "  File \"C:\\Users\\Stephenie\\Documents\\Revature\\Team-C-Project_2\\employee\\.venv\\Lib\\site-packages\\behave\\model.py\", line 1991, in run\n    match.run(runner.context)\n    ~~~~~~~~~^^^^^^^^^^^^^^^^\n  File \"C:\\Users\\Stephenie\\Documents\\Revature\\Team-C-Project_2\\employee\\.venv\\Lib\\site-packages\\behave\\matchers.py\", line 105, in run\n    self.func(context, *args, **kwargs)\n    ~~~~~~~~~^^^^^^^^^^^^^^^^^^^^^^^^^^\n  File \"tests\\end_to_end_test\\features\\steps\\common_steps.py\", line 31, in step_have_pending_expense\n    assert data_cells[0].text == \"2025-12-29\", \"Date of the expense does not match\"  # date of the expense\n           ^^^^^^^^^^^^^^^^^^^^^^^^^^^^^^^^^^\n"}, "start": 1768236859681, "stop": 1768236859698}, {"name": "When I click the edit button for the expense with description \"Pizza\" and status \"Pending\"", "status": "skipped", "start": 1768236869845, "stop": 1768236869845}, {"name": "Then I should see an edit expense header titled \"Edit Expense\"", "status": "skipped", "start": 1768236869845, "stop": 1768236869845}, {"name": "When I clear the \"date\" field", "status": "skipped", "start": 1768236869845, "stop": 1768236869845}, {"name": "And I click the update expense button", "status": "skipped", "start": 1768236869845, "stop": 1768236869845}, {"name": "Then I should see a date validation error message containing \"Please\"", "status": "skipped", "start": 1768236869845, "stop": 1768236869845}], "start": 1768236859601, "stop": 1768236869845, "uuid": "b96250ca-940f-4f67-86cd-3d23ac536964", "historyId": "a4ec6da412be3e4663493c41dee69baf", "testCaseId": "3dc953e496572dc9aacb43264e5de170", "fullName": "Update Pending Expense: Fail to update a pending expense with an empty date", "labels": [{"name": "severity", "value": "normal"}, {"name": "tag", "value": "cancel"}, {"name": "tag", "value": "negative"}, {"name": "feature", "value": "Update Pending Expense"}, {"name": "framework", "value": "behave"}, {"name": "language", "value": "cpython3"}], "titlePath": ["tests", "end_to_end_test", "features", "Update Pending Expense"]}