{"name": "Edit Expense -- @1.4 ", "status": "failed", "statusDetails": {"message": "AssertionError: Edit message not found within the timeout period. Expected: 'Please fill out all fields.'\n", "trace": "  File \"C:\\Users\\Stephenie\\Documents\\Revature\\Team-C-Project_2\\employee\\.venv\\Lib\\site-packages\\behave\\model.py\", line 1991, in run\n    match.run(runner.context)\n    ~~~~~~~~~^^^^^^^^^^^^^^^^\n  File \"C:\\Users\\Stephenie\\Documents\\Revature\\Team-C-Project_2\\employee\\.venv\\Lib\\site-packages\\behave\\matchers.py\", line 105, in run\n    self.func(context, *args, **kwargs)\n    ~~~~~~~~~^^^^^^^^^^^^^^^^^^^^^^^^^^\n  File \"tests\\end_to_end_test\\features\\steps\\edit_expense_steps.py\", line 91, in edit_message_shown\n    raise AssertionError(f\"Edit message not found within the timeout period. Expected: '{message}'\")\n"}, "steps": [{"name": "Creating chrome driver (headless=True)", "status": "passed", "start": 1769102941674, "stop": 1769102942776}, {"name": "Given the application is running", "status": "passed", "steps": [{"name": "Verify application driver is available", "status": "passed", "start": 1769102942804, "stop": 1769102942804}], "start": 1769102942803, "stop": 1769102942804}, {"name": "And the test database is already seeded with users", "status": "passed", "steps": [{"name": "Verify test database connection is available", "status": "passed", "start": 1769102942804, "stop": 1769102942804}], "start": 1769102942804, "stop": 1769102942804}, {"name": "And the employee is logged in", "status": "passed", "steps": [{"name": "Ensure the employee is logged in (setup)", "status": "passed", "steps": [{"name": "Enter credentials for employee1", "status": "passed", "start": 1769102943136, "stop": 1769102943241}, {"name": "Click login and wait for dashboard table", "status": "passed", "start": 1769102943241, "stop": 1769102945954}], "start": 1769102942805, "stop": 1769102945957}], "start": 1769102942804, "stop": 1769102945957}, {"name": "Given the employee is on my expenses", "status": "passed", "start": 1769102945957, "stop": 1769102946023}, {"name": "And an expense with the description: \"Client lunch\" is shown", "status": "passed", "start": 1769102946023, "stop": 1769102946033}, {"name": "And the expense with description \"Client lunch\" is pending", "status": "passed", "start": 1769102946033, "stop": 1769102946045}, {"name": "When the employee clicks the edit button for the expense with description \"Client lunch\"", "status": "passed", "start": 1769102946045, "stop": 1769102946131}, {"name": "And the employee is redirected to the edit menu", "status": "passed", "start": 1769102946132, "stop": 1769102946659}, {"name": "And the employee inputs into the amount field: \"EMPTY\"", "status": "passed", "start": 1769102946659, "stop": 1769102946694}, {"name": "And the employee inputs into the description field: \"EMPTY\"", "status": "passed", "start": 1769102946695, "stop": 1769102946732}, {"name": "And the employee inputs into the date field: \"EMPTY\"", "status": "passed", "start": 1769102946733, "stop": 1769102946788}, {"name": "And the employee clicks the update button", "status": "passed", "start": 1769102946788, "stop": 1769102946839}, {"name": "Then the employee sees the edit message: \"Please fill out all fields.\"", "status": "failed", "statusDetails": {"message": "AssertionError: Edit message not found within the timeout period. Expected: 'Please fill out all fields.'\n", "trace": "  File \"C:\\Users\\Stephenie\\Documents\\Revature\\Team-C-Project_2\\employee\\.venv\\Lib\\site-packages\\behave\\model.py\", line 1991, in run\n    match.run(runner.context)\n    ~~~~~~~~~^^^^^^^^^^^^^^^^\n  File \"C:\\Users\\Stephenie\\Documents\\Revature\\Team-C-Project_2\\employee\\.venv\\Lib\\site-packages\\behave\\matchers.py\", line 105, in run\n    self.func(context, *args, **kwargs)\n    ~~~~~~~~~^^^^^^^^^^^^^^^^^^^^^^^^^^\n  File \"tests\\end_to_end_test\\features\\steps\\edit_expense_steps.py\", line 91, in edit_message_shown\n    raise AssertionError(f\"Edit message not found within the timeout period. Expected: '{message}'\")\n"}, "start": 1769102946839, "stop": 1769102956993}, {"name": "And the expense is shown with the amount: \"50\", description: \"Client lunch\", and the date: \"2025-01-05\"", "status": "skipped", "start": 1769102959125, "stop": 1769102959125}], "parameters": [{"name": "amount", "value": "EMPTY"}, {"name": "description", "value": "EMPTY"}, {"name": "date", "value": "EMPTY"}, {"name": "action", "value": "update"}, {"name": "message", "value": "Please fill out all fields."}, {"name": "final_amount", "value": "50"}, {"name": "final_description", "value": "Client lunch"}, {"name": "final_date", "value": "2025-01-05"}], "start": 1769102941660, "stop": 1769102959125, "uuid": "6189c4df-8d7b-4e95-8ec2-c9107e322ecc", "historyId": "e1848dc60412227ba6bc93ca3a24ac8f", "testCaseId": "2197e04c6c495ae3a2a671629d219288", "fullName": "Edit expense: Edit Expense", "labels": [{"name": "severity", "value": "normal"}, {"name": "feature", "value": "Edit expense"}, {"name": "framework", "value": "behave"}, {"name": "language", "value": "cpython3"}], "titlePath": ["tests", "end_to_end_test", "features", "Edit expense"]}