{"name": "Login attempts -- @1.3 ", "status": "failed", "statusDetails": {"message": "AssertionError: Expected auth message \"Invalid credentials\" not found. Current URL: http://localhost:5000/\n", "trace": "  File \"C:\\Users\\Stephenie\\Documents\\Revature\\Team-C-Project_2\\employee\\.venv\\Lib\\site-packages\\behave\\model.py\", line 1991, in run\n    match.run(runner.context)\n    ~~~~~~~~~^^^^^^^^^^^^^^^^\n  File \"C:\\Users\\Stephenie\\Documents\\Revature\\Team-C-Project_2\\employee\\.venv\\Lib\\site-packages\\behave\\matchers.py\", line 105, in run\n    self.func(context, *args, **kwargs)\n    ~~~~~~~~~^^^^^^^^^^^^^^^^^^^^^^^^^^\n  File \"tests\\end_to_end_test\\features\\steps\\auth_steps.py\", line 76, in step_impl\n    assert expected in page_text, (\n           ^^^^^^^^^^^^^^^^^^^^^\n"}, "steps": [{"name": "Given the application is running", "status": "passed", "start": 1768236145341, "stop": 1768236145342}, {"name": "Given the employee is on the login screen", "status": "passed", "start": 1768236145342, "stop": 1768236145591}, {"name": "When the employee enters username \"employee1\"", "status": "passed", "start": 1768236145592, "stop": 1768236145739}, {"name": "And the employee enters password \"wrongpassword\"", "status": "passed", "start": 1768236145740, "stop": 1768236145783}, {"name": "And the employee clicks the login button", "status": "passed", "start": 1768236145784, "stop": 1768236145831}, {"name": "Then the employee is redirected to the \"login.html\"", "status": "passed", "start": 1768236145831, "stop": 1768236155907}, {"name": "And the employee sees the auth message: \"Invalid credentials\"", "status": "failed", "statusDetails": {"message": "AssertionError: Expected auth message \"Invalid credentials\" not found. Current URL: http://localhost:5000/\n", "trace": "  File \"C:\\Users\\Stephenie\\Documents\\Revature\\Team-C-Project_2\\employee\\.venv\\Lib\\site-packages\\behave\\model.py\", line 1991, in run\n    match.run(runner.context)\n    ~~~~~~~~~^^^^^^^^^^^^^^^^\n  File \"C:\\Users\\Stephenie\\Documents\\Revature\\Team-C-Project_2\\employee\\.venv\\Lib\\site-packages\\behave\\matchers.py\", line 105, in run\n    self.func(context, *args, **kwargs)\n    ~~~~~~~~~^^^^^^^^^^^^^^^^^^^^^^^^^^\n  File \"tests\\end_to_end_test\\features\\steps\\auth_steps.py\", line 76, in step_impl\n    assert expected in page_text, (\n           ^^^^^^^^^^^^^^^^^^^^^\n"}, "start": 1768236155908, "stop": 1768236166470}], "parameters": [{"name": "username", "value": "employee1"}, {"name": "password", "value": "wrongpassword"}, {"name": "message", "value": "Invalid credentials"}, {"name": "path", "value": "login.html"}], "start": 1768236142663, "stop": 1768236168607, "uuid": "514ae205-eace-41bc-b9f2-432e7f024ec3", "historyId": "335c350add126224bead00c1205bf7e3", "testCaseId": "0fd2edf36784bbc3bb011c8a3413e887", "fullName": "Employee Authentication: Login attempts", "labels": [{"name": "severity", "value": "normal"}, {"name": "tag", "value": "auth"}, {"name": "tag", "value": "smoke"}, {"name": "tag", "value": "ui"}, {"name": "feature", "value": "Employee Authentication"}, {"name": "framework", "value": "behave"}, {"name": "language", "value": "cpython3"}], "titlePath": ["tests", "end_to_end_test", "features", "Employee Authentication"]}