{"name": "Successful expense submit -- @1.2 Successful submissions", "status": "failed", "statusDetails": {"message": "AssertionError: Expense not found: 999, fix door, 2025-01-01\n", "trace": "  File \"C:\\Users\\Stephenie\\Documents\\Revature\\Team-C-Project_2\\employee\\.venv\\Lib\\site-packages\\behave\\model.py\", line 1991, in run\n    match.run(runner.context)\n    ~~~~~~~~~^^^^^^^^^^^^^^^^\n  File \"C:\\Users\\Stephenie\\Documents\\Revature\\Team-C-Project_2\\employee\\.venv\\Lib\\site-packages\\behave\\matchers.py\", line 105, in run\n    self.func(context, *args, **kwargs)\n    ~~~~~~~~~^^^^^^^^^^^^^^^^^^^^^^^^^^\n  File \"tests\\end_to_end_test\\features\\steps\\submit_expense_steps.py\", line 164, in step_expense_is_shown\n    assert found, f\"Expense not found: {amount}, {description}, {expected_iso}\"\n           ^^^^^\n"}, "steps": [{"name": "Given the application is running", "status": "passed", "steps": [{"name": "Verify application driver is available", "status": "passed", "start": 1769025248527, "stop": 1769025248527}], "start": 1769025248526, "stop": 1769025248527}, {"name": "And the test database is already seeded with users", "status": "passed", "steps": [{"name": "Verify test database connection is available", "status": "passed", "start": 1769025248527, "stop": 1769025248527}], "start": 1769025248527, "stop": 1769025248527}, {"name": "And the employee is logged in", "status": "passed", "steps": [{"name": "Ensure the employee is logged in (setup)", "status": "passed", "steps": [{"name": "Enter credentials for employee1", "status": "passed", "start": 1769025248859, "stop": 1769025248974}, {"name": "Click login and wait for dashboard table", "status": "passed", "start": 1769025248974, "stop": 1769025251562}], "start": 1769025248528, "stop": 1769025251565}], "start": 1769025248528, "stop": 1769025251565}, {"name": "Given the employee is at the submit expense menu", "status": "passed", "start": 1769025251565, "stop": 1769025251615}, {"name": "When the employee inputs a new amount: \"999\"", "status": "passed", "start": 1769025251616, "stop": 1769025251658}, {"name": "And the employee inputs a new description: \"fix door\"", "status": "passed", "start": 1769025251659, "stop": 1769025251729}, {"name": "And the employee inputs a new date: \"2025-01-01\"", "status": "passed", "start": 1769025251729, "stop": 1769025251774}, {"name": "And the employee clicks the submit expense button", "status": "passed", "start": 1769025251774, "stop": 1769025251820}, {"name": "Then the employee sees the message: \"Expense submitted successfully!\"", "status": "passed", "start": 1769025251820, "stop": 1769025252342}, {"name": "And the employee navigates to the expenses screen", "status": "passed", "start": 1769025252342, "stop": 1769025252391}, {"name": "And the expense is shown with the amount: \"999\", description: \"fix door\", and the date: \"2025-01-01\"", "status": "failed", "statusDetails": {"message": "AssertionError: Expense not found: 999, fix door, 2025-01-01\n", "trace": "  File \"C:\\Users\\Stephenie\\Documents\\Revature\\Team-C-Project_2\\employee\\.venv\\Lib\\site-packages\\behave\\model.py\", line 1991, in run\n    match.run(runner.context)\n    ~~~~~~~~~^^^^^^^^^^^^^^^^\n  File \"C:\\Users\\Stephenie\\Documents\\Revature\\Team-C-Project_2\\employee\\.venv\\Lib\\site-packages\\behave\\matchers.py\", line 105, in run\n    self.func(context, *args, **kwargs)\n    ~~~~~~~~~^^^^^^^^^^^^^^^^^^^^^^^^^^\n  File \"tests\\end_to_end_test\\features\\steps\\submit_expense_steps.py\", line 164, in step_expense_is_shown\n    assert found, f\"Expense not found: {amount}, {description}, {expected_iso}\"\n           ^^^^^\n"}, "start": 1769025252391, "stop": 1769025253062}], "parameters": [{"name": "amount", "value": "999"}, {"name": "description", "value": "fix door"}, {"name": "date", "value": "2025-01-01"}, {"name": "expected_date", "value": "2025-01-01"}], "start": 1769025247390, "stop": 1769025255294, "uuid": "07fb1859-1a1e-4eba-9c35-238e1600dd77", "historyId": "b9f3982f05bd74bd936ad88f3be34ac8", "testCaseId": "aebfaa0295a523a3df29fbb39331b311", "fullName": "Submit new expense: Successful expense submit", "labels": [{"name": "severity", "value": "normal"}, {"name": "tag", "value": "e2e"}, {"name": "tag", "value": "expense"}, {"name": "tag", "value": "happy"}, {"name": "tag", "value": "smoke"}, {"name": "tag", "value": "submit"}, {"name": "feature", "value": "Submit new expense"}, {"name": "framework", "value": "behave"}, {"name": "language", "value": "cpython3"}], "titlePath": ["tests", "end_to_end_test", "features", "Submit new expense"]}