{"name": "Edit Expense -- @1.3 ", "status": "broken", "statusDetails": {"message": "selenium.common.exceptions.TimeoutException: Message: \nStacktrace:\nSymbols not available. Dumping unresolved backtrace:\n\t0x7ff6e18788d5\n\t0x7ff6e1878930\n\t0x7ff6e165165d\n\t0x7ff6e16a9a33\n\t0x7ff6e16a9d3c\n\t0x7ff6e16fdf67\n\t0x7ff6e16fac97\n\t0x7ff6e169ac29\n\t0x7ff6e169ba93\n\t0x7ff6e1b90620\n\t0x7ff6e1b8af60\n\t0x7ff6e1ba96c6\n\t0x7ff6e1895dd4\n\t0x7ff6e189ed7c\n\t0x7ff6e1881ff4\n\t0x7ff6e18821a5\n\t0x7ff6e1867ed2\n\t0x7ffd03ade8d7\n\t0x7ffd04b4c53c\n\n", "trace": "  File \"C:\\Users\\Stephenie\\Documents\\Revature\\Team-C-Project_2\\employee\\.venv\\Lib\\site-packages\\behave\\model.py\", line 1991, in run\n    match.run(runner.context)\n    ~~~~~~~~~^^^^^^^^^^^^^^^^\n  File \"C:\\Users\\Stephenie\\Documents\\Revature\\Team-C-Project_2\\employee\\.venv\\Lib\\site-packages\\behave\\matchers.py\", line 105, in run\n    self.func(context, *args, **kwargs)\n    ~~~~~~~~~^^^^^^^^^^^^^^^^^^^^^^^^^^\n  File \"tests\\end_to_end_test\\features\\steps\\edit_expense_steps.py\", line 73, in step_impl\n    edit_message = context.dashboard_page.get_text(edit_message_locator)\n  File \"C:\\Users\\Stephenie\\Documents\\Revature\\Team-C-Project_2\\employee\\tests\\end_to_end_test\\pages\\base_page.py\", line 34, in get_text\n    return self.wait_for_element(locator).text\n           ~~~~~~~~~~~~~~~~~~~~~^^^^^^^^^\n  File \"C:\\Users\\Stephenie\\Documents\\Revature\\Team-C-Project_2\\employee\\tests\\end_to_end_test\\pages\\base_page.py\", line 20, in wait_for_element\n    return self.wait.until(EC.presence_of_element_located(locator))\n           ~~~~~~~~~~~~~~~^^^^^^^^^^^^^^^^^^^^^^^^^^^^^^^^^^^^^^^^^\n  File \"C:\\Users\\Stephenie\\Documents\\Revature\\Team-C-Project_2\\employee\\.venv\\Lib\\site-packages\\selenium\\webdriver\\support\\wait.py\", line 122, in until\n    raise TimeoutException(message, screen, stacktrace)\n"}, "steps": [{"name": "Creating chrome driver (headless=True)", "status": "passed", "start": 1769101792753, "stop": 1769101793866}, {"name": "Given the application is running", "status": "passed", "steps": [{"name": "Verify application driver is available", "status": "passed", "start": 1769101793892, "stop": 1769101793892}], "start": 1769101793891, "stop": 1769101793892}, {"name": "And the test database is already seeded with users", "status": "passed", "steps": [{"name": "Verify test database connection is available", "status": "passed", "start": 1769101793892, "stop": 1769101793892}], "start": 1769101793892, "stop": 1769101793892}, {"name": "And the employee is logged in", "status": "passed", "steps": [{"name": "Ensure the employee is logged in (setup)", "status": "passed", "steps": [{"name": "Enter credentials for employee1", "status": "passed", "start": 1769101794231, "stop": 1769101794360}, {"name": "Click login and wait for dashboard table", "status": "passed", "start": 1769101794360, "stop": 1769101797103}], "start": 1769101793893, "stop": 1769101797110}], "start": 1769101793893, "stop": 1769101797110}, {"name": "Given the employee is on my expenses", "status": "passed", "start": 1769101797111, "stop": 1769101797217}, {"name": "And an expense with the description: \"Client lunch\" is shown", "status": "passed", "start": 1769101797217, "stop": 1769101797238}, {"name": "And the expense with description \"Client lunch\" is pending", "status": "passed", "start": 1769101797238, "stop": 1769101797264}, {"name": "When the employee clicks the edit button for the expense with description \"Client lunch\"", "status": "passed", "start": 1769101797264, "stop": 1769101797383}, {"name": "And the employee is redirected to the edit menu", "status": "passed", "start": 1769101797384, "stop": 1769101797950}, {"name": "And the employee inputs into the amount field: \"999999\"", "status": "passed", "start": 1769101797951, "stop": 1769101798054}, {"name": "And the employee inputs into the description field: \"wont be updated\"", "status": "passed", "start": 1769101798055, "stop": 1769101798161}, {"name": "And the employee inputs into the date field: \"2025-12-30\"", "status": "passed", "start": 1769101798161, "stop": 1769101798291}, {"name": "And the employee clicks the action cancel button", "status": "passed", "start": 1769101798291, "stop": 1769101798407}, {"name": "Then the employee sees the edit message: \"none\"", "status": "broken", "statusDetails": {"message": "selenium.common.exceptions.TimeoutException: Message: \nStacktrace:\nSymbols not available. Dumping unresolved backtrace:\n\t0x7ff6e18788d5\n\t0x7ff6e1878930\n\t0x7ff6e165165d\n\t0x7ff6e16a9a33\n\t0x7ff6e16a9d3c\n\t0x7ff6e16fdf67\n\t0x7ff6e16fac97\n\t0x7ff6e169ac29\n\t0x7ff6e169ba93\n\t0x7ff6e1b90620\n\t0x7ff6e1b8af60\n\t0x7ff6e1ba96c6\n\t0x7ff6e1895dd4\n\t0x7ff6e189ed7c\n\t0x7ff6e1881ff4\n\t0x7ff6e18821a5\n\t0x7ff6e1867ed2\n\t0x7ffd03ade8d7\n\t0x7ffd04b4c53c\n\n", "trace": "  File \"C:\\Users\\Stephenie\\Documents\\Revature\\Team-C-Project_2\\employee\\.venv\\Lib\\site-packages\\behave\\model.py\", line 1991, in run\n    match.run(runner.context)\n    ~~~~~~~~~^^^^^^^^^^^^^^^^\n  File \"C:\\Users\\Stephenie\\Documents\\Revature\\Team-C-Project_2\\employee\\.venv\\Lib\\site-packages\\behave\\matchers.py\", line 105, in run\n    self.func(context, *args, **kwargs)\n    ~~~~~~~~~^^^^^^^^^^^^^^^^^^^^^^^^^^\n  File \"tests\\end_to_end_test\\features\\steps\\edit_expense_steps.py\", line 73, in step_impl\n    edit_message = context.dashboard_page.get_text(edit_message_locator)\n  File \"C:\\Users\\Stephenie\\Documents\\Revature\\Team-C-Project_2\\employee\\tests\\end_to_end_test\\pages\\base_page.py\", line 34, in get_text\n    return self.wait_for_element(locator).text\n           ~~~~~~~~~~~~~~~~~~~~~^^^^^^^^^\n  File \"C:\\Users\\Stephenie\\Documents\\Revature\\Team-C-Project_2\\employee\\tests\\end_to_end_test\\pages\\base_page.py\", line 20, in wait_for_element\n    return self.wait.until(EC.presence_of_element_located(locator))\n           ~~~~~~~~~~~~~~~^^^^^^^^^^^^^^^^^^^^^^^^^^^^^^^^^^^^^^^^^\n  File \"C:\\Users\\Stephenie\\Documents\\Revature\\Team-C-Project_2\\employee\\.venv\\Lib\\site-packages\\selenium\\webdriver\\support\\wait.py\", line 122, in until\n    raise TimeoutException(message, screen, stacktrace)\n"}, "start": 1769101798408, "stop": 1769101808665}, {"name": "And the new expense is shown with the amount: \"50\", description: \"Client lunch\", and the date: \"2025-01-05\"", "status": "skipped", "start": 1769101810818, "stop": 1769101810818}], "parameters": [{"name": "original_description", "value": "Client lunch"}, {"name": "amount", "value": "999999"}, {"name": "description", "value": "wont be updated"}, {"name": "date", "value": "2025-12-30"}, {"name": "action", "value": "cancel"}, {"name": "message", "value": "none"}, {"name": "final_amount", "value": "50"}, {"name": "final_description", "value": "Client lunch"}, {"name": "final_date", "value": "2025-01-05"}], "start": 1769101792739, "stop": 1769101810818, "uuid": "9b8a2745-4029-4334-8223-105550de3da1", "historyId": "35dcf5988c438c4b465c3d9c347f9675", "testCaseId": "2197e04c6c495ae3a2a671629d219288", "fullName": "Edit expense: Edit Expense", "labels": [{"name": "severity", "value": "normal"}, {"name": "feature", "value": "Edit expense"}, {"name": "framework", "value": "behave"}, {"name": "language", "value": "cpython3"}], "titlePath": ["tests", "end_to_end_test", "features", "Edit expense"]}