{"name": "Submit expense validation (empty required fields) -- @1.1 Validation errors", "status": "failed", "statusDetails": {"message": "AssertionError: Unknown field '\"amount\"' in step_field_selected\n", "trace": "  File \"C:\\Users\\Stephenie\\Documents\\Revature\\Team-C-Project_2\\employee\\.venv\\Lib\\site-packages\\behave\\model.py\", line 1991, in run\n    match.run(runner.context)\n    ~~~~~~~~~^^^^^^^^^^^^^^^^\n  File \"C:\\Users\\Stephenie\\Documents\\Revature\\Team-C-Project_2\\employee\\.venv\\Lib\\site-packages\\behave\\matchers.py\", line 105, in run\n    self.func(context, *args, **kwargs)\n    ~~~~~~~~~^^^^^^^^^^^^^^^^^^^^^^^^^^\n  File \"tests\\end_to_end_test\\features\\steps\\submit_expense_steps.py\", line 123, in step_field_selected\n    raise AssertionError(f\"Unknown field '{field}' in step_field_selected\")\n"}, "steps": [{"name": "Given the application is running", "status": "passed", "steps": [{"name": "Verify application driver is available", "status": "passed", "start": 1769096201682, "stop": 1769096201682}], "start": 1769096201682, "stop": 1769096201682}, {"name": "And the test database is already seeded with users", "status": "passed", "steps": [{"name": "Verify test database connection is available", "status": "passed", "start": 1769096201683, "stop": 1769096201683}], "start": 1769096201682, "stop": 1769096201683}, {"name": "And the employee is logged in", "status": "passed", "steps": [{"name": "Ensure the employee is logged in (setup)", "status": "passed", "steps": [{"name": "Enter credentials for employee1", "status": "passed", "start": 1769096202017, "stop": 1769096202134}, {"name": "Click login and wait for dashboard table", "status": "passed", "start": 1769096202134, "stop": 1769096204744}], "start": 1769096201683, "stop": 1769096204747}], "start": 1769096201683, "stop": 1769096204747}, {"name": "Given the employee is at the submit expense menu", "status": "passed", "start": 1769096204747, "stop": 1769096204812}, {"name": "When the employee inputs a new amount: \"EMPTY\"", "status": "passed", "start": 1769096204813, "stop": 1769096204858}, {"name": "And the employee inputs a new description: \"example\"", "status": "passed", "start": 1769096204858, "stop": 1769096204904}, {"name": "And the employee clicks the submit expense button", "status": "passed", "start": 1769096204904, "stop": 1769096204957}, {"name": "Then the \"amount\" field is selected", "status": "failed", "statusDetails": {"message": "AssertionError: Unknown field '\"amount\"' in step_field_selected\n", "trace": "  File \"C:\\Users\\Stephenie\\Documents\\Revature\\Team-C-Project_2\\employee\\.venv\\Lib\\site-packages\\behave\\model.py\", line 1991, in run\n    match.run(runner.context)\n    ~~~~~~~~~^^^^^^^^^^^^^^^^\n  File \"C:\\Users\\Stephenie\\Documents\\Revature\\Team-C-Project_2\\employee\\.venv\\Lib\\site-packages\\behave\\matchers.py\", line 105, in run\n    self.func(context, *args, **kwargs)\n    ~~~~~~~~~^^^^^^^^^^^^^^^^^^^^^^^^^^\n  File \"tests\\end_to_end_test\\features\\steps\\submit_expense_steps.py\", line 123, in step_field_selected\n    raise AssertionError(f\"Unknown field '{field}' in step_field_selected\")\n"}, "start": 1769096204957, "stop": 1769096204959}, {"name": "And the employee stays on the submit menu screen", "status": "skipped", "start": 1769096207078, "stop": 1769096207078}], "parameters": [{"name": "amount", "value": "EMPTY"}, {"name": "description", "value": "example"}, {"name": "focus_field", "value": "amount"}], "start": 1769096200559, "stop": 1769096207078, "uuid": "a49c2a36-c990-4a74-9d7a-61d69b3e65e3", "historyId": "ce7768ecf74efcf9f91d72b01171bc85", "testCaseId": "c854194fd76fbcac21386e4767a55bed", "fullName": "Submit new expense: Submit expense validation (empty required fields)", "labels": [{"name": "severity", "value": "normal"}, {"name": "tag", "value": "validation"}, {"name": "feature", "value": "Submit new expense"}, {"name": "framework", "value": "behave"}, {"name": "language", "value": "cpython3"}], "titlePath": ["tests", "end_to_end_test", "features", "Submit new expense"]}