{"name": "Login attempts -- @1.1 ", "status": "broken", "statusDetails": {"message": "selenium.common.exceptions.TimeoutException: Message: \nStacktrace:\nSymbols not available. Dumping unresolved backtrace:\n\t0x7ff6c2b488d5\n\t0x7ff6c2b48930\n\t0x7ff6c292165d\n\t0x7ff6c2979a33\n\t0x7ff6c2979d3c\n\t0x7ff6c29cdf67\n\t0x7ff6c29cac97\n\t0x7ff6c296ac29\n\t0x7ff6c296ba93\n\t0x7ff6c2e60620\n\t0x7ff6c2e5af60\n\t0x7ff6c2e796c6\n\t0x7ff6c2b65dd4\n\t0x7ff6c2b6ed7c\n\t0x7ff6c2b51ff4\n\t0x7ff6c2b521a5\n\t0x7ff6c2b37ed2\n\t0x7ffc411de8d7\n\t0x7ffc42a6c53c\n\n", "trace": "  File \"C:\\Users\\Stephenie\\Documents\\Revature\\Team-C-Project_2\\employee\\.venv\\Lib\\site-packages\\behave\\model.py\", line 1991, in run\n    match.run(runner.context)\n    ~~~~~~~~~^^^^^^^^^^^^^^^^\n  File \"C:\\Users\\Stephenie\\Documents\\Revature\\Team-C-Project_2\\employee\\.venv\\Lib\\site-packages\\behave\\matchers.py\", line 105, in run\n    self.func(context, *args, **kwargs)\n    ~~~~~~~~~^^^^^^^^^^^^^^^^^^^^^^^^^^\n  File \"tests\\end_to_end_test\\features\\steps\\auth_steps.py\", line 49, in step_impl\n    message = context.login_page.wait_for_element(\n              ~~~~~~~~~~~~~~~~~~~~~~~~~~~~~~~~~~~^\n        context.login_page.LOGIN_MESSAGE\n        ^^^^^^^^^^^^^^^^^^^^^^^^^^^^^^^^\n    ).text\n    ^\n  File \"C:\\Users\\Stephenie\\Documents\\Revature\\Team-C-Project_2\\employee\\tests\\end_to_end_test\\pages\\base_page.py\", line 17, in wait_for_element\n    return self.wait.until(EC.presence_of_element_located(locator))\n           ~~~~~~~~~~~~~~~^^^^^^^^^^^^^^^^^^^^^^^^^^^^^^^^^^^^^^^^^\n  File \"C:\\Users\\Stephenie\\Documents\\Revature\\Team-C-Project_2\\employee\\.venv\\Lib\\site-packages\\selenium\\webdriver\\support\\wait.py\", line 122, in until\n    raise TimeoutException(message, screen, stacktrace)\n"}, "steps": [{"name": "Given the application is running", "status": "passed", "start": 1768235231107, "stop": 1768235231108}, {"name": "Given the employee is on the login screen", "status": "passed", "start": 1768235231108, "stop": 1768235231424}, {"name": "When the employee enters username \"employee1\"", "status": "passed", "start": 1768235231425, "stop": 1768235231486}, {"name": "And the employee enters password \"password123\"", "status": "passed", "start": 1768235231487, "stop": 1768235231564}, {"name": "And the employee clicks the login button", "status": "passed", "start": 1768235231565, "stop": 1768235231656}, {"name": "Then the employee is redirected to the \"employee.html\"", "status": "passed", "start": 1768235231657, "stop": 1768235233281}, {"name": "And the employee sees the auth message: \"Login successful\"", "status": "broken", "statusDetails": {"message": "selenium.common.exceptions.TimeoutException: Message: \nStacktrace:\nSymbols not available. Dumping unresolved backtrace:\n\t0x7ff6c2b488d5\n\t0x7ff6c2b48930\n\t0x7ff6c292165d\n\t0x7ff6c2979a33\n\t0x7ff6c2979d3c\n\t0x7ff6c29cdf67\n\t0x7ff6c29cac97\n\t0x7ff6c296ac29\n\t0x7ff6c296ba93\n\t0x7ff6c2e60620\n\t0x7ff6c2e5af60\n\t0x7ff6c2e796c6\n\t0x7ff6c2b65dd4\n\t0x7ff6c2b6ed7c\n\t0x7ff6c2b51ff4\n\t0x7ff6c2b521a5\n\t0x7ff6c2b37ed2\n\t0x7ffc411de8d7\n\t0x7ffc42a6c53c\n\n", "trace": "  File \"C:\\Users\\Stephenie\\Documents\\Revature\\Team-C-Project_2\\employee\\.venv\\Lib\\site-packages\\behave\\model.py\", line 1991, in run\n    match.run(runner.context)\n    ~~~~~~~~~^^^^^^^^^^^^^^^^\n  File \"C:\\Users\\Stephenie\\Documents\\Revature\\Team-C-Project_2\\employee\\.venv\\Lib\\site-packages\\behave\\matchers.py\", line 105, in run\n    self.func(context, *args, **kwargs)\n    ~~~~~~~~~^^^^^^^^^^^^^^^^^^^^^^^^^^\n  File \"tests\\end_to_end_test\\features\\steps\\auth_steps.py\", line 49, in step_impl\n    message = context.login_page.wait_for_element(\n              ~~~~~~~~~~~~~~~~~~~~~~~~~~~~~~~~~~~^\n        context.login_page.LOGIN_MESSAGE\n        ^^^^^^^^^^^^^^^^^^^^^^^^^^^^^^^^\n    ).text\n    ^\n  File \"C:\\Users\\Stephenie\\Documents\\Revature\\Team-C-Project_2\\employee\\tests\\end_to_end_test\\pages\\base_page.py\", line 17, in wait_for_element\n    return self.wait.until(EC.presence_of_element_located(locator))\n           ~~~~~~~~~~~~~~~^^^^^^^^^^^^^^^^^^^^^^^^^^^^^^^^^^^^^^^^^\n  File \"C:\\Users\\Stephenie\\Documents\\Revature\\Team-C-Project_2\\employee\\.venv\\Lib\\site-packages\\selenium\\webdriver\\support\\wait.py\", line 122, in until\n    raise TimeoutException(message, screen, stacktrace)\n"}, "start": 1768235233282, "stop": 1768235243302}], "parameters": [{"name": "username", "value": "employee1"}, {"name": "password", "value": "password123"}, {"name": "message", "value": "Login successful"}, {"name": "path", "value": "employee.html"}], "start": 1768235231107, "stop": 1768235243304, "uuid": "2647b708-ac7f-4b17-b750-74d221fd588b", "historyId": "5ea95805551ecd6b2010a2d8d1a45f4f", "testCaseId": "0fd2edf36784bbc3bb011c8a3413e887", "fullName": "Employee Authentication: Login attempts", "labels": [{"name": "severity", "value": "normal"}, {"name": "tag", "value": "auth"}, {"name": "tag", "value": "smoke"}, {"name": "tag", "value": "ui"}, {"name": "feature", "value": "Employee Authentication"}, {"name": "framework", "value": "behave"}, {"name": "language", "value": "cpython3"}], "titlePath": ["tests", "end_to_end_test", "features", "Employee Authentication"]}