{"name": "Submit expense with empty required field -- @1.2 ", "status": "failed", "statusDetails": {"message": "AssertionError: Description field is not selected or focused as expected\n", "trace": "  File \"C:\\Users\\Stephenie\\Documents\\Revature\\Team-C-Project_2\\employee\\.venv\\Lib\\site-packages\\behave\\model.py\", line 1991, in run\n    match.run(runner.context)\n    ~~~~~~~~~^^^^^^^^^^^^^^^^\n  File \"C:\\Users\\Stephenie\\Documents\\Revature\\Team-C-Project_2\\employee\\.venv\\Lib\\site-packages\\behave\\matchers.py\", line 105, in run\n    self.func(context, *args, **kwargs)\n    ~~~~~~~~~^^^^^^^^^^^^^^^^^^^^^^^^^^\n  File \"tests\\end_to_end_test\\features\\steps\\submit_expense_steps.py\", line 122, in step_field_selected\n    assert is_focused, f\"{field.capitalize()} field is not selected or focused as expected\"\n           ^^^^^^^^^^\n"}, "steps": [{"name": "Given the application is running", "status": "passed", "steps": [{"name": "Verify application driver is available", "status": "passed", "start": 1769094718868, "stop": 1769094718868}], "start": 1769094718867, "stop": 1769094718868}, {"name": "And the test database is already seeded with users", "status": "passed", "steps": [{"name": "Verify test database connection is available", "status": "passed", "start": 1769094718868, "stop": 1769094718868}], "start": 1769094718868, "stop": 1769094718868}, {"name": "And the employee is logged in", "status": "passed", "steps": [{"name": "Ensure the employee is logged in (setup)", "status": "passed", "steps": [{"name": "Enter credentials for employee1", "status": "passed", "start": 1769094719205, "stop": 1769094719316}, {"name": "Click login and wait for dashboard table", "status": "passed", "start": 1769094719316, "stop": 1769094722082}], "start": 1769094718868, "stop": 1769094722084}], "start": 1769094718868, "stop": 1769094722085}, {"name": "Given the employee is at the submit expense menu", "status": "passed", "start": 1769094722085, "stop": 1769094722129}, {"name": "When the description field is empty", "status": "passed", "start": 1769094722129, "stop": 1769094722140}, {"name": "And the employee clicks the submit expense button", "status": "passed", "start": 1769094722141, "stop": 1769094722195}, {"name": "Then the description field is selected", "status": "failed", "statusDetails": {"message": "AssertionError: Description field is not selected or focused as expected\n", "trace": "  File \"C:\\Users\\Stephenie\\Documents\\Revature\\Team-C-Project_2\\employee\\.venv\\Lib\\site-packages\\behave\\model.py\", line 1991, in run\n    match.run(runner.context)\n    ~~~~~~~~~^^^^^^^^^^^^^^^^\n  File \"C:\\Users\\Stephenie\\Documents\\Revature\\Team-C-Project_2\\employee\\.venv\\Lib\\site-packages\\behave\\matchers.py\", line 105, in run\n    self.func(context, *args, **kwargs)\n    ~~~~~~~~~^^^^^^^^^^^^^^^^^^^^^^^^^^\n  File \"tests\\end_to_end_test\\features\\steps\\submit_expense_steps.py\", line 122, in step_field_selected\n    assert is_focused, f\"{field.capitalize()} field is not selected or focused as expected\"\n           ^^^^^^^^^^\n"}, "start": 1769094722195, "stop": 1769094722223}, {"name": "And the employee stays on the submit menu screen", "status": "skipped", "start": 1769094724359, "stop": 1769094724359}], "parameters": [{"name": "field", "value": "description"}], "start": 1769094717721, "stop": 1769094724359, "uuid": "8d54e283-3609-46b5-892a-531ce056befc", "historyId": "c37e6764b652fc79a74c4e88b3b4ba09", "testCaseId": "73001b659328d98f8e652f7368b19177", "fullName": "Submit new expense: Submit expense with empty required field", "labels": [{"name": "severity", "value": "normal"}, {"name": "feature", "value": "Submit new expense"}, {"name": "framework", "value": "behave"}, {"name": "language", "value": "cpython3"}], "titlePath": ["tests", "end_to_end_test", "features", "Submit new expense"]}