{"name": "Edit Expense -- @1.3 ", "status": "failed", "statusDetails": {"message": "AssertionError: Edit message not found within the timeout period. Expected: 'none'\n", "trace": "  File \"C:\\Users\\Stephenie\\Documents\\Revature\\Team-C-Project_2\\employee\\.venv\\Lib\\site-packages\\behave\\model.py\", line 1991, in run\n    match.run(runner.context)\n    ~~~~~~~~~^^^^^^^^^^^^^^^^\n  File \"C:\\Users\\Stephenie\\Documents\\Revature\\Team-C-Project_2\\employee\\.venv\\Lib\\site-packages\\behave\\matchers.py\", line 105, in run\n    self.func(context, *args, **kwargs)\n    ~~~~~~~~~^^^^^^^^^^^^^^^^^^^^^^^^^^\n  File \"tests\\end_to_end_test\\features\\steps\\edit_expense_steps.py\", line 98, in edit_message_shown\n    raise AssertionError(f\"Edit message not found within the timeout period. Expected: '{message}'\")\n"}, "steps": [{"name": "Creating chrome driver (headless=True)", "status": "passed", "start": 1769104141512, "stop": 1769104142588}, {"name": "Given the application is running", "status": "passed", "steps": [{"name": "Verify application driver is available", "status": "passed", "start": 1769104142614, "stop": 1769104142614}], "start": 1769104142614, "stop": 1769104142615}, {"name": "And the test database is already seeded with users", "status": "passed", "steps": [{"name": "Verify test database connection is available", "status": "passed", "start": 1769104142615, "stop": 1769104142615}], "start": 1769104142615, "stop": 1769104142615}, {"name": "And the employee is logged in", "status": "passed", "steps": [{"name": "Ensure the employee is logged in (setup)", "status": "passed", "steps": [{"name": "Enter credentials for employee1", "status": "passed", "start": 1769104142997, "stop": 1769104143408}, {"name": "Click login and wait for dashboard table", "status": "passed", "start": 1769104143408, "stop": 1769104145989}], "start": 1769104142615, "stop": 1769104145991}], "start": 1769104142615, "stop": 1769104145991}, {"name": "Given the employee is on my expenses", "status": "passed", "start": 1769104145991, "stop": 1769104146045}, {"name": "And an expense with the description: \"Client lunch\" is shown", "status": "passed", "start": 1769104146045, "stop": 1769104146057}, {"name": "And the expense with description \"Client lunch\" is pending", "status": "passed", "start": 1769104146057, "stop": 1769104146072}, {"name": "When the employee clicks the edit button for the expense with description \"Client lunch\"", "status": "passed", "start": 1769104146072, "stop": 1769104146158}, {"name": "And the employee is redirected to the edit menu", "status": "passed", "start": 1769104146158, "stop": 1769104146685}, {"name": "And the employee inputs into the amount field: \"999999\"", "status": "passed", "start": 1769104146686, "stop": 1769104146747}, {"name": "And the employee inputs into the description field: \"wont be updated\"", "status": "passed", "start": 1769104146747, "stop": 1769104146796}, {"name": "And the employee inputs into the date field: \"2025-12-30\"", "status": "passed", "start": 1769104146796, "stop": 1769104146868}, {"name": "And the employee clicks the cancel button", "status": "passed", "start": 1769104146868, "stop": 1769104146919}, {"name": "Then the employee sees the edit message: \"none\"", "status": "failed", "statusDetails": {"message": "AssertionError: Edit message not found within the timeout period. Expected: 'none'\n", "trace": "  File \"C:\\Users\\Stephenie\\Documents\\Revature\\Team-C-Project_2\\employee\\.venv\\Lib\\site-packages\\behave\\model.py\", line 1991, in run\n    match.run(runner.context)\n    ~~~~~~~~~^^^^^^^^^^^^^^^^\n  File \"C:\\Users\\Stephenie\\Documents\\Revature\\Team-C-Project_2\\employee\\.venv\\Lib\\site-packages\\behave\\matchers.py\", line 105, in run\n    self.func(context, *args, **kwargs)\n    ~~~~~~~~~^^^^^^^^^^^^^^^^^^^^^^^^^^\n  File \"tests\\end_to_end_test\\features\\steps\\edit_expense_steps.py\", line 98, in edit_message_shown\n    raise AssertionError(f\"Edit message not found within the timeout period. Expected: '{message}'\")\n"}, "start": 1769104146919, "stop": 1769104157055}, {"name": "And the expense is shown with the amount: \"50\", description: \"Client lunch\", and the date: \"2025-01-05\"", "status": "skipped", "start": 1769104159177, "stop": 1769104159177}], "parameters": [{"name": "amount", "value": "999999"}, {"name": "description", "value": "wont be updated"}, {"name": "date", "value": "2025-12-30"}, {"name": "action", "value": "cancel"}, {"name": "message", "value": "none"}, {"name": "final_amount", "value": "50"}, {"name": "final_description", "value": "Client lunch"}, {"name": "final_date", "value": "2025-01-05"}], "start": 1769104141497, "stop": 1769104159177, "uuid": "8c6bcfa6-8fd8-43d0-88be-515bba0534d6", "historyId": "4829461d61ce92ffe19d19371f86f4e0", "testCaseId": "2197e04c6c495ae3a2a671629d219288", "fullName": "Edit expense: Edit Expense", "labels": [{"name": "severity", "value": "normal"}, {"name": "feature", "value": "Edit expense"}, {"name": "framework", "value": "behave"}, {"name": "language", "value": "cpython3"}], "titlePath": ["tests", "end_to_end_test", "features", "Edit expense"]}