{"name": "Successful expense submit -- @1.3 Successful submissions", "status": "broken", "statusDetails": {"message": "selenium.common.exceptions.TimeoutException: Message: \nStacktrace:\nSymbols not available. Dumping unresolved backtrace:\n\t0x7ff7e6a25ab5\n\t0x7ff7e6a25b14\n\t0x7ff7e6d72844\n\t0x7ff7e67c6a9a\n\t0x7ff7e67c6d35\n\t0x7ff7e6804b07\n\t0x7ff7e67bd6b7\n\t0x7ff7e68028f7\n\t0x7ff7e67bcbcc\n\t0x7ff7e67bbe26\n\t0x7ff7e67bc9f3\n\t0x7ff7e6880214\n\t0x7ff7e687c685\n\t0x7ff7e688ce73\n\t0x7ff7e6a40de8\n\t0x7ff7e6a496b6\n\t0x7ff7e6a2d194\n\t0x7ff7e6a2d2d9\n\t0x7ff7e6a1b172\n\t0x7ffd03ade8d7\n\t0x7ffd04b4c53c\n\n", "trace": "  File \"C:\\Users\\Stephenie\\Documents\\Revature\\Team-C-Project_2\\employee\\.venv\\Lib\\site-packages\\behave\\model.py\", line 1991, in run\n    match.run(runner.context)\n    ~~~~~~~~~^^^^^^^^^^^^^^^^\n  File \"C:\\Users\\Stephenie\\Documents\\Revature\\Team-C-Project_2\\employee\\.venv\\Lib\\site-packages\\behave\\matchers.py\", line 105, in run\n    self.func(context, *args, **kwargs)\n    ~~~~~~~~~^^^^^^^^^^^^^^^^^^^^^^^^^^\n  File \"tests\\end_to_end_test\\features\\steps\\submit_expense_steps.py\", line 71, in step_successful_expense_submission\n    message = context.dashboard_page.get_text((By.CSS_SELECTOR, '#submit-message > p'))\n  File \"C:\\Users\\Stephenie\\Documents\\Revature\\Team-C-Project_2\\employee\\tests\\end_to_end_test\\pages\\base_page.py\", line 34, in get_text\n    return self.wait_for_element(locator).text\n           ~~~~~~~~~~~~~~~~~~~~~^^^^^^^^^\n  File \"C:\\Users\\Stephenie\\Documents\\Revature\\Team-C-Project_2\\employee\\tests\\end_to_end_test\\pages\\base_page.py\", line 20, in wait_for_element\n    return self.wait.until(EC.presence_of_element_located(locator))\n           ~~~~~~~~~~~~~~~^^^^^^^^^^^^^^^^^^^^^^^^^^^^^^^^^^^^^^^^^\n  File \"C:\\Users\\Stephenie\\Documents\\Revature\\Team-C-Project_2\\employee\\.venv\\Lib\\site-packages\\selenium\\webdriver\\support\\wait.py\", line 122, in until\n    raise TimeoutException(message, screen, stacktrace)\n"}, "steps": [{"name": "Given the application is running", "status": "passed", "steps": [{"name": "Verify application driver is available", "status": "passed", "start": 1769097344394, "stop": 1769097344394}], "start": 1769097344394, "stop": 1769097344395}, {"name": "And the test database is already seeded with users", "status": "passed", "steps": [{"name": "Verify test database connection is available", "status": "passed", "start": 1769097344395, "stop": 1769097344395}], "start": 1769097344395, "stop": 1769097344395}, {"name": "And the employee is logged in", "status": "passed", "steps": [{"name": "Ensure the employee is logged in (setup)", "status": "passed", "steps": [{"name": "Enter credentials for employee1", "status": "passed", "start": 1769097344740, "stop": 1769097344856}, {"name": "Click login and wait for dashboard table", "status": "passed", "start": 1769097344856, "stop": 1769097347444}], "start": 1769097344395, "stop": 1769097347446}], "start": 1769097344395, "stop": 1769097347446}, {"name": "Given the employee is at the submit expense menu", "status": "passed", "start": 1769097347447, "stop": 1769097347519}, {"name": "When the employee inputs a new amount: \"100\"", "status": "passed", "start": 1769097347521, "stop": 1769097347561}, {"name": "And the employee inputs a new description: \"todays date\"", "status": "passed", "start": 1769097347562, "stop": 1769097347604}, {"name": "And the employee inputs a new date: \"TODAY\"", "status": "passed", "start": 1769097347605, "stop": 1769097347649}, {"name": "And the employee clicks the submit expense button", "status": "passed", "start": 1769097347650, "stop": 1769097347697}, {"name": "Then the employee sees the message: \"Expense submitted successfully!\"", "status": "broken", "statusDetails": {"message": "selenium.common.exceptions.TimeoutException: Message: \nStacktrace:\nSymbols not available. Dumping unresolved backtrace:\n\t0x7ff7e6a25ab5\n\t0x7ff7e6a25b14\n\t0x7ff7e6d72844\n\t0x7ff7e67c6a9a\n\t0x7ff7e67c6d35\n\t0x7ff7e6804b07\n\t0x7ff7e67bd6b7\n\t0x7ff7e68028f7\n\t0x7ff7e67bcbcc\n\t0x7ff7e67bbe26\n\t0x7ff7e67bc9f3\n\t0x7ff7e6880214\n\t0x7ff7e687c685\n\t0x7ff7e688ce73\n\t0x7ff7e6a40de8\n\t0x7ff7e6a496b6\n\t0x7ff7e6a2d194\n\t0x7ff7e6a2d2d9\n\t0x7ff7e6a1b172\n\t0x7ffd03ade8d7\n\t0x7ffd04b4c53c\n\n", "trace": "  File \"C:\\Users\\Stephenie\\Documents\\Revature\\Team-C-Project_2\\employee\\.venv\\Lib\\site-packages\\behave\\model.py\", line 1991, in run\n    match.run(runner.context)\n    ~~~~~~~~~^^^^^^^^^^^^^^^^\n  File \"C:\\Users\\Stephenie\\Documents\\Revature\\Team-C-Project_2\\employee\\.venv\\Lib\\site-packages\\behave\\matchers.py\", line 105, in run\n    self.func(context, *args, **kwargs)\n    ~~~~~~~~~^^^^^^^^^^^^^^^^^^^^^^^^^^\n  File \"tests\\end_to_end_test\\features\\steps\\submit_expense_steps.py\", line 71, in step_successful_expense_submission\n    message = context.dashboard_page.get_text((By.CSS_SELECTOR, '#submit-message > p'))\n  File \"C:\\Users\\Stephenie\\Documents\\Revature\\Team-C-Project_2\\employee\\tests\\end_to_end_test\\pages\\base_page.py\", line 34, in get_text\n    return self.wait_for_element(locator).text\n           ~~~~~~~~~~~~~~~~~~~~~^^^^^^^^^\n  File \"C:\\Users\\Stephenie\\Documents\\Revature\\Team-C-Project_2\\employee\\tests\\end_to_end_test\\pages\\base_page.py\", line 20, in wait_for_element\n    return self.wait.until(EC.presence_of_element_located(locator))\n           ~~~~~~~~~~~~~~~^^^^^^^^^^^^^^^^^^^^^^^^^^^^^^^^^^^^^^^^^\n  File \"C:\\Users\\Stephenie\\Documents\\Revature\\Team-C-Project_2\\employee\\.venv\\Lib\\site-packages\\selenium\\webdriver\\support\\wait.py\", line 122, in until\n    raise TimeoutException(message, screen, stacktrace)\n"}, "start": 1769097347697, "stop": 1769097357836}, {"name": "And the employee navigates to the expenses screen", "status": "skipped", "start": 1769097360010, "stop": 1769097360010}, {"name": "And the expense is shown with the amount: \"100\", description: \"todays date\", and the date: \"TODAY\"", "status": "skipped", "start": 1769097360010, "stop": 1769097360010}], "parameters": [{"name": "amount", "value": "100"}, {"name": "description", "value": "todays date"}, {"name": "date", "value": "TODAY"}, {"name": "expected_date", "value": "TODAY"}], "start": 1769097343231, "stop": 1769097360010, "uuid": "e968d843-43fa-41f4-94ab-f33df7e47d25", "historyId": "579c016a7c460bdb63fcc94a300d50e3", "testCaseId": "aebfaa0295a523a3df29fbb39331b311", "fullName": "Submit new expense: Successful expense submit", "labels": [{"name": "severity", "value": "normal"}, {"name": "feature", "value": "Submit new expense"}, {"name": "framework", "value": "behave"}, {"name": "language", "value": "cpython3"}], "titlePath": ["tests", "end_to_end_test", "features", "Submit new expense"]}