{"name": "Login attempts -- @1.4 ", "status": "broken", "statusDetails": {"message": "selenium.common.exceptions.TimeoutException: Message: \nStacktrace:\nSymbols not available. Dumping unresolved backtrace:\n\t0x3a1213\n\t0x3a1254\n\t0x18e6dd\n\t0x1d93a5\n\t0x1d977b\n\t0x220382\n\t0x1fb534\n\t0x21db13\n\t0x1fb2e6\n\t0x1cd321\n\t0x1ce1d4\n\t0x5f5254\n\t0x5f080b\n\t0x60d0ea\n\t0x3bb118\n\t0x3c311d\n\t0x3a9518\n\t0x3a96d9\n\t0x393a68\n\t0x76d85d49\n\t0x77cad5db\n\t0x77cad561\n\t0\n\n", "trace": "  File \"C:\\Users\\Stephenie\\Documents\\Revature\\Team-C-Project_2\\employee\\.venv\\Lib\\site-packages\\behave\\model.py\", line 1991, in run\n    match.run(runner.context)\n    ~~~~~~~~~^^^^^^^^^^^^^^^^\n  File \"C:\\Users\\Stephenie\\Documents\\Revature\\Team-C-Project_2\\employee\\.venv\\Lib\\site-packages\\behave\\matchers.py\", line 105, in run\n    self.func(context, *args, **kwargs)\n    ~~~~~~~~~^^^^^^^^^^^^^^^^^^^^^^^^^^\n  File \"tests\\end_to_end_test\\features\\steps\\auth_steps.py\", line 56, in step_impl\n    message = context.login_page.wait_for_element(\n              ~~~~~~~~~~~~~~~~~~~~~~~~~~~~~~~~~~~^\n        context.login_page.LOGIN_MESSAGE\n        ^^^^^^^^^^^^^^^^^^^^^^^^^^^^^^^^\n    ).text\n    ^\n  File \"C:\\Users\\Stephenie\\Documents\\Revature\\Team-C-Project_2\\employee\\tests\\end_to_end_test\\pages\\base_page.py\", line 17, in wait_for_element\n    return self.wait.until(EC.presence_of_element_located(locator))\n           ~~~~~~~~~~~~~~~^^^^^^^^^^^^^^^^^^^^^^^^^^^^^^^^^^^^^^^^^\n  File \"C:\\Users\\Stephenie\\Documents\\Revature\\Team-C-Project_2\\employee\\.venv\\Lib\\site-packages\\selenium\\webdriver\\support\\wait.py\", line 122, in until\n    raise TimeoutException(message, screen, stacktrace)\n"}, "steps": [{"name": "Given the application is running", "status": "passed", "start": 1768235669202, "stop": 1768235669203}, {"name": "Given the employee is on the login screen", "status": "passed", "start": 1768235669203, "stop": 1768235669463}, {"name": "When the employee enters username \"wronguser\"", "status": "passed", "start": 1768235669463, "stop": 1768235669579}, {"name": "And the employee enters password \"wrongpassword\"", "status": "passed", "start": 1768235669580, "stop": 1768235669623}, {"name": "And the employee clicks the login button", "status": "passed", "start": 1768235669623, "stop": 1768235669668}, {"name": "Then the employee is redirected to the \"login.html\"", "status": "passed", "start": 1768235669668, "stop": 1768235679751}, {"name": "And the employee sees the auth message: \"Invalid credentials\"", "status": "broken", "statusDetails": {"message": "selenium.common.exceptions.TimeoutException: Message: \nStacktrace:\nSymbols not available. Dumping unresolved backtrace:\n\t0x3a1213\n\t0x3a1254\n\t0x18e6dd\n\t0x1d93a5\n\t0x1d977b\n\t0x220382\n\t0x1fb534\n\t0x21db13\n\t0x1fb2e6\n\t0x1cd321\n\t0x1ce1d4\n\t0x5f5254\n\t0x5f080b\n\t0x60d0ea\n\t0x3bb118\n\t0x3c311d\n\t0x3a9518\n\t0x3a96d9\n\t0x393a68\n\t0x76d85d49\n\t0x77cad5db\n\t0x77cad561\n\t0\n\n", "trace": "  File \"C:\\Users\\Stephenie\\Documents\\Revature\\Team-C-Project_2\\employee\\.venv\\Lib\\site-packages\\behave\\model.py\", line 1991, in run\n    match.run(runner.context)\n    ~~~~~~~~~^^^^^^^^^^^^^^^^\n  File \"C:\\Users\\Stephenie\\Documents\\Revature\\Team-C-Project_2\\employee\\.venv\\Lib\\site-packages\\behave\\matchers.py\", line 105, in run\n    self.func(context, *args, **kwargs)\n    ~~~~~~~~~^^^^^^^^^^^^^^^^^^^^^^^^^^\n  File \"tests\\end_to_end_test\\features\\steps\\auth_steps.py\", line 56, in step_impl\n    message = context.login_page.wait_for_element(\n              ~~~~~~~~~~~~~~~~~~~~~~~~~~~~~~~~~~~^\n        context.login_page.LOGIN_MESSAGE\n        ^^^^^^^^^^^^^^^^^^^^^^^^^^^^^^^^\n    ).text\n    ^\n  File \"C:\\Users\\Stephenie\\Documents\\Revature\\Team-C-Project_2\\employee\\tests\\end_to_end_test\\pages\\base_page.py\", line 17, in wait_for_element\n    return self.wait.until(EC.presence_of_element_located(locator))\n           ~~~~~~~~~~~~~~~^^^^^^^^^^^^^^^^^^^^^^^^^^^^^^^^^^^^^^^^^\n  File \"C:\\Users\\Stephenie\\Documents\\Revature\\Team-C-Project_2\\employee\\.venv\\Lib\\site-packages\\selenium\\webdriver\\support\\wait.py\", line 122, in until\n    raise TimeoutException(message, screen, stacktrace)\n"}, "start": 1768235679751, "stop": 1768235690348}], "parameters": [{"name": "username", "value": "wronguser"}, {"name": "password", "value": "wrongpassword"}, {"name": "message", "value": "Invalid credentials"}, {"name": "path", "value": "login.html"}], "start": 1768235666440, "stop": 1768235692464, "uuid": "e0a9b2ab-947e-4c1d-8625-60d8b5656e20", "historyId": "d547e7b5a12a692bbc393fe07e3c677a", "testCaseId": "0fd2edf36784bbc3bb011c8a3413e887", "fullName": "Employee Authentication: Login attempts", "labels": [{"name": "severity", "value": "normal"}, {"name": "tag", "value": "auth"}, {"name": "tag", "value": "smoke"}, {"name": "tag", "value": "ui"}, {"name": "feature", "value": "Employee Authentication"}, {"name": "framework", "value": "behave"}, {"name": "language", "value": "cpython3"}], "titlePath": ["tests", "end_to_end_test", "features", "Employee Authentication"]}