{"name": "Submit expense validation (empty required fields) -- @1.2 Validation errors", "status": "failed", "statusDetails": {"message": "AssertionError: Description field is not selected or focused as expected\n", "trace": "  File \"C:\\Users\\Stephenie\\Documents\\Revature\\Team-C-Project_2\\employee\\.venv\\Lib\\site-packages\\behave\\model.py\", line 1991, in run\n    match.run(runner.context)\n    ~~~~~~~~~^^^^^^^^^^^^^^^^\n  File \"C:\\Users\\Stephenie\\Documents\\Revature\\Team-C-Project_2\\employee\\.venv\\Lib\\site-packages\\behave\\matchers.py\", line 105, in run\n    self.func(context, *args, **kwargs)\n    ~~~~~~~~~^^^^^^^^^^^^^^^^^^^^^^^^^^\n  File \"tests\\end_to_end_test\\features\\steps\\submit_expense_steps.py\", line 193, in step_focus_field_selected\n    return step_empty_field_prompts_for_description(context)\n  File \"tests\\end_to_end_test\\features\\steps\\submit_expense_steps.py\", line 155, in step_empty_field_prompts_for_description\n    assert is_focused, \"Description field is not selected or focused as expected\"\n           ^^^^^^^^^^\n"}, "steps": [{"name": "Given the application is running", "status": "passed", "steps": [{"name": "Verify application driver is available", "status": "passed", "start": 1769097973395, "stop": 1769097973395}], "start": 1769097973394, "stop": 1769097973395}, {"name": "And the test database is already seeded with users", "status": "passed", "steps": [{"name": "Verify test database connection is available", "status": "passed", "start": 1769097973396, "stop": 1769097973396}], "start": 1769097973395, "stop": 1769097973396}, {"name": "And the employee is logged in", "status": "passed", "steps": [{"name": "Ensure the employee is logged in (setup)", "status": "passed", "steps": [{"name": "Enter credentials for employee1", "status": "passed", "start": 1769097973742, "stop": 1769097973944}, {"name": "Click login and wait for dashboard table", "status": "passed", "start": 1769097973944, "stop": 1769097976041}], "start": 1769097973396, "stop": 1769097976044}], "start": 1769097973396, "stop": 1769097976044}, {"name": "Given the employee is at the submit expense menu", "status": "passed", "start": 1769097976044, "stop": 1769097976096}, {"name": "When the employee inputs a new amount: \"125\"", "status": "passed", "start": 1769097976096, "stop": 1769097976157}, {"name": "And the employee inputs a new description: \"EMPTY\"", "status": "passed", "start": 1769097976157, "stop": 1769097976203}, {"name": "And the employee clicks the submit expense button", "status": "passed", "start": 1769097976203, "stop": 1769097976248}, {"name": "Then the \"description\" field is selected", "status": "failed", "statusDetails": {"message": "AssertionError: Description field is not selected or focused as expected\n", "trace": "  File \"C:\\Users\\Stephenie\\Documents\\Revature\\Team-C-Project_2\\employee\\.venv\\Lib\\site-packages\\behave\\model.py\", line 1991, in run\n    match.run(runner.context)\n    ~~~~~~~~~^^^^^^^^^^^^^^^^\n  File \"C:\\Users\\Stephenie\\Documents\\Revature\\Team-C-Project_2\\employee\\.venv\\Lib\\site-packages\\behave\\matchers.py\", line 105, in run\n    self.func(context, *args, **kwargs)\n    ~~~~~~~~~^^^^^^^^^^^^^^^^^^^^^^^^^^\n  File \"tests\\end_to_end_test\\features\\steps\\submit_expense_steps.py\", line 193, in step_focus_field_selected\n    return step_empty_field_prompts_for_description(context)\n  File \"tests\\end_to_end_test\\features\\steps\\submit_expense_steps.py\", line 155, in step_empty_field_prompts_for_description\n    assert is_focused, \"Description field is not selected or focused as expected\"\n           ^^^^^^^^^^\n"}, "start": 1769097976248, "stop": 1769097976257}, {"name": "And the employee stays on the submit menu screen", "status": "skipped", "start": 1769097978389, "stop": 1769097978389}], "parameters": [{"name": "amount", "value": "125"}, {"name": "description", "value": "EMPTY"}, {"name": "focus_field", "value": "description"}], "start": 1769097972238, "stop": 1769097978389, "uuid": "736b786c-a2d8-4522-930b-da9ca40b1d4f", "historyId": "a3dd13f49c4089a726e97cecfbcee9e6", "testCaseId": "c854194fd76fbcac21386e4767a55bed", "fullName": "Submit new expense: Submit expense validation (empty required fields)", "labels": [{"name": "severity", "value": "normal"}, {"name": "tag", "value": "validation"}, {"name": "feature", "value": "Submit new expense"}, {"name": "framework", "value": "behave"}, {"name": "language", "value": "cpython3"}], "titlePath": ["tests", "end_to_end_test", "features", "Submit new expense"]}