{"name": "Successful expense submit -- @1.3 Successful submissions", "status": "failed", "statusDetails": {"message": "AssertionError: Expense not found: 100, todays date, 2026-01-21\n", "trace": "  File \"C:\\Users\\Stephenie\\Documents\\Revature\\Team-C-Project_2\\employee\\.venv\\Lib\\site-packages\\behave\\model.py\", line 1991, in run\n    match.run(runner.context)\n    ~~~~~~~~~^^^^^^^^^^^^^^^^\n  File \"C:\\Users\\Stephenie\\Documents\\Revature\\Team-C-Project_2\\employee\\.venv\\Lib\\site-packages\\behave\\matchers.py\", line 105, in run\n    self.func(context, *args, **kwargs)\n    ~~~~~~~~~^^^^^^^^^^^^^^^^^^^^^^^^^^\n  File \"tests\\end_to_end_test\\features\\steps\\submit_expense_steps.py\", line 164, in step_expense_is_shown\n    assert found, f\"Expense not found: {amount}, {description}, {expected_iso}\"\n           ^^^^^\n"}, "steps": [{"name": "Given the application is running", "status": "passed", "steps": [{"name": "Verify application driver is available", "status": "passed", "start": 1769025256437, "stop": 1769025256437}], "start": 1769025256437, "stop": 1769025256437}, {"name": "And the test database is already seeded with users", "status": "passed", "steps": [{"name": "Verify test database connection is available", "status": "passed", "start": 1769025256438, "stop": 1769025256438}], "start": 1769025256437, "stop": 1769025256438}, {"name": "And the employee is logged in", "status": "passed", "steps": [{"name": "Ensure the employee is logged in (setup)", "status": "passed", "steps": [{"name": "Enter credentials for employee1", "status": "passed", "start": 1769025256779, "stop": 1769025256893}, {"name": "Click login and wait for dashboard table", "status": "passed", "start": 1769025256893, "stop": 1769025259620}], "start": 1769025256438, "stop": 1769025259624}], "start": 1769025256438, "stop": 1769025259624}, {"name": "Given the employee is at the submit expense menu", "status": "passed", "start": 1769025259624, "stop": 1769025259674}, {"name": "When the employee inputs a new amount: \"100\"", "status": "passed", "start": 1769025259675, "stop": 1769025259721}, {"name": "And the employee inputs a new description: \"todays date\"", "status": "passed", "start": 1769025259722, "stop": 1769025259770}, {"name": "And the employee inputs a new date: \"TODAY\"", "status": "passed", "start": 1769025259771, "stop": 1769025259819}, {"name": "And the employee clicks the submit expense button", "status": "passed", "start": 1769025259820, "stop": 1769025259886}, {"name": "Then the employee sees the message: \"Expense submitted successfully!\"", "status": "passed", "start": 1769025259886, "stop": 1769025260409}, {"name": "And the employee navigates to the expenses screen", "status": "passed", "start": 1769025260410, "stop": 1769025260473}, {"name": "And the expense is shown with the amount: \"100\", description: \"todays date\", and the date: \"TODAY\"", "status": "failed", "statusDetails": {"message": "AssertionError: Expense not found: 100, todays date, 2026-01-21\n", "trace": "  File \"C:\\Users\\Stephenie\\Documents\\Revature\\Team-C-Project_2\\employee\\.venv\\Lib\\site-packages\\behave\\model.py\", line 1991, in run\n    match.run(runner.context)\n    ~~~~~~~~~^^^^^^^^^^^^^^^^\n  File \"C:\\Users\\Stephenie\\Documents\\Revature\\Team-C-Project_2\\employee\\.venv\\Lib\\site-packages\\behave\\matchers.py\", line 105, in run\n    self.func(context, *args, **kwargs)\n    ~~~~~~~~~^^^^^^^^^^^^^^^^^^^^^^^^^^\n  File \"tests\\end_to_end_test\\features\\steps\\submit_expense_steps.py\", line 164, in step_expense_is_shown\n    assert found, f\"Expense not found: {amount}, {description}, {expected_iso}\"\n           ^^^^^\n"}, "start": 1769025260473, "stop": 1769025261154}], "parameters": [{"name": "amount", "value": "100"}, {"name": "description", "value": "todays date"}, {"name": "date", "value": "TODAY"}, {"name": "expected_date", "value": "TODAY"}], "start": 1769025255294, "stop": 1769025263371, "uuid": "761a263d-5db7-40bb-a234-65f8770b5f0d", "historyId": "579c016a7c460bdb63fcc94a300d50e3", "testCaseId": "aebfaa0295a523a3df29fbb39331b311", "fullName": "Submit new expense: Successful expense submit", "labels": [{"name": "severity", "value": "normal"}, {"name": "tag", "value": "e2e"}, {"name": "tag", "value": "expense"}, {"name": "tag", "value": "happy"}, {"name": "tag", "value": "smoke"}, {"name": "tag", "value": "submit"}, {"name": "feature", "value": "Submit new expense"}, {"name": "framework", "value": "behave"}, {"name": "language", "value": "cpython3"}], "titlePath": ["tests", "end_to_end_test", "features", "Submit new expense"]}