{"name": "Edit Expense -- @1.1 ", "status": "broken", "statusDetails": {"message": "selenium.common.exceptions.TimeoutException: Message: Edit message disappeared too quickly.\n\n", "trace": "  File \"C:\\Users\\Stephenie\\Documents\\Revature\\Team-C-Project_2\\employee\\.venv\\Lib\\site-packages\\behave\\model.py\", line 1991, in run\n    match.run(runner.context)\n    ~~~~~~~~~^^^^^^^^^^^^^^^^\n  File \"C:\\Users\\Stephenie\\Documents\\Revature\\Team-C-Project_2\\employee\\.venv\\Lib\\site-packages\\behave\\matchers.py\", line 105, in run\n    self.func(context, *args, **kwargs)\n    ~~~~~~~~~^^^^^^^^^^^^^^^^^^^^^^^^^^\n  File \"tests\\end_to_end_test\\features\\steps\\edit_expense_steps.py\", line 80, in step_impl\n    WebDriverWait(context.driver, 2).until_not(\n    ~~~~~~~~~~~~~~~~~~~~~~~~~~~~~~~~~~~~~~~~~~^\n        EC.presence_of_element_located(edit_message_locator),\n        ^^^^^^^^^^^^^^^^^^^^^^^^^^^^^^^^^^^^^^^^^^^^^^^^^^^^^\n        \"Edit message disappeared too quickly.\"\n        ^^^^^^^^^^^^^^^^^^^^^^^^^^^^^^^^^^^^^^^\n    )\n    ^\n  File \"C:\\Users\\Stephenie\\Documents\\Revature\\Team-C-Project_2\\employee\\.venv\\Lib\\site-packages\\selenium\\webdriver\\support\\wait.py\", line 162, in until_not\n    raise TimeoutException(message)\n"}, "steps": [{"name": "Creating chrome driver (headless=True)", "status": "passed", "start": 1769101958233, "stop": 1769101959339}, {"name": "Given the application is running", "status": "passed", "steps": [{"name": "Verify application driver is available", "status": "passed", "start": 1769101959365, "stop": 1769101959365}], "start": 1769101959364, "stop": 1769101959365}, {"name": "And the test database is already seeded with users", "status": "passed", "steps": [{"name": "Verify test database connection is available", "status": "passed", "start": 1769101959366, "stop": 1769101959366}], "start": 1769101959365, "stop": 1769101959366}, {"name": "And the employee is logged in", "status": "passed", "steps": [{"name": "Ensure the employee is logged in (setup)", "status": "passed", "steps": [{"name": "Enter credentials for employee1", "status": "passed", "start": 1769101959700, "stop": 1769101959831}, {"name": "Click login and wait for dashboard table", "status": "passed", "start": 1769101959831, "stop": 1769101962558}], "start": 1769101959366, "stop": 1769101962563}], "start": 1769101959366, "stop": 1769101962563}, {"name": "Given the employee is on my expenses", "status": "passed", "start": 1769101962563, "stop": 1769101962621}, {"name": "And an expense with the description: \"Client lunch\" is shown", "status": "passed", "start": 1769101962621, "stop": 1769101962632}, {"name": "And the expense with description \"Client lunch\" is pending", "status": "passed", "start": 1769101962632, "stop": 1769101962649}, {"name": "When the employee clicks the edit button for the expense with description \"Client lunch\"", "status": "passed", "start": 1769101962649, "stop": 1769101962741}, {"name": "And the employee is redirected to the edit menu", "status": "passed", "start": 1769101962741, "stop": 1769101963275}, {"name": "And the employee inputs into the amount field: \"123\"", "status": "passed", "start": 1769101963276, "stop": 1769101963323}, {"name": "And the employee inputs into the description field: \"example description\"", "status": "passed", "start": 1769101963324, "stop": 1769101963374}, {"name": "And the employee inputs into the date field: \"2025-12-30\"", "status": "passed", "start": 1769101963375, "stop": 1769101963417}, {"name": "And the employee clicks the action update button", "status": "passed", "start": 1769101963417, "stop": 1769101963471}, {"name": "Then the employee sees the edit message: \"Expense updated successfully!\"", "status": "broken", "statusDetails": {"message": "selenium.common.exceptions.TimeoutException: Message: Edit message disappeared too quickly.\n\n", "trace": "  File \"C:\\Users\\Stephenie\\Documents\\Revature\\Team-C-Project_2\\employee\\.venv\\Lib\\site-packages\\behave\\model.py\", line 1991, in run\n    match.run(runner.context)\n    ~~~~~~~~~^^^^^^^^^^^^^^^^\n  File \"C:\\Users\\Stephenie\\Documents\\Revature\\Team-C-Project_2\\employee\\.venv\\Lib\\site-packages\\behave\\matchers.py\", line 105, in run\n    self.func(context, *args, **kwargs)\n    ~~~~~~~~~^^^^^^^^^^^^^^^^^^^^^^^^^^\n  File \"tests\\end_to_end_test\\features\\steps\\edit_expense_steps.py\", line 80, in step_impl\n    WebDriverWait(context.driver, 2).until_not(\n    ~~~~~~~~~~~~~~~~~~~~~~~~~~~~~~~~~~~~~~~~~~^\n        EC.presence_of_element_located(edit_message_locator),\n        ^^^^^^^^^^^^^^^^^^^^^^^^^^^^^^^^^^^^^^^^^^^^^^^^^^^^^\n        \"Edit message disappeared too quickly.\"\n        ^^^^^^^^^^^^^^^^^^^^^^^^^^^^^^^^^^^^^^^\n    )\n    ^\n  File \"C:\\Users\\Stephenie\\Documents\\Revature\\Team-C-Project_2\\employee\\.venv\\Lib\\site-packages\\selenium\\webdriver\\support\\wait.py\", line 162, in until_not\n    raise TimeoutException(message)\n"}, "start": 1769101963471, "stop": 1769101966037}, {"name": "And the new expense is shown with the amount: \"123\", description: \"example description\", and the date: \"2025-12-30\"", "status": "skipped", "start": 1769101968151, "stop": 1769101968151}], "parameters": [{"name": "original_description", "value": "Client lunch"}, {"name": "amount", "value": "123"}, {"name": "description", "value": "example description"}, {"name": "date", "value": "2025-12-30"}, {"name": "action", "value": "update"}, {"name": "message", "value": "Expense updated successfully!"}, {"name": "final_amount", "value": "123"}, {"name": "final_description", "value": "example description"}, {"name": "final_date", "value": "2025-12-30"}], "start": 1769101958216, "stop": 1769101968151, "uuid": "5200e510-aac3-4e46-b543-34cd092973e7", "historyId": "9869ed1516c3b27853b535d321a7483a", "testCaseId": "2197e04c6c495ae3a2a671629d219288", "fullName": "Edit expense: Edit Expense", "labels": [{"name": "severity", "value": "normal"}, {"name": "feature", "value": "Edit expense"}, {"name": "framework", "value": "behave"}, {"name": "language", "value": "cpython3"}], "titlePath": ["tests", "end_to_end_test", "features", "Edit expense"]}