{"name": "Edit Expense -- @1.4 ", "status": "broken", "statusDetails": {"message": "selenium.common.exceptions.TimeoutException: Message: \nStacktrace:\nSymbols not available. Dumping unresolved backtrace:\n\t0x7ff6e18788d5\n\t0x7ff6e1878930\n\t0x7ff6e165165d\n\t0x7ff6e16a9a33\n\t0x7ff6e16a9d3c\n\t0x7ff6e16fdf67\n\t0x7ff6e16fac97\n\t0x7ff6e169ac29\n\t0x7ff6e169ba93\n\t0x7ff6e1b90620\n\t0x7ff6e1b8af60\n\t0x7ff6e1ba96c6\n\t0x7ff6e1895dd4\n\t0x7ff6e189ed7c\n\t0x7ff6e1881ff4\n\t0x7ff6e18821a5\n\t0x7ff6e1867ed2\n\t0x7ffd03ade8d7\n\t0x7ffd04b4c53c\n\n", "trace": "  File \"C:\\Users\\Stephenie\\Documents\\Revature\\Team-C-Project_2\\employee\\.venv\\Lib\\site-packages\\behave\\model.py\", line 1991, in run\n    match.run(runner.context)\n    ~~~~~~~~~^^^^^^^^^^^^^^^^\n  File \"C:\\Users\\Stephenie\\Documents\\Revature\\Team-C-Project_2\\employee\\.venv\\Lib\\site-packages\\behave\\matchers.py\", line 105, in run\n    self.func(context, *args, **kwargs)\n    ~~~~~~~~~^^^^^^^^^^^^^^^^^^^^^^^^^^\n  File \"tests\\end_to_end_test\\features\\steps\\edit_expense_steps.py\", line 89, in edit_message_shown\n    edit_message = context.dashboard_page.get_text(edit_message_locator)\n  File \"C:\\Users\\Stephenie\\Documents\\Revature\\Team-C-Project_2\\employee\\tests\\end_to_end_test\\pages\\base_page.py\", line 34, in get_text\n    return self.wait_for_element(locator).text\n           ~~~~~~~~~~~~~~~~~~~~~^^^^^^^^^\n  File \"C:\\Users\\Stephenie\\Documents\\Revature\\Team-C-Project_2\\employee\\tests\\end_to_end_test\\pages\\base_page.py\", line 20, in wait_for_element\n    return self.wait.until(EC.presence_of_element_located(locator))\n           ~~~~~~~~~~~~~~~^^^^^^^^^^^^^^^^^^^^^^^^^^^^^^^^^^^^^^^^^\n  File \"C:\\Users\\Stephenie\\Documents\\Revature\\Team-C-Project_2\\employee\\.venv\\Lib\\site-packages\\selenium\\webdriver\\support\\wait.py\", line 122, in until\n    raise TimeoutException(message, screen, stacktrace)\n"}, "steps": [{"name": "Creating chrome driver (headless=True)", "status": "passed", "start": 1769104357774, "stop": 1769104358828}, {"name": "Given the application is running", "status": "passed", "steps": [{"name": "Verify application driver is available", "status": "passed", "start": 1769104358854, "stop": 1769104358854}], "start": 1769104358853, "stop": 1769104358854}, {"name": "And the test database is already seeded with users", "status": "passed", "steps": [{"name": "Verify test database connection is available", "status": "passed", "start": 1769104358854, "stop": 1769104358854}], "start": 1769104358854, "stop": 1769104358854}, {"name": "And the employee is logged in", "status": "passed", "steps": [{"name": "Ensure the employee is logged in (setup)", "status": "passed", "steps": [{"name": "Enter credentials for employee1", "status": "passed", "start": 1769104359190, "stop": 1769104359296}, {"name": "Click login and wait for dashboard table", "status": "passed", "start": 1769104359296, "stop": 1769104362001}], "start": 1769104358855, "stop": 1769104362004}], "start": 1769104358854, "stop": 1769104362004}, {"name": "Given the employee is on my expenses", "status": "passed", "start": 1769104362004, "stop": 1769104362064}, {"name": "And an expense with the description: \"Client lunch\" is shown", "status": "passed", "start": 1769104362064, "stop": 1769104362075}, {"name": "And the expense with description \"Client lunch\" is pending", "status": "passed", "start": 1769104362075, "stop": 1769104362090}, {"name": "When the employee clicks the edit button for the expense with description \"Client lunch\"", "status": "passed", "start": 1769104362090, "stop": 1769104362166}, {"name": "And the employee is redirected to the edit menu", "status": "passed", "start": 1769104362167, "stop": 1769104362695}, {"name": "And the employee inputs into the amount field: \"EMPTY\"", "status": "passed", "start": 1769104362696, "stop": 1769104362735}, {"name": "And the employee inputs into the description field: \"EMPTY\"", "status": "passed", "start": 1769104362735, "stop": 1769104362777}, {"name": "And the employee inputs into the date field: \"EMPTY\"", "status": "passed", "start": 1769104362777, "stop": 1769104362814}, {"name": "And the employee clicks the update button", "status": "passed", "start": 1769104362814, "stop": 1769104362863}, {"name": "Then the employee sees the edit message: \"Expense updated successfully!\"", "status": "broken", "statusDetails": {"message": "selenium.common.exceptions.TimeoutException: Message: \nStacktrace:\nSymbols not available. Dumping unresolved backtrace:\n\t0x7ff6e18788d5\n\t0x7ff6e1878930\n\t0x7ff6e165165d\n\t0x7ff6e16a9a33\n\t0x7ff6e16a9d3c\n\t0x7ff6e16fdf67\n\t0x7ff6e16fac97\n\t0x7ff6e169ac29\n\t0x7ff6e169ba93\n\t0x7ff6e1b90620\n\t0x7ff6e1b8af60\n\t0x7ff6e1ba96c6\n\t0x7ff6e1895dd4\n\t0x7ff6e189ed7c\n\t0x7ff6e1881ff4\n\t0x7ff6e18821a5\n\t0x7ff6e1867ed2\n\t0x7ffd03ade8d7\n\t0x7ffd04b4c53c\n\n", "trace": "  File \"C:\\Users\\Stephenie\\Documents\\Revature\\Team-C-Project_2\\employee\\.venv\\Lib\\site-packages\\behave\\model.py\", line 1991, in run\n    match.run(runner.context)\n    ~~~~~~~~~^^^^^^^^^^^^^^^^\n  File \"C:\\Users\\Stephenie\\Documents\\Revature\\Team-C-Project_2\\employee\\.venv\\Lib\\site-packages\\behave\\matchers.py\", line 105, in run\n    self.func(context, *args, **kwargs)\n    ~~~~~~~~~^^^^^^^^^^^^^^^^^^^^^^^^^^\n  File \"tests\\end_to_end_test\\features\\steps\\edit_expense_steps.py\", line 89, in edit_message_shown\n    edit_message = context.dashboard_page.get_text(edit_message_locator)\n  File \"C:\\Users\\Stephenie\\Documents\\Revature\\Team-C-Project_2\\employee\\tests\\end_to_end_test\\pages\\base_page.py\", line 34, in get_text\n    return self.wait_for_element(locator).text\n           ~~~~~~~~~~~~~~~~~~~~~^^^^^^^^^\n  File \"C:\\Users\\Stephenie\\Documents\\Revature\\Team-C-Project_2\\employee\\tests\\end_to_end_test\\pages\\base_page.py\", line 20, in wait_for_element\n    return self.wait.until(EC.presence_of_element_located(locator))\n           ~~~~~~~~~~~~~~~^^^^^^^^^^^^^^^^^^^^^^^^^^^^^^^^^^^^^^^^^\n  File \"C:\\Users\\Stephenie\\Documents\\Revature\\Team-C-Project_2\\employee\\.venv\\Lib\\site-packages\\selenium\\webdriver\\support\\wait.py\", line 122, in until\n    raise TimeoutException(message, screen, stacktrace)\n"}, "start": 1769104362863, "stop": 1769104372997}, {"name": "And the expense is shown with the amount: \"50\", description: \"Client lunch\", and the date: \"2025-01-05\"", "status": "skipped", "start": 1769104375119, "stop": 1769104375119}], "parameters": [{"name": "amount", "value": "EMPTY"}, {"name": "description", "value": "EMPTY"}, {"name": "date", "value": "EMPTY"}, {"name": "action", "value": "update"}, {"name": "message", "value": "Expense updated successfully!"}, {"name": "final_amount", "value": "50"}, {"name": "final_description", "value": "Client lunch"}, {"name": "final_date", "value": "2025-01-05"}], "start": 1769104357760, "stop": 1769104375119, "uuid": "8e5b6d58-2fad-42f2-ae45-8f872d6e8627", "historyId": "f9a29420dee45da2908fd2c8fe46b9bd", "testCaseId": "2197e04c6c495ae3a2a671629d219288", "fullName": "Edit expense: Edit Expense", "labels": [{"name": "severity", "value": "normal"}, {"name": "feature", "value": "Edit expense"}, {"name": "framework", "value": "behave"}, {"name": "language", "value": "cpython3"}], "titlePath": ["tests", "end_to_end_test", "features", "Edit expense"]}