{"name": "Edit Expense -- @1.4 ", "status": "failed", "statusDetails": {"message": "AssertionError: Edit message not found within the timeout period. Expected: 'Expense updated successfully!'\n", "trace": "  File \"C:\\Users\\Stephenie\\Documents\\Revature\\Team-C-Project_2\\employee\\.venv\\Lib\\site-packages\\behave\\model.py\", line 1991, in run\n    match.run(runner.context)\n    ~~~~~~~~~^^^^^^^^^^^^^^^^\n  File \"C:\\Users\\Stephenie\\Documents\\Revature\\Team-C-Project_2\\employee\\.venv\\Lib\\site-packages\\behave\\matchers.py\", line 105, in run\n    self.func(context, *args, **kwargs)\n    ~~~~~~~~~^^^^^^^^^^^^^^^^^^^^^^^^^^\n  File \"tests\\end_to_end_test\\features\\steps\\edit_expense_steps.py\", line 99, in edit_message_shown\n    raise AssertionError(f\"Edit message not found within the timeout period. Expected: '{message}'\")\n"}, "steps": [{"name": "Creating chrome driver (headless=True)", "status": "passed", "start": 1769104263195, "stop": 1769104264246}, {"name": "Given the application is running", "status": "passed", "steps": [{"name": "Verify application driver is available", "status": "passed", "start": 1769104264271, "stop": 1769104264271}], "start": 1769104264270, "stop": 1769104264271}, {"name": "And the test database is already seeded with users", "status": "passed", "steps": [{"name": "Verify test database connection is available", "status": "passed", "start": 1769104264272, "stop": 1769104264272}], "start": 1769104264271, "stop": 1769104264272}, {"name": "And the employee is logged in", "status": "passed", "steps": [{"name": "Ensure the employee is logged in (setup)", "status": "passed", "steps": [{"name": "Enter credentials for employee1", "status": "passed", "start": 1769104264606, "stop": 1769104264730}, {"name": "Click login and wait for dashboard table", "status": "passed", "start": 1769104264730, "stop": 1769104267465}], "start": 1769104264272, "stop": 1769104267467}], "start": 1769104264272, "stop": 1769104267467}, {"name": "Given the employee is on my expenses", "status": "passed", "start": 1769104267468, "stop": 1769104267522}, {"name": "And an expense with the description: \"Client lunch\" is shown", "status": "passed", "start": 1769104267522, "stop": 1769104267534}, {"name": "And the expense with description \"Client lunch\" is pending", "status": "passed", "start": 1769104267534, "stop": 1769104267549}, {"name": "When the employee clicks the edit button for the expense with description \"Client lunch\"", "status": "passed", "start": 1769104267549, "stop": 1769104267639}, {"name": "And the employee is redirected to the edit menu", "status": "passed", "start": 1769104267639, "stop": 1769104268168}, {"name": "And the employee inputs into the amount field: \"EMPTY\"", "status": "passed", "start": 1769104268168, "stop": 1769104268217}, {"name": "And the employee inputs into the description field: \"EMPTY\"", "status": "passed", "start": 1769104268218, "stop": 1769104268258}, {"name": "And the employee inputs into the date field: \"EMPTY\"", "status": "passed", "start": 1769104268258, "stop": 1769104268297}, {"name": "And the employee clicks the update button", "status": "passed", "start": 1769104268297, "stop": 1769104268349}, {"name": "Then the employee sees the edit message: \"Expense updated successfully!\"", "status": "failed", "statusDetails": {"message": "AssertionError: Edit message not found within the timeout period. Expected: 'Expense updated successfully!'\n", "trace": "  File \"C:\\Users\\Stephenie\\Documents\\Revature\\Team-C-Project_2\\employee\\.venv\\Lib\\site-packages\\behave\\model.py\", line 1991, in run\n    match.run(runner.context)\n    ~~~~~~~~~^^^^^^^^^^^^^^^^\n  File \"C:\\Users\\Stephenie\\Documents\\Revature\\Team-C-Project_2\\employee\\.venv\\Lib\\site-packages\\behave\\matchers.py\", line 105, in run\n    self.func(context, *args, **kwargs)\n    ~~~~~~~~~^^^^^^^^^^^^^^^^^^^^^^^^^^\n  File \"tests\\end_to_end_test\\features\\steps\\edit_expense_steps.py\", line 99, in edit_message_shown\n    raise AssertionError(f\"Edit message not found within the timeout period. Expected: '{message}'\")\n"}, "start": 1769104268349, "stop": 1769104278533}, {"name": "And the expense is shown with the amount: \"50\", description: \"Client lunch\", and the date: \"2025-01-05\"", "status": "skipped", "start": 1769104280694, "stop": 1769104280694}], "parameters": [{"name": "amount", "value": "EMPTY"}, {"name": "description", "value": "EMPTY"}, {"name": "date", "value": "EMPTY"}, {"name": "action", "value": "update"}, {"name": "message", "value": "Expense updated successfully!"}, {"name": "final_amount", "value": "50"}, {"name": "final_description", "value": "Client lunch"}, {"name": "final_date", "value": "2025-01-05"}], "start": 1769104263182, "stop": 1769104280694, "uuid": "76398604-3c5b-4466-9f03-7f2cb071de51", "historyId": "f9a29420dee45da2908fd2c8fe46b9bd", "testCaseId": "2197e04c6c495ae3a2a671629d219288", "fullName": "Edit expense: Edit Expense", "labels": [{"name": "severity", "value": "normal"}, {"name": "feature", "value": "Edit expense"}, {"name": "framework", "value": "behave"}, {"name": "language", "value": "cpython3"}], "titlePath": ["tests", "end_to_end_test", "features", "Edit expense"]}