{"name": "Edit Expense -- @1.3 ", "status": "failed", "statusDetails": {"message": "AssertionError: Edit message not found within the timeout period. Expected: 'Expense update canceled!'\n", "trace": "  File \"C:\\Users\\Stephenie\\Documents\\Revature\\Team-C-Project_2\\employee\\.venv\\Lib\\site-packages\\behave\\model.py\", line 1991, in run\n    match.run(runner.context)\n    ~~~~~~~~~^^^^^^^^^^^^^^^^\n  File \"C:\\Users\\Stephenie\\Documents\\Revature\\Team-C-Project_2\\employee\\.venv\\Lib\\site-packages\\behave\\matchers.py\", line 105, in run\n    self.func(context, *args, **kwargs)\n    ~~~~~~~~~^^^^^^^^^^^^^^^^^^^^^^^^^^\n  File \"tests\\end_to_end_test\\features\\steps\\edit_expense_steps.py\", line 91, in edit_message_shown\n    raise AssertionError(f\"Edit message not found within the timeout period. Expected: '{message}'\")\n"}, "steps": [{"name": "Creating chrome driver (headless=True)", "status": "passed", "start": 1769103228408, "stop": 1769103229506}, {"name": "Given the application is running", "status": "passed", "steps": [{"name": "Verify application driver is available", "status": "passed", "start": 1769103229532, "stop": 1769103229532}], "start": 1769103229532, "stop": 1769103229532}, {"name": "And the test database is already seeded with users", "status": "passed", "steps": [{"name": "Verify test database connection is available", "status": "passed", "start": 1769103229533, "stop": 1769103229533}], "start": 1769103229533, "stop": 1769103229533}, {"name": "And the employee is logged in", "status": "passed", "steps": [{"name": "Ensure the employee is logged in (setup)", "status": "passed", "steps": [{"name": "Enter credentials for employee1", "status": "passed", "start": 1769103229870, "stop": 1769103229969}, {"name": "Click login and wait for dashboard table", "status": "passed", "start": 1769103229969, "stop": 1769103232667}], "start": 1769103229533, "stop": 1769103232670}], "start": 1769103229533, "stop": 1769103232670}, {"name": "Given the employee is on my expenses", "status": "passed", "start": 1769103232671, "stop": 1769103232723}, {"name": "And an expense with the description: \"Client lunch\" is shown", "status": "passed", "start": 1769103232723, "stop": 1769103232733}, {"name": "And the expense with description \"Client lunch\" is pending", "status": "passed", "start": 1769103232734, "stop": 1769103232745}, {"name": "When the employee clicks the edit button for the expense with description \"Client lunch\"", "status": "passed", "start": 1769103232746, "stop": 1769103232825}, {"name": "And the employee is redirected to the edit menu", "status": "passed", "start": 1769103232826, "stop": 1769103233355}, {"name": "And the employee inputs into the amount field: \"999999\"", "status": "passed", "start": 1769103233355, "stop": 1769103233397}, {"name": "And the employee inputs into the description field: \"wont be updated\"", "status": "passed", "start": 1769103233397, "stop": 1769103233441}, {"name": "And the employee inputs into the date field: \"2025-12-30\"", "status": "passed", "start": 1769103233441, "stop": 1769103233483}, {"name": "And the employee clicks the cancel button", "status": "passed", "start": 1769103233484, "stop": 1769103233529}, {"name": "Then the employee sees the edit message: \"Expense update canceled!\"", "status": "failed", "statusDetails": {"message": "AssertionError: Edit message not found within the timeout period. Expected: 'Expense update canceled!'\n", "trace": "  File \"C:\\Users\\Stephenie\\Documents\\Revature\\Team-C-Project_2\\employee\\.venv\\Lib\\site-packages\\behave\\model.py\", line 1991, in run\n    match.run(runner.context)\n    ~~~~~~~~~^^^^^^^^^^^^^^^^\n  File \"C:\\Users\\Stephenie\\Documents\\Revature\\Team-C-Project_2\\employee\\.venv\\Lib\\site-packages\\behave\\matchers.py\", line 105, in run\n    self.func(context, *args, **kwargs)\n    ~~~~~~~~~^^^^^^^^^^^^^^^^^^^^^^^^^^\n  File \"tests\\end_to_end_test\\features\\steps\\edit_expense_steps.py\", line 91, in edit_message_shown\n    raise AssertionError(f\"Edit message not found within the timeout period. Expected: '{message}'\")\n"}, "start": 1769103233529, "stop": 1769103243687}, {"name": "And the expense is shown with the amount: \"50\", description: \"Client lunch\", and the date: \"2025-01-05\"", "status": "skipped", "start": 1769103245822, "stop": 1769103245822}], "parameters": [{"name": "amount", "value": "999999"}, {"name": "description", "value": "wont be updated"}, {"name": "date", "value": "2025-12-30"}, {"name": "action", "value": "cancel"}, {"name": "message", "value": "Expense update canceled!"}, {"name": "final_amount", "value": "50"}, {"name": "final_description", "value": "Client lunch"}, {"name": "final_date", "value": "2025-01-05"}], "start": 1769103228395, "stop": 1769103245822, "uuid": "3ef681c9-8526-4018-a97e-bdf0f288d78c", "historyId": "1a6d085db2347eedd4bdf963fd2b7dbc", "testCaseId": "2197e04c6c495ae3a2a671629d219288", "fullName": "Edit expense: Edit Expense", "labels": [{"name": "severity", "value": "normal"}, {"name": "feature", "value": "Edit expense"}, {"name": "framework", "value": "behave"}, {"name": "language", "value": "cpython3"}], "titlePath": ["tests", "end_to_end_test", "features", "Edit expense"]}