{"name": "Edit Expense -- @1.4 ", "status": "failed", "statusDetails": {"message": "AssertionError: Edit message not found or incorrect. Expected: 'Expense updated successfully!'\n", "trace": "  File \"C:\\Users\\Stephenie\\Documents\\Revature\\Team-C-Project_2\\employee\\.venv\\Lib\\site-packages\\behave\\model.py\", line 1991, in run\n    match.run(runner.context)\n    ~~~~~~~~~^^^^^^^^^^^^^^^^\n  File \"C:\\Users\\Stephenie\\Documents\\Revature\\Team-C-Project_2\\employee\\.venv\\Lib\\site-packages\\behave\\matchers.py\", line 105, in run\n    self.func(context, *args, **kwargs)\n    ~~~~~~~~~^^^^^^^^^^^^^^^^^^^^^^^^^^\n  File \"tests\\end_to_end_test\\features\\steps\\edit_expense_steps.py\", line 77, in step_impl\n    raise AssertionError(f\"Edit message not found or incorrect. Expected: '{message}'\")\n"}, "steps": [{"name": "Creating chrome driver (headless=True)", "status": "passed", "start": 1769101893251, "stop": 1769101894373}, {"name": "Given the application is running", "status": "passed", "steps": [{"name": "Verify application driver is available", "status": "passed", "start": 1769101894399, "stop": 1769101894399}], "start": 1769101894398, "stop": 1769101894399}, {"name": "And the test database is already seeded with users", "status": "passed", "steps": [{"name": "Verify test database connection is available", "status": "passed", "start": 1769101894399, "stop": 1769101894399}], "start": 1769101894399, "stop": 1769101894399}, {"name": "And the employee is logged in", "status": "passed", "steps": [{"name": "Ensure the employee is logged in (setup)", "status": "passed", "steps": [{"name": "Enter credentials for employee1", "status": "passed", "start": 1769101894717, "stop": 1769101894844}, {"name": "Click login and wait for dashboard table", "status": "passed", "start": 1769101894844, "stop": 1769101897574}], "start": 1769101894399, "stop": 1769101897576}], "start": 1769101894399, "stop": 1769101897576}, {"name": "Given the employee is on my expenses", "status": "passed", "start": 1769101897576, "stop": 1769101897655}, {"name": "And an expense with the description: \"Client lunch\" is shown", "status": "passed", "start": 1769101897655, "stop": 1769101897668}, {"name": "And the expense with description \"Client lunch\" is pending", "status": "passed", "start": 1769101897668, "stop": 1769101897684}, {"name": "When the employee clicks the edit button for the expense with description \"Client lunch\"", "status": "passed", "start": 1769101897684, "stop": 1769101897791}, {"name": "And the employee is redirected to the edit menu", "status": "passed", "start": 1769101897791, "stop": 1769101898321}, {"name": "And the employee inputs into the amount field: \"none\"", "status": "passed", "start": 1769101898321, "stop": 1769101898366}, {"name": "And the employee inputs into the description field: \"none\"", "status": "passed", "start": 1769101898367, "stop": 1769101898415}, {"name": "And the employee inputs into the date field: \"none\"", "status": "passed", "start": 1769101898415, "stop": 1769101898456}, {"name": "And the employee clicks the action update button", "status": "passed", "start": 1769101898456, "stop": 1769101898508}, {"name": "Then the employee sees the edit message: \"Expense updated successfully!\"", "status": "failed", "statusDetails": {"message": "AssertionError: Edit message not found or incorrect. Expected: 'Expense updated successfully!'\n", "trace": "  File \"C:\\Users\\Stephenie\\Documents\\Revature\\Team-C-Project_2\\employee\\.venv\\Lib\\site-packages\\behave\\model.py\", line 1991, in run\n    match.run(runner.context)\n    ~~~~~~~~~^^^^^^^^^^^^^^^^\n  File \"C:\\Users\\Stephenie\\Documents\\Revature\\Team-C-Project_2\\employee\\.venv\\Lib\\site-packages\\behave\\matchers.py\", line 105, in run\n    self.func(context, *args, **kwargs)\n    ~~~~~~~~~^^^^^^^^^^^^^^^^^^^^^^^^^^\n  File \"tests\\end_to_end_test\\features\\steps\\edit_expense_steps.py\", line 77, in step_impl\n    raise AssertionError(f\"Edit message not found or incorrect. Expected: '{message}'\")\n"}, "start": 1769101898508, "stop": 1769101908688}, {"name": "And the new expense is shown with the amount: \"50\", description: \"Client lunch\", and the date: \"2025-01-05\"", "status": "skipped", "start": 1769101910858, "stop": 1769101910858}], "parameters": [{"name": "original_description", "value": "Client lunch"}, {"name": "amount", "value": "none"}, {"name": "description", "value": "none"}, {"name": "date", "value": "none"}, {"name": "action", "value": "update"}, {"name": "message", "value": "Expense updated successfully!"}, {"name": "final_amount", "value": "50"}, {"name": "final_description", "value": "Client lunch"}, {"name": "final_date", "value": "2025-01-05"}], "start": 1769101893240, "stop": 1769101910858, "uuid": "126101a3-70f0-452b-9546-c835c92f81b8", "historyId": "48d5ca316f86860cccf899867f1db6b8", "testCaseId": "2197e04c6c495ae3a2a671629d219288", "fullName": "Edit expense: Edit Expense", "labels": [{"name": "severity", "value": "normal"}, {"name": "feature", "value": "Edit expense"}, {"name": "framework", "value": "behave"}, {"name": "language", "value": "cpython3"}], "titlePath": ["tests", "end_to_end_test", "features", "Edit expense"]}