{"name": "Fail to update a pending expense with a partial date", "status": "failed", "statusDetails": {"message": "AssertionError: Date of the expense does not match\n", "trace": "  File \"C:\\Users\\Stephenie\\Documents\\Revature\\Team-C-Project_2\\employee\\.venv\\Lib\\site-packages\\behave\\model.py\", line 1991, in run\n    match.run(runner.context)\n    ~~~~~~~~~^^^^^^^^^^^^^^^^\n  File \"C:\\Users\\Stephenie\\Documents\\Revature\\Team-C-Project_2\\employee\\.venv\\Lib\\site-packages\\behave\\matchers.py\", line 105, in run\n    self.func(context, *args, **kwargs)\n    ~~~~~~~~~^^^^^^^^^^^^^^^^^^^^^^^^^^\n  File \"tests\\end_to_end_test\\features\\steps\\common_steps.py\", line 31, in step_have_pending_expense\n    assert data_cells[0].text == \"2025-12-29\", \"Date of the expense does not match\"  # date of the expense\n           ^^^^^^^^^^^^^^^^^^^^^^^^^^^^^^^^^^\n"}, "steps": [{"name": "Given I am on the employee expenses page", "status": "passed", "start": 1768236828914, "stop": 1768236829013}, {"name": "And I have a pending expense with description \"Pizza\" and amount \"$10.00\"", "status": "failed", "statusDetails": {"message": "AssertionError: Date of the expense does not match\n", "trace": "  File \"C:\\Users\\Stephenie\\Documents\\Revature\\Team-C-Project_2\\employee\\.venv\\Lib\\site-packages\\behave\\model.py\", line 1991, in run\n    match.run(runner.context)\n    ~~~~~~~~~^^^^^^^^^^^^^^^^\n  File \"C:\\Users\\Stephenie\\Documents\\Revature\\Team-C-Project_2\\employee\\.venv\\Lib\\site-packages\\behave\\matchers.py\", line 105, in run\n    self.func(context, *args, **kwargs)\n    ~~~~~~~~~^^^^^^^^^^^^^^^^^^^^^^^^^^\n  File \"tests\\end_to_end_test\\features\\steps\\common_steps.py\", line 31, in step_have_pending_expense\n    assert data_cells[0].text == \"2025-12-29\", \"Date of the expense does not match\"  # date of the expense\n           ^^^^^^^^^^^^^^^^^^^^^^^^^^^^^^^^^^\n"}, "start": 1768236829013, "stop": 1768236829031}, {"name": "When I click the edit button for the expense with description \"Pizza\" and status \"Pending\"", "status": "skipped", "start": 1768236839155, "stop": 1768236839155}, {"name": "Then I should see an edit expense header titled \"Edit Expense\"", "status": "skipped", "start": 1768236839155, "stop": 1768236839155}, {"name": "When I update the date to \"yyyy-12-dd\"", "status": "skipped", "start": 1768236839155, "stop": 1768236839155}, {"name": "And I click the update expense button", "status": "skipped", "start": 1768236839155, "stop": 1768236839155}, {"name": "Then I should see a date validation error message containing \"Please\"", "status": "skipped", "start": 1768236839155, "stop": 1768236839155}], "start": 1768236828913, "stop": 1768236839155, "uuid": "597ceaa6-9420-4ee7-846b-3db3e1978ec5", "historyId": "4379dee5fa52f1f520a9a0e00e283975", "testCaseId": "4b28f7e7f9dfc12bb64bd253a3da82b6", "fullName": "Update Pending Expense: Fail to update a pending expense with a partial date", "labels": [{"name": "severity", "value": "normal"}, {"name": "tag", "value": "cancel"}, {"name": "tag", "value": "negative"}, {"name": "feature", "value": "Update Pending Expense"}, {"name": "framework", "value": "behave"}, {"name": "language", "value": "cpython3"}], "titlePath": ["tests", "end_to_end_test", "features", "Update Pending Expense"]}