{"name": "Successful expense submit -- @1.1 ", "status": "broken", "statusDetails": {"message": "selenium.common.exceptions.TimeoutException: Message: \nStacktrace:\nSymbols not available. Dumping unresolved backtrace:\n\t0x7ff7e6a25ab5\n\t0x7ff7e6a25b14\n\t0x7ff7e6d72844\n\t0x7ff7e67c6a9a\n\t0x7ff7e67c6d35\n\t0x7ff7e6804b07\n\t0x7ff7e67bd6b7\n\t0x7ff7e68028f7\n\t0x7ff7e67bcbcc\n\t0x7ff7e67bbe26\n\t0x7ff7e67bc9f3\n\t0x7ff7e6880214\n\t0x7ff7e687c685\n\t0x7ff7e688ce73\n\t0x7ff7e6a40de8\n\t0x7ff7e6a496b6\n\t0x7ff7e6a2d194\n\t0x7ff7e6a2d2d9\n\t0x7ff7e6a1b172\n\t0x7ffd03ade8d7\n\t0x7ffd04b4c53c\n\n", "trace": "  File \"C:\\Users\\Stephenie\\Documents\\Revature\\Team-C-Project_2\\employee\\.venv\\Lib\\site-packages\\behave\\model.py\", line 1991, in run\n    match.run(runner.context)\n    ~~~~~~~~~^^^^^^^^^^^^^^^^\n  File \"C:\\Users\\Stephenie\\Documents\\Revature\\Team-C-Project_2\\employee\\.venv\\Lib\\site-packages\\behave\\matchers.py\", line 105, in run\n    self.func(context, *args, **kwargs)\n    ~~~~~~~~~^^^^^^^^^^^^^^^^^^^^^^^^^^\n  File \"tests\\end_to_end_test\\features\\steps\\submit_expense_steps.py\", line 87, in step_expense_is_shown\n    context.dashboard_page.wait_for_element((By.XPATH, f\"//td[contains(text(), '{date}')]\"))\n    ~~~~~~~~~~~~~~~~~~~~~~~~~~~~~~~~~~~~~~~^^^^^^^^^^^^^^^^^^^^^^^^^^^^^^^^^^^^^^^^^^^^^^^^^\n  File \"C:\\Users\\Stephenie\\Documents\\Revature\\Team-C-Project_2\\employee\\tests\\end_to_end_test\\pages\\base_page.py\", line 20, in wait_for_element\n    return self.wait.until(EC.presence_of_element_located(locator))\n           ~~~~~~~~~~~~~~~^^^^^^^^^^^^^^^^^^^^^^^^^^^^^^^^^^^^^^^^^\n  File \"C:\\Users\\Stephenie\\Documents\\Revature\\Team-C-Project_2\\employee\\.venv\\Lib\\site-packages\\selenium\\webdriver\\support\\wait.py\", line 122, in until\n    raise TimeoutException(message, screen, stacktrace)\n"}, "steps": [{"name": "Given the application is running", "status": "passed", "steps": [{"name": "Verify application driver is available", "status": "passed", "start": 1769093118223, "stop": 1769093118223}], "start": 1769093118222, "stop": 1769093118223}, {"name": "And the test database is already seeded with users", "status": "passed", "steps": [{"name": "Verify test database connection is available", "status": "passed", "start": 1769093118224, "stop": 1769093118224}], "start": 1769093118224, "stop": 1769093118224}, {"name": "And the employee is logged in", "status": "passed", "steps": [{"name": "Ensure the employee is logged in (setup)", "status": "passed", "steps": [{"name": "Enter credentials for employee1", "status": "passed", "start": 1769093118586, "stop": 1769093118813}, {"name": "Click login and wait for dashboard table", "status": "passed", "start": 1769093118813, "stop": 1769093121243}], "start": 1769093118225, "stop": 1769093121246}], "start": 1769093118224, "stop": 1769093121246}, {"name": "Given the employee is at the submit expense menu", "status": "passed", "start": 1769093121246, "stop": 1769093121298}, {"name": "When the employee inputs a new amount: \"123\"", "status": "passed", "start": 1769093121298, "stop": 1769093121339}, {"name": "And the employee inputs a new description: \"example description\"", "status": "passed", "start": 1769093121339, "stop": 1769093121391}, {"name": "And the employee inputs a new date: \"2025-12-31\"", "status": "passed", "start": 1769093121391, "stop": 1769093121432}, {"name": "And the employee clicks the submit expense button", "status": "passed", "start": 1769093121432, "stop": 1769093121483}, {"name": "Then the employee sees the message: \"Expense submitted successfully!\"", "status": "passed", "start": 1769093121483, "stop": 1769093122008}, {"name": "And the employee navigates to the expenses screen", "status": "passed", "start": 1769093122008, "stop": 1769093122056}, {"name": "And the expense is shown with the amount: \"123\", description: \"example description\", and the date: \"2025-12-31\"", "status": "broken", "statusDetails": {"message": "selenium.common.exceptions.TimeoutException: Message: \nStacktrace:\nSymbols not available. Dumping unresolved backtrace:\n\t0x7ff7e6a25ab5\n\t0x7ff7e6a25b14\n\t0x7ff7e6d72844\n\t0x7ff7e67c6a9a\n\t0x7ff7e67c6d35\n\t0x7ff7e6804b07\n\t0x7ff7e67bd6b7\n\t0x7ff7e68028f7\n\t0x7ff7e67bcbcc\n\t0x7ff7e67bbe26\n\t0x7ff7e67bc9f3\n\t0x7ff7e6880214\n\t0x7ff7e687c685\n\t0x7ff7e688ce73\n\t0x7ff7e6a40de8\n\t0x7ff7e6a496b6\n\t0x7ff7e6a2d194\n\t0x7ff7e6a2d2d9\n\t0x7ff7e6a1b172\n\t0x7ffd03ade8d7\n\t0x7ffd04b4c53c\n\n", "trace": "  File \"C:\\Users\\Stephenie\\Documents\\Revature\\Team-C-Project_2\\employee\\.venv\\Lib\\site-packages\\behave\\model.py\", line 1991, in run\n    match.run(runner.context)\n    ~~~~~~~~~^^^^^^^^^^^^^^^^\n  File \"C:\\Users\\Stephenie\\Documents\\Revature\\Team-C-Project_2\\employee\\.venv\\Lib\\site-packages\\behave\\matchers.py\", line 105, in run\n    self.func(context, *args, **kwargs)\n    ~~~~~~~~~^^^^^^^^^^^^^^^^^^^^^^^^^^\n  File \"tests\\end_to_end_test\\features\\steps\\submit_expense_steps.py\", line 87, in step_expense_is_shown\n    context.dashboard_page.wait_for_element((By.XPATH, f\"//td[contains(text(), '{date}')]\"))\n    ~~~~~~~~~~~~~~~~~~~~~~~~~~~~~~~~~~~~~~~^^^^^^^^^^^^^^^^^^^^^^^^^^^^^^^^^^^^^^^^^^^^^^^^^\n  File \"C:\\Users\\Stephenie\\Documents\\Revature\\Team-C-Project_2\\employee\\tests\\end_to_end_test\\pages\\base_page.py\", line 20, in wait_for_element\n    return self.wait.until(EC.presence_of_element_located(locator))\n           ~~~~~~~~~~~~~~~^^^^^^^^^^^^^^^^^^^^^^^^^^^^^^^^^^^^^^^^^\n  File \"C:\\Users\\Stephenie\\Documents\\Revature\\Team-C-Project_2\\employee\\.venv\\Lib\\site-packages\\selenium\\webdriver\\support\\wait.py\", line 122, in until\n    raise TimeoutException(message, screen, stacktrace)\n"}, "start": 1769093122057, "stop": 1769093132210}], "parameters": [{"name": "amount", "value": "123"}, {"name": "description", "value": "example description"}, {"name": "date", "value": "2025-12-31"}], "start": 1769093116982, "stop": 1769093134390, "uuid": "6991dabf-2bb0-48a4-8b51-1ec73c5a8443", "historyId": "20489b67fa32bf9d58327e86c9d439de", "testCaseId": "aebfaa0295a523a3df29fbb39331b311", "fullName": "Submit new expense: Successful expense submit", "labels": [{"name": "severity", "value": "normal"}, {"name": "feature", "value": "Submit new expense"}, {"name": "framework", "value": "behave"}, {"name": "language", "value": "cpython3"}], "titlePath": ["tests", "end_to_end_test", "features", "Submit new expense"]}