{"name": "Submit expense validation (empty required fields) -- @1.1 Validation errors", "status": "failed", "statusDetails": {"message": "AssertionError: Unknown field '\"amount\"' in step_field_selected\n", "trace": "  File \"C:\\Users\\Stephenie\\Documents\\Revature\\Team-C-Project_2\\employee\\.venv\\Lib\\site-packages\\behave\\model.py\", line 1991, in run\n    match.run(runner.context)\n    ~~~~~~~~~^^^^^^^^^^^^^^^^\n  File \"C:\\Users\\Stephenie\\Documents\\Revature\\Team-C-Project_2\\employee\\.venv\\Lib\\site-packages\\behave\\matchers.py\", line 105, in run\n    self.func(context, *args, **kwargs)\n    ~~~~~~~~~^^^^^^^^^^^^^^^^^^^^^^^^^^\n  File \"tests\\end_to_end_test\\features\\steps\\submit_expense_steps.py\", line 123, in step_field_selected\n    raise AssertionError(f\"Unknown field '{field}' in step_field_selected\")\n"}, "steps": [{"name": "Given the application is running", "status": "passed", "steps": [{"name": "Verify application driver is available", "status": "passed", "start": 1769096787572, "stop": 1769096787572}], "start": 1769096787571, "stop": 1769096787572}, {"name": "And the test database is already seeded with users", "status": "passed", "steps": [{"name": "Verify test database connection is available", "status": "passed", "start": 1769096787573, "stop": 1769096787573}], "start": 1769096787572, "stop": 1769096787573}, {"name": "And the employee is logged in", "status": "passed", "steps": [{"name": "Ensure the employee is logged in (setup)", "status": "passed", "steps": [{"name": "Enter credentials for employee1", "status": "passed", "start": 1769096787918, "stop": 1769096788031}, {"name": "Click login and wait for dashboard table", "status": "passed", "start": 1769096788031, "stop": 1769096790628}], "start": 1769096787573, "stop": 1769096790630}], "start": 1769096787573, "stop": 1769096790630}, {"name": "Given the employee is at the submit expense menu", "status": "passed", "start": 1769096790630, "stop": 1769096790678}, {"name": "When the employee inputs a new amount: \"EMPTY\"", "status": "passed", "start": 1769096790679, "stop": 1769096790723}, {"name": "And the employee inputs a new description: \"example\"", "status": "passed", "start": 1769096790723, "stop": 1769096790766}, {"name": "And the employee clicks the submit expense button", "status": "passed", "start": 1769096790767, "stop": 1769096790817}, {"name": "Then the \"amount\" field is selected", "status": "failed", "statusDetails": {"message": "AssertionError: Unknown field '\"amount\"' in step_field_selected\n", "trace": "  File \"C:\\Users\\Stephenie\\Documents\\Revature\\Team-C-Project_2\\employee\\.venv\\Lib\\site-packages\\behave\\model.py\", line 1991, in run\n    match.run(runner.context)\n    ~~~~~~~~~^^^^^^^^^^^^^^^^\n  File \"C:\\Users\\Stephenie\\Documents\\Revature\\Team-C-Project_2\\employee\\.venv\\Lib\\site-packages\\behave\\matchers.py\", line 105, in run\n    self.func(context, *args, **kwargs)\n    ~~~~~~~~~^^^^^^^^^^^^^^^^^^^^^^^^^^\n  File \"tests\\end_to_end_test\\features\\steps\\submit_expense_steps.py\", line 123, in step_field_selected\n    raise AssertionError(f\"Unknown field '{field}' in step_field_selected\")\n"}, "start": 1769096790817, "stop": 1769096790818}, {"name": "And the employee stays on the submit menu screen", "status": "skipped", "start": 1769096792930, "stop": 1769096792930}], "parameters": [{"name": "amount", "value": "EMPTY"}, {"name": "description", "value": "example"}, {"name": "focus_field", "value": "amount"}], "start": 1769096786451, "stop": 1769096792930, "uuid": "fe28762e-924a-47d0-896f-c60833fe51bb", "historyId": "ce7768ecf74efcf9f91d72b01171bc85", "testCaseId": "c854194fd76fbcac21386e4767a55bed", "fullName": "Submit new expense: Submit expense validation (empty required fields)", "labels": [{"name": "severity", "value": "normal"}, {"name": "tag", "value": "validation"}, {"name": "feature", "value": "Submit new expense"}, {"name": "framework", "value": "behave"}, {"name": "language", "value": "cpython3"}], "titlePath": ["tests", "end_to_end_test", "features", "Submit new expense"]}