{"name": "Edit Expense -- @1.4 ", "status": "failed", "statusDetails": {"message": "AssertionError: Edit message not found within the timeout period. Expected: 'Expense updated successfully!'\n", "trace": "  File \"C:\\Users\\Stephenie\\Documents\\Revature\\Team-C-Project_2\\employee\\.venv\\Lib\\site-packages\\behave\\model.py\", line 1991, in run\n    match.run(runner.context)\n    ~~~~~~~~~^^^^^^^^^^^^^^^^\n  File \"C:\\Users\\Stephenie\\Documents\\Revature\\Team-C-Project_2\\employee\\.venv\\Lib\\site-packages\\behave\\matchers.py\", line 105, in run\n    self.func(context, *args, **kwargs)\n    ~~~~~~~~~^^^^^^^^^^^^^^^^^^^^^^^^^^\n  File \"tests\\end_to_end_test\\features\\steps\\edit_expense_steps.py\", line 98, in edit_message_shown\n    raise AssertionError(f\"Edit message not found within the timeout period. Expected: '{message}'\")\n"}, "steps": [{"name": "Creating chrome driver (headless=True)", "status": "passed", "start": 1769104159193, "stop": 1769104160309}, {"name": "Given the application is running", "status": "passed", "steps": [{"name": "Verify application driver is available", "status": "passed", "start": 1769104160336, "stop": 1769104160336}], "start": 1769104160335, "stop": 1769104160336}, {"name": "And the test database is already seeded with users", "status": "passed", "steps": [{"name": "Verify test database connection is available", "status": "passed", "start": 1769104160336, "stop": 1769104160336}], "start": 1769104160336, "stop": 1769104160336}, {"name": "And the employee is logged in", "status": "passed", "steps": [{"name": "Ensure the employee is logged in (setup)", "status": "passed", "steps": [{"name": "Enter credentials for employee1", "status": "passed", "start": 1769104160648, "stop": 1769104160792}, {"name": "Click login and wait for dashboard table", "status": "passed", "start": 1769104160792, "stop": 1769104163514}], "start": 1769104160337, "stop": 1769104163517}], "start": 1769104160336, "stop": 1769104163517}, {"name": "Given the employee is on my expenses", "status": "passed", "start": 1769104163517, "stop": 1769104163576}, {"name": "And an expense with the description: \"Client lunch\" is shown", "status": "passed", "start": 1769104163576, "stop": 1769104163587}, {"name": "And the expense with description \"Client lunch\" is pending", "status": "passed", "start": 1769104163588, "stop": 1769104163601}, {"name": "When the employee clicks the edit button for the expense with description \"Client lunch\"", "status": "passed", "start": 1769104163601, "stop": 1769104163688}, {"name": "And the employee is redirected to the edit menu", "status": "passed", "start": 1769104163688, "stop": 1769104164216}, {"name": "And the employee inputs into the amount field: \"EMPTY\"", "status": "passed", "start": 1769104164216, "stop": 1769104164253}, {"name": "And the employee inputs into the description field: \"EMPTY\"", "status": "passed", "start": 1769104164254, "stop": 1769104164299}, {"name": "And the employee inputs into the date field: \"EMPTY\"", "status": "passed", "start": 1769104164300, "stop": 1769104164338}, {"name": "And the employee clicks the update button", "status": "passed", "start": 1769104164338, "stop": 1769104164390}, {"name": "Then the employee sees the edit message: \"Expense updated successfully!\"", "status": "failed", "statusDetails": {"message": "AssertionError: Edit message not found within the timeout period. Expected: 'Expense updated successfully!'\n", "trace": "  File \"C:\\Users\\Stephenie\\Documents\\Revature\\Team-C-Project_2\\employee\\.venv\\Lib\\site-packages\\behave\\model.py\", line 1991, in run\n    match.run(runner.context)\n    ~~~~~~~~~^^^^^^^^^^^^^^^^\n  File \"C:\\Users\\Stephenie\\Documents\\Revature\\Team-C-Project_2\\employee\\.venv\\Lib\\site-packages\\behave\\matchers.py\", line 105, in run\n    self.func(context, *args, **kwargs)\n    ~~~~~~~~~^^^^^^^^^^^^^^^^^^^^^^^^^^\n  File \"tests\\end_to_end_test\\features\\steps\\edit_expense_steps.py\", line 98, in edit_message_shown\n    raise AssertionError(f\"Edit message not found within the timeout period. Expected: '{message}'\")\n"}, "start": 1769104164390, "stop": 1769104174575}, {"name": "And the expense is shown with the amount: \"50\", description: \"Client lunch\", and the date: \"2025-01-05\"", "status": "skipped", "start": 1769104176730, "stop": 1769104176730}], "parameters": [{"name": "amount", "value": "EMPTY"}, {"name": "description", "value": "EMPTY"}, {"name": "date", "value": "EMPTY"}, {"name": "action", "value": "update"}, {"name": "message", "value": "Expense updated successfully!"}, {"name": "final_amount", "value": "50"}, {"name": "final_description", "value": "Client lunch"}, {"name": "final_date", "value": "2025-01-05"}], "start": 1769104159178, "stop": 1769104176730, "uuid": "f9584c5e-cce2-4ed1-81ed-0cb97d71c43e", "historyId": "f9a29420dee45da2908fd2c8fe46b9bd", "testCaseId": "2197e04c6c495ae3a2a671629d219288", "fullName": "Edit expense: Edit Expense", "labels": [{"name": "severity", "value": "normal"}, {"name": "feature", "value": "Edit expense"}, {"name": "framework", "value": "behave"}, {"name": "language", "value": "cpython3"}], "titlePath": ["tests", "end_to_end_test", "features", "Edit expense"]}