{"name": "Edit Expense -- @1.3 ", "status": "failed", "statusDetails": {"message": "AssertionError: Edit message not found or incorrect. Expected: 'none'\n", "trace": "  File \"C:\\Users\\Stephenie\\Documents\\Revature\\Team-C-Project_2\\employee\\.venv\\Lib\\site-packages\\behave\\model.py\", line 1991, in run\n    match.run(runner.context)\n    ~~~~~~~~~^^^^^^^^^^^^^^^^\n  File \"C:\\Users\\Stephenie\\Documents\\Revature\\Team-C-Project_2\\employee\\.venv\\Lib\\site-packages\\behave\\matchers.py\", line 105, in run\n    self.func(context, *args, **kwargs)\n    ~~~~~~~~~^^^^^^^^^^^^^^^^^^^^^^^^^^\n  File \"tests\\end_to_end_test\\features\\steps\\edit_expense_steps.py\", line 77, in step_impl\n    raise AssertionError(f\"Edit message not found or incorrect. Expected: '{message}'\")\n"}, "steps": [{"name": "Creating chrome driver (headless=True)", "status": "passed", "start": 1769101978080, "stop": 1769101979179}, {"name": "Given the application is running", "status": "passed", "steps": [{"name": "Verify application driver is available", "status": "passed", "start": 1769101979206, "stop": 1769101979206}], "start": 1769101979205, "stop": 1769101979206}, {"name": "And the test database is already seeded with users", "status": "passed", "steps": [{"name": "Verify test database connection is available", "status": "passed", "start": 1769101979206, "stop": 1769101979206}], "start": 1769101979206, "stop": 1769101979206}, {"name": "And the employee is logged in", "status": "passed", "steps": [{"name": "Ensure the employee is logged in (setup)", "status": "passed", "steps": [{"name": "Enter credentials for employee1", "status": "passed", "start": 1769101979540, "stop": 1769101979662}, {"name": "Click login and wait for dashboard table", "status": "passed", "start": 1769101979662, "stop": 1769101982391}], "start": 1769101979207, "stop": 1769101982396}], "start": 1769101979206, "stop": 1769101982396}, {"name": "Given the employee is on my expenses", "status": "passed", "start": 1769101982397, "stop": 1769101982480}, {"name": "And an expense with the description: \"Client lunch\" is shown", "status": "passed", "start": 1769101982480, "stop": 1769101982496}, {"name": "And the expense with description \"Client lunch\" is pending", "status": "passed", "start": 1769101982496, "stop": 1769101982520}, {"name": "When the employee clicks the edit button for the expense with description \"Client lunch\"", "status": "passed", "start": 1769101982520, "stop": 1769101982650}, {"name": "And the employee is redirected to the edit menu", "status": "passed", "start": 1769101982650, "stop": 1769101983192}, {"name": "And the employee inputs into the amount field: \"999999\"", "status": "passed", "start": 1769101983192, "stop": 1769101983248}, {"name": "And the employee inputs into the description field: \"wont be updated\"", "status": "passed", "start": 1769101983248, "stop": 1769101983316}, {"name": "And the employee inputs into the date field: \"2025-12-30\"", "status": "passed", "start": 1769101983317, "stop": 1769101983381}, {"name": "And the employee clicks the action cancel button", "status": "passed", "start": 1769101983381, "stop": 1769101983446}, {"name": "Then the employee sees the edit message: \"none\"", "status": "failed", "statusDetails": {"message": "AssertionError: Edit message not found or incorrect. Expected: 'none'\n", "trace": "  File \"C:\\Users\\Stephenie\\Documents\\Revature\\Team-C-Project_2\\employee\\.venv\\Lib\\site-packages\\behave\\model.py\", line 1991, in run\n    match.run(runner.context)\n    ~~~~~~~~~^^^^^^^^^^^^^^^^\n  File \"C:\\Users\\Stephenie\\Documents\\Revature\\Team-C-Project_2\\employee\\.venv\\Lib\\site-packages\\behave\\matchers.py\", line 105, in run\n    self.func(context, *args, **kwargs)\n    ~~~~~~~~~^^^^^^^^^^^^^^^^^^^^^^^^^^\n  File \"tests\\end_to_end_test\\features\\steps\\edit_expense_steps.py\", line 77, in step_impl\n    raise AssertionError(f\"Edit message not found or incorrect. Expected: '{message}'\")\n"}, "start": 1769101983446, "stop": 1769101993629}, {"name": "And the new expense is shown with the amount: \"50\", description: \"Client lunch\", and the date: \"2025-01-05\"", "status": "skipped", "start": 1769101995793, "stop": 1769101995793}], "parameters": [{"name": "original_description", "value": "Client lunch"}, {"name": "amount", "value": "999999"}, {"name": "description", "value": "wont be updated"}, {"name": "date", "value": "2025-12-30"}, {"name": "action", "value": "cancel"}, {"name": "message", "value": "none"}, {"name": "final_amount", "value": "50"}, {"name": "final_description", "value": "Client lunch"}, {"name": "final_date", "value": "2025-01-05"}], "start": 1769101978064, "stop": 1769101995793, "uuid": "21c8e294-1643-4fce-9ad3-4887b2485e8b", "historyId": "35dcf5988c438c4b465c3d9c347f9675", "testCaseId": "2197e04c6c495ae3a2a671629d219288", "fullName": "Edit expense: Edit Expense", "labels": [{"name": "severity", "value": "normal"}, {"name": "feature", "value": "Edit expense"}, {"name": "framework", "value": "behave"}, {"name": "language", "value": "cpython3"}], "titlePath": ["tests", "end_to_end_test", "features", "Edit expense"]}