{"name": "Fail to update a pending expense with an empty description", "status": "failed", "statusDetails": {"message": "AssertionError: Date of the expense does not match\n", "trace": "  File \"C:\\Users\\Stephenie\\Documents\\Revature\\Team-C-Project_2\\employee\\.venv\\Lib\\site-packages\\behave\\model.py\", line 1991, in run\n    match.run(runner.context)\n    ~~~~~~~~~^^^^^^^^^^^^^^^^\n  File \"C:\\Users\\Stephenie\\Documents\\Revature\\Team-C-Project_2\\employee\\.venv\\Lib\\site-packages\\behave\\matchers.py\", line 105, in run\n    self.func(context, *args, **kwargs)\n    ~~~~~~~~~^^^^^^^^^^^^^^^^^^^^^^^^^^\n  File \"tests\\end_to_end_test\\features\\steps\\common_steps.py\", line 31, in step_have_pending_expense\n    assert data_cells[0].text == \"2025-12-29\", \"Date of the expense does not match\"  # date of the expense\n           ^^^^^^^^^^^^^^^^^^^^^^^^^^^^^^^^^^\n"}, "steps": [{"name": "Given I am on the employee expenses page", "status": "passed", "start": 1768236849370, "stop": 1768236849449}, {"name": "And I have a pending expense with description \"Pizza\" and amount \"$10.00\"", "status": "failed", "statusDetails": {"message": "AssertionError: Date of the expense does not match\n", "trace": "  File \"C:\\Users\\Stephenie\\Documents\\Revature\\Team-C-Project_2\\employee\\.venv\\Lib\\site-packages\\behave\\model.py\", line 1991, in run\n    match.run(runner.context)\n    ~~~~~~~~~^^^^^^^^^^^^^^^^\n  File \"C:\\Users\\Stephenie\\Documents\\Revature\\Team-C-Project_2\\employee\\.venv\\Lib\\site-packages\\behave\\matchers.py\", line 105, in run\n    self.func(context, *args, **kwargs)\n    ~~~~~~~~~^^^^^^^^^^^^^^^^^^^^^^^^^^\n  File \"tests\\end_to_end_test\\features\\steps\\common_steps.py\", line 31, in step_have_pending_expense\n    assert data_cells[0].text == \"2025-12-29\", \"Date of the expense does not match\"  # date of the expense\n           ^^^^^^^^^^^^^^^^^^^^^^^^^^^^^^^^^^\n"}, "start": 1768236849449, "stop": 1768236849467}, {"name": "When I click the edit button for the expense with description \"Pizza\" and status \"Pending\"", "status": "skipped", "start": 1768236859601, "stop": 1768236859601}, {"name": "Then I should see an edit expense header titled \"Edit Expense\"", "status": "skipped", "start": 1768236859601, "stop": 1768236859601}, {"name": "When I clear the \"description\" field", "status": "skipped", "start": 1768236859601, "stop": 1768236859601}, {"name": "And I click the update expense button", "status": "skipped", "start": 1768236859601, "stop": 1768236859601}, {"name": "Then I should see a description validation error message \"Please fill out this field.\"", "status": "skipped", "start": 1768236859601, "stop": 1768236859601}], "start": 1768236849369, "stop": 1768236859601, "uuid": "5e985394-9172-4973-8b59-948cbdceb5ba", "historyId": "f68de4a87f048b30ad9785c673dba834", "testCaseId": "f55c8452953ba20d699fddee291f7204", "fullName": "Update Pending Expense: Fail to update a pending expense with an empty description", "labels": [{"name": "severity", "value": "normal"}, {"name": "tag", "value": "cancel"}, {"name": "tag", "value": "negative"}, {"name": "feature", "value": "Update Pending Expense"}, {"name": "framework", "value": "behave"}, {"name": "language", "value": "cpython3"}], "titlePath": ["tests", "end_to_end_test", "features", "Update Pending Expense"]}