{"name": "Edit Expense -- @1.3 ", "status": "failed", "statusDetails": {"message": "AssertionError: Edit message not found or incorrect. Expected: 'none'\n", "trace": "  File \"C:\\Users\\Stephenie\\Documents\\Revature\\Team-C-Project_2\\employee\\.venv\\Lib\\site-packages\\behave\\model.py\", line 1991, in run\n    match.run(runner.context)\n    ~~~~~~~~~^^^^^^^^^^^^^^^^\n  File \"C:\\Users\\Stephenie\\Documents\\Revature\\Team-C-Project_2\\employee\\.venv\\Lib\\site-packages\\behave\\matchers.py\", line 105, in run\n    self.func(context, *args, **kwargs)\n    ~~~~~~~~~^^^^^^^^^^^^^^^^^^^^^^^^^^\n  File \"tests\\end_to_end_test\\features\\steps\\edit_expense_steps.py\", line 77, in step_impl\n    raise AssertionError(f\"Edit message not found or incorrect. Expected: '{message}'\")\n"}, "steps": [{"name": "Creating chrome driver (headless=True)", "status": "passed", "start": 1769102057905, "stop": 1769102059049}, {"name": "Given the application is running", "status": "passed", "steps": [{"name": "Verify application driver is available", "status": "passed", "start": 1769102059086, "stop": 1769102059086}], "start": 1769102059085, "stop": 1769102059086}, {"name": "And the test database is already seeded with users", "status": "passed", "steps": [{"name": "Verify test database connection is available", "status": "passed", "start": 1769102059087, "stop": 1769102059087}], "start": 1769102059086, "stop": 1769102059087}, {"name": "And the employee is logged in", "status": "passed", "steps": [{"name": "Ensure the employee is logged in (setup)", "status": "passed", "steps": [{"name": "Enter credentials for employee1", "status": "passed", "start": 1769102059426, "stop": 1769102059573}, {"name": "Click login and wait for dashboard table", "status": "passed", "start": 1769102059573, "stop": 1769102062322}], "start": 1769102059087, "stop": 1769102062324}], "start": 1769102059087, "stop": 1769102062324}, {"name": "Given the employee is on my expenses", "status": "passed", "start": 1769102062325, "stop": 1769102062390}, {"name": "And an expense with the description: \"Client lunch\" is shown", "status": "passed", "start": 1769102062391, "stop": 1769102062403}, {"name": "And the expense with description \"Client lunch\" is pending", "status": "passed", "start": 1769102062403, "stop": 1769102062417}, {"name": "When the employee clicks the edit button for the expense with description \"Client lunch\"", "status": "passed", "start": 1769102062418, "stop": 1769102062510}, {"name": "And the employee is redirected to the edit menu", "status": "passed", "start": 1769102062510, "stop": 1769102063044}, {"name": "And the employee inputs into the amount field: \"999999\"", "status": "passed", "start": 1769102063044, "stop": 1769102063097}, {"name": "And the employee inputs into the description field: \"wont be updated\"", "status": "passed", "start": 1769102063097, "stop": 1769102063165}, {"name": "And the employee inputs into the date field: \"2025-12-30\"", "status": "passed", "start": 1769102063165, "stop": 1769102063229}, {"name": "And the employee clicks the action cancel button", "status": "passed", "start": 1769102063230, "stop": 1769102063292}, {"name": "Then the employee sees the edit message: \"none\"", "status": "failed", "statusDetails": {"message": "AssertionError: Edit message not found or incorrect. Expected: 'none'\n", "trace": "  File \"C:\\Users\\Stephenie\\Documents\\Revature\\Team-C-Project_2\\employee\\.venv\\Lib\\site-packages\\behave\\model.py\", line 1991, in run\n    match.run(runner.context)\n    ~~~~~~~~~^^^^^^^^^^^^^^^^\n  File \"C:\\Users\\Stephenie\\Documents\\Revature\\Team-C-Project_2\\employee\\.venv\\Lib\\site-packages\\behave\\matchers.py\", line 105, in run\n    self.func(context, *args, **kwargs)\n    ~~~~~~~~~^^^^^^^^^^^^^^^^^^^^^^^^^^\n  File \"tests\\end_to_end_test\\features\\steps\\edit_expense_steps.py\", line 77, in step_impl\n    raise AssertionError(f\"Edit message not found or incorrect. Expected: '{message}'\")\n"}, "start": 1769102063292, "stop": 1769102073437}, {"name": "And the new expense is shown with the amount: \"50\", description: \"Client lunch\", and the date: \"2025-01-05\"", "status": "skipped", "start": 1769102075578, "stop": 1769102075578}], "parameters": [{"name": "original_description", "value": "Client lunch"}, {"name": "amount", "value": "999999"}, {"name": "description", "value": "wont be updated"}, {"name": "date", "value": "2025-12-30"}, {"name": "action", "value": "cancel"}, {"name": "message", "value": "none"}, {"name": "final_amount", "value": "50"}, {"name": "final_description", "value": "Client lunch"}, {"name": "final_date", "value": "2025-01-05"}], "start": 1769102057889, "stop": 1769102075578, "uuid": "d21b5a0d-36d0-4ac1-b3ea-fe355b07a713", "historyId": "35dcf5988c438c4b465c3d9c347f9675", "testCaseId": "2197e04c6c495ae3a2a671629d219288", "fullName": "Edit expense: Edit Expense", "labels": [{"name": "severity", "value": "normal"}, {"name": "feature", "value": "Edit expense"}, {"name": "framework", "value": "behave"}, {"name": "language", "value": "cpython3"}], "titlePath": ["tests", "end_to_end_test", "features", "Edit expense"]}