{"name": "Edit Expense -- @1.4 ", "status": "broken", "statusDetails": {"message": "selenium.common.exceptions.TimeoutException: Message: \nStacktrace:\nSymbols not available. Dumping unresolved backtrace:\n\t0x7ff6e18788d5\n\t0x7ff6e1878930\n\t0x7ff6e165165d\n\t0x7ff6e16a9a33\n\t0x7ff6e16a9d3c\n\t0x7ff6e16fdf67\n\t0x7ff6e16fac97\n\t0x7ff6e169ac29\n\t0x7ff6e169ba93\n\t0x7ff6e1b90620\n\t0x7ff6e1b8af60\n\t0x7ff6e1ba96c6\n\t0x7ff6e1895dd4\n\t0x7ff6e189ed7c\n\t0x7ff6e1881ff4\n\t0x7ff6e18821a5\n\t0x7ff6e1867ed2\n\t0x7ffd03ade8d7\n\t0x7ffd04b4c53c\n\n", "trace": "  File \"C:\\Users\\Stephenie\\Documents\\Revature\\Team-C-Project_2\\employee\\.venv\\Lib\\site-packages\\behave\\model.py\", line 1991, in run\n    match.run(runner.context)\n    ~~~~~~~~~^^^^^^^^^^^^^^^^\n  File \"C:\\Users\\Stephenie\\Documents\\Revature\\Team-C-Project_2\\employee\\.venv\\Lib\\site-packages\\behave\\matchers.py\", line 105, in run\n    self.func(context, *args, **kwargs)\n    ~~~~~~~~~^^^^^^^^^^^^^^^^^^^^^^^^^^\n  File \"tests\\end_to_end_test\\features\\steps\\edit_expense_steps.py\", line 73, in step_impl\n    edit_message = context.dashboard_page.get_text(edit_message_locator)\n  File \"C:\\Users\\Stephenie\\Documents\\Revature\\Team-C-Project_2\\employee\\tests\\end_to_end_test\\pages\\base_page.py\", line 34, in get_text\n    return self.wait_for_element(locator).text\n           ~~~~~~~~~~~~~~~~~~~~~^^^^^^^^^\n  File \"C:\\Users\\Stephenie\\Documents\\Revature\\Team-C-Project_2\\employee\\tests\\end_to_end_test\\pages\\base_page.py\", line 20, in wait_for_element\n    return self.wait.until(EC.presence_of_element_located(locator))\n           ~~~~~~~~~~~~~~~^^^^^^^^^^^^^^^^^^^^^^^^^^^^^^^^^^^^^^^^^\n  File \"C:\\Users\\Stephenie\\Documents\\Revature\\Team-C-Project_2\\employee\\.venv\\Lib\\site-packages\\selenium\\webdriver\\support\\wait.py\", line 122, in until\n    raise TimeoutException(message, screen, stacktrace)\n"}, "steps": [{"name": "Creating chrome driver (headless=True)", "status": "passed", "start": 1769101810831, "stop": 1769101811941}, {"name": "Given the application is running", "status": "passed", "steps": [{"name": "Verify application driver is available", "status": "passed", "start": 1769101811977, "stop": 1769101811977}], "start": 1769101811976, "stop": 1769101811977}, {"name": "And the test database is already seeded with users", "status": "passed", "steps": [{"name": "Verify test database connection is available", "status": "passed", "start": 1769101811978, "stop": 1769101811978}], "start": 1769101811977, "stop": 1769101811978}, {"name": "And the employee is logged in", "status": "passed", "steps": [{"name": "Ensure the employee is logged in (setup)", "status": "passed", "steps": [{"name": "Enter credentials for employee1", "status": "passed", "start": 1769101812327, "stop": 1769101812565}, {"name": "Click login and wait for dashboard table", "status": "passed", "start": 1769101812565, "stop": 1769101815333}], "start": 1769101811978, "stop": 1769101815341}], "start": 1769101811978, "stop": 1769101815341}, {"name": "Given the employee is on my expenses", "status": "passed", "start": 1769101815342, "stop": 1769101815471}, {"name": "And an expense with the description: \"Client lunch\" is shown", "status": "passed", "start": 1769101815472, "stop": 1769101815494}, {"name": "And the expense with description \"Client lunch\" is pending", "status": "passed", "start": 1769101815494, "stop": 1769101815522}, {"name": "When the employee clicks the edit button for the expense with description \"Client lunch\"", "status": "passed", "start": 1769101815522, "stop": 1769101815678}, {"name": "And the employee is redirected to the edit menu", "status": "passed", "start": 1769101815678, "stop": 1769101816242}, {"name": "And the employee inputs into the amount field: \"none\"", "status": "passed", "start": 1769101816242, "stop": 1769101816364}, {"name": "And the employee inputs into the description field: \"none\"", "status": "passed", "start": 1769101816364, "stop": 1769101816508}, {"name": "And the employee inputs into the date field: \"none\"", "status": "passed", "start": 1769101816508, "stop": 1769101816630}, {"name": "And the employee clicks the action update button", "status": "passed", "start": 1769101816630, "stop": 1769101816768}, {"name": "Then the employee sees the edit message: \"Expense updated successfully!\"", "status": "broken", "statusDetails": {"message": "selenium.common.exceptions.TimeoutException: Message: \nStacktrace:\nSymbols not available. Dumping unresolved backtrace:\n\t0x7ff6e18788d5\n\t0x7ff6e1878930\n\t0x7ff6e165165d\n\t0x7ff6e16a9a33\n\t0x7ff6e16a9d3c\n\t0x7ff6e16fdf67\n\t0x7ff6e16fac97\n\t0x7ff6e169ac29\n\t0x7ff6e169ba93\n\t0x7ff6e1b90620\n\t0x7ff6e1b8af60\n\t0x7ff6e1ba96c6\n\t0x7ff6e1895dd4\n\t0x7ff6e189ed7c\n\t0x7ff6e1881ff4\n\t0x7ff6e18821a5\n\t0x7ff6e1867ed2\n\t0x7ffd03ade8d7\n\t0x7ffd04b4c53c\n\n", "trace": "  File \"C:\\Users\\Stephenie\\Documents\\Revature\\Team-C-Project_2\\employee\\.venv\\Lib\\site-packages\\behave\\model.py\", line 1991, in run\n    match.run(runner.context)\n    ~~~~~~~~~^^^^^^^^^^^^^^^^\n  File \"C:\\Users\\Stephenie\\Documents\\Revature\\Team-C-Project_2\\employee\\.venv\\Lib\\site-packages\\behave\\matchers.py\", line 105, in run\n    self.func(context, *args, **kwargs)\n    ~~~~~~~~~^^^^^^^^^^^^^^^^^^^^^^^^^^\n  File \"tests\\end_to_end_test\\features\\steps\\edit_expense_steps.py\", line 73, in step_impl\n    edit_message = context.dashboard_page.get_text(edit_message_locator)\n  File \"C:\\Users\\Stephenie\\Documents\\Revature\\Team-C-Project_2\\employee\\tests\\end_to_end_test\\pages\\base_page.py\", line 34, in get_text\n    return self.wait_for_element(locator).text\n           ~~~~~~~~~~~~~~~~~~~~~^^^^^^^^^\n  File \"C:\\Users\\Stephenie\\Documents\\Revature\\Team-C-Project_2\\employee\\tests\\end_to_end_test\\pages\\base_page.py\", line 20, in wait_for_element\n    return self.wait.until(EC.presence_of_element_located(locator))\n           ~~~~~~~~~~~~~~~^^^^^^^^^^^^^^^^^^^^^^^^^^^^^^^^^^^^^^^^^\n  File \"C:\\Users\\Stephenie\\Documents\\Revature\\Team-C-Project_2\\employee\\.venv\\Lib\\site-packages\\selenium\\webdriver\\support\\wait.py\", line 122, in until\n    raise TimeoutException(message, screen, stacktrace)\n"}, "start": 1769101816769, "stop": 1769101827040}, {"name": "And the new expense is shown with the amount: \"50\", description: \"Client lunch\", and the date: \"2025-01-05\"", "status": "skipped", "start": 1769101829246, "stop": 1769101829246}], "parameters": [{"name": "original_description", "value": "Client lunch"}, {"name": "amount", "value": "none"}, {"name": "description", "value": "none"}, {"name": "date", "value": "none"}, {"name": "action", "value": "update"}, {"name": "message", "value": "Expense updated successfully!"}, {"name": "final_amount", "value": "50"}, {"name": "final_description", "value": "Client lunch"}, {"name": "final_date", "value": "2025-01-05"}], "start": 1769101810819, "stop": 1769101829246, "uuid": "7fe32c49-a4d9-4dc2-bc2b-e46f380f8999", "historyId": "48d5ca316f86860cccf899867f1db6b8", "testCaseId": "2197e04c6c495ae3a2a671629d219288", "fullName": "Edit expense: Edit Expense", "labels": [{"name": "severity", "value": "normal"}, {"name": "feature", "value": "Edit expense"}, {"name": "framework", "value": "behave"}, {"name": "language", "value": "cpython3"}], "titlePath": ["tests", "end_to_end_test", "features", "Edit expense"]}