{"name": "Successful expense submit -- @1.1 Successful submissions", "status": "broken", "statusDetails": {"message": "selenium.common.exceptions.InvalidSelectorException: Message: invalid selector: Unable to locate an element with the xpath expression //td[contains(text(), '<class 'datetime.date'>')] because of the following error:\nSyntaxError: Failed to execute 'evaluate' on 'Document': The string '//td[contains(text(), '<class 'datetime.date'>')]' is not a valid XPath expression.\n  (Session info: MicrosoftEdge=144.0.3719.82); For documentation on this error, please visit: https://www.selenium.dev/documentation/webdriver/troubleshooting/errors#invalidselectorexception\nStacktrace:\nSymbols not available. Dumping unresolved backtrace:\n\t0x7ff7e6a25ab5\n\t0x7ff7e6a25b14\n\t0x7ff7e6d72844\n\t0x7ff7e6784089\n\t0x7ff7e67864d4\n\t0x7ff7e678659f\n\t0x7ff7e67c6593\n\t0x7ff7e67c6d35\n\t0x7ff7e6804b07\n\t0x7ff7e67bd6b7\n\t0x7ff7e68028f7\n\t0x7ff7e67bcbcc\n\t0x7ff7e67bbe26\n\t0x7ff7e67bc9f3\n\t0x7ff7e6880214\n\t0x7ff7e687c685\n\t0x7ff7e688ce73\n\t0x7ff7e6a40de8\n\t0x7ff7e6a496b6\n\t0x7ff7e6a2d194\n\t0x7ff7e6a2d2d9\n\t0x7ff7e6a1b172\n\t0x7ffd03ade8d7\n\t0x7ffd04b4c53c\n\n", "trace": "  File \"C:\\Users\\Stephenie\\Documents\\Revature\\Team-C-Project_2\\employee\\.venv\\Lib\\site-packages\\behave\\model.py\", line 1991, in run\n    match.run(runner.context)\n    ~~~~~~~~~^^^^^^^^^^^^^^^^\n  File \"C:\\Users\\Stephenie\\Documents\\Revature\\Team-C-Project_2\\employee\\.venv\\Lib\\site-packages\\behave\\matchers.py\", line 105, in run\n    self.func(context, *args, **kwargs)\n    ~~~~~~~~~^^^^^^^^^^^^^^^^^^^^^^^^^^\n  File \"tests\\end_to_end_test\\features\\steps\\submit_expense_steps.py\", line 89, in step_expense_is_shown\n    context.dashboard_page.wait_for_element((By.XPATH, f\"//td[contains(text(), '{date}')]\"))\n    ~~~~~~~~~~~~~~~~~~~~~~~~~~~~~~~~~~~~~~~^^^^^^^^^^^^^^^^^^^^^^^^^^^^^^^^^^^^^^^^^^^^^^^^^\n  File \"C:\\Users\\Stephenie\\Documents\\Revature\\Team-C-Project_2\\employee\\tests\\end_to_end_test\\pages\\base_page.py\", line 20, in wait_for_element\n    return self.wait.until(EC.presence_of_element_located(locator))\n           ~~~~~~~~~~~~~~~^^^^^^^^^^^^^^^^^^^^^^^^^^^^^^^^^^^^^^^^^\n  File \"C:\\Users\\Stephenie\\Documents\\Revature\\Team-C-Project_2\\employee\\.venv\\Lib\\site-packages\\selenium\\webdriver\\support\\wait.py\", line 113, in until\n    value = method(self._driver)\n  File \"C:\\Users\\Stephenie\\Documents\\Revature\\Team-C-Project_2\\employee\\.venv\\Lib\\site-packages\\selenium\\webdriver\\support\\expected_conditions.py\", line 92, in _predicate\n    return driver.find_element(*locator)\n           ~~~~~~~~~~~~~~~~~~~^^^^^^^^^^\n  File \"C:\\Users\\Stephenie\\Documents\\Revature\\Team-C-Project_2\\employee\\.venv\\Lib\\site-packages\\selenium\\webdriver\\remote\\webdriver.py\", line 802, in find_element\n    return self.execute(Command.FIND_ELEMENT, {\"using\": by, \"value\": value})[\"value\"]\n           ~~~~~~~~~~~~^^^^^^^^^^^^^^^^^^^^^^^^^^^^^^^^^^^^^^^^^^^^^^^^^^^^^\n  File \"C:\\Users\\Stephenie\\Documents\\Revature\\Team-C-Project_2\\employee\\.venv\\Lib\\site-packages\\selenium\\webdriver\\remote\\webdriver.py\", line 432, in execute\n    self.error_handler.check_response(response)\n    ~~~~~~~~~~~~~~~~~~~~~~~~~~~~~~~~~^^^^^^^^^^\n  File \"C:\\Users\\Stephenie\\Documents\\Revature\\Team-C-Project_2\\employee\\.venv\\Lib\\site-packages\\selenium\\webdriver\\remote\\errorhandler.py\", line 232, in check_response\n    raise exception_class(message, screen, stacktrace)\n"}, "steps": [{"name": "Given the application is running", "status": "passed", "steps": [{"name": "Verify application driver is available", "status": "passed", "start": 1769098130205, "stop": 1769098130205}], "start": 1769098130204, "stop": 1769098130205}, {"name": "And the test database is already seeded with users", "status": "passed", "steps": [{"name": "Verify test database connection is available", "status": "passed", "start": 1769098130206, "stop": 1769098130206}], "start": 1769098130205, "stop": 1769098130206}, {"name": "And the employee is logged in", "status": "passed", "steps": [{"name": "Ensure the employee is logged in (setup)", "status": "passed", "steps": [{"name": "Enter credentials for employee1", "status": "passed", "start": 1769098130545, "stop": 1769098130759}, {"name": "Click login and wait for dashboard table", "status": "passed", "start": 1769098130759, "stop": 1769098132839}], "start": 1769098130206, "stop": 1769098132841}], "start": 1769098130206, "stop": 1769098132841}, {"name": "Given the employee is at the submit expense menu", "status": "passed", "start": 1769098132842, "stop": 1769098132888}, {"name": "When the employee inputs a new amount: \"123\"", "status": "passed", "start": 1769098132888, "stop": 1769098132930}, {"name": "And the employee inputs a new description: \"example description\"", "status": "passed", "start": 1769098132930, "stop": 1769098132983}, {"name": "And the employee inputs a new date: \"2025-12-31\"", "status": "passed", "start": 1769098132983, "stop": 1769098133024}, {"name": "And the employee clicks the submit expense button", "status": "passed", "start": 1769098133024, "stop": 1769098133067}, {"name": "Then the employee sees the message: \"Expense submitted successfully!\"", "status": "passed", "start": 1769098133067, "stop": 1769098133088}, {"name": "And the employee navigates to the expenses screen", "status": "passed", "start": 1769098133088, "stop": 1769098133131}, {"name": "And the expense is shown with the amount: \"123\", description: \"example description\", and the date: \"2025-12-31\"", "status": "broken", "statusDetails": {"message": "selenium.common.exceptions.InvalidSelectorException: Message: invalid selector: Unable to locate an element with the xpath expression //td[contains(text(), '<class 'datetime.date'>')] because of the following error:\nSyntaxError: Failed to execute 'evaluate' on 'Document': The string '//td[contains(text(), '<class 'datetime.date'>')]' is not a valid XPath expression.\n  (Session info: MicrosoftEdge=144.0.3719.82); For documentation on this error, please visit: https://www.selenium.dev/documentation/webdriver/troubleshooting/errors#invalidselectorexception\nStacktrace:\nSymbols not available. Dumping unresolved backtrace:\n\t0x7ff7e6a25ab5\n\t0x7ff7e6a25b14\n\t0x7ff7e6d72844\n\t0x7ff7e6784089\n\t0x7ff7e67864d4\n\t0x7ff7e678659f\n\t0x7ff7e67c6593\n\t0x7ff7e67c6d35\n\t0x7ff7e6804b07\n\t0x7ff7e67bd6b7\n\t0x7ff7e68028f7\n\t0x7ff7e67bcbcc\n\t0x7ff7e67bbe26\n\t0x7ff7e67bc9f3\n\t0x7ff7e6880214\n\t0x7ff7e687c685\n\t0x7ff7e688ce73\n\t0x7ff7e6a40de8\n\t0x7ff7e6a496b6\n\t0x7ff7e6a2d194\n\t0x7ff7e6a2d2d9\n\t0x7ff7e6a1b172\n\t0x7ffd03ade8d7\n\t0x7ffd04b4c53c\n\n", "trace": "  File \"C:\\Users\\Stephenie\\Documents\\Revature\\Team-C-Project_2\\employee\\.venv\\Lib\\site-packages\\behave\\model.py\", line 1991, in run\n    match.run(runner.context)\n    ~~~~~~~~~^^^^^^^^^^^^^^^^\n  File \"C:\\Users\\Stephenie\\Documents\\Revature\\Team-C-Project_2\\employee\\.venv\\Lib\\site-packages\\behave\\matchers.py\", line 105, in run\n    self.func(context, *args, **kwargs)\n    ~~~~~~~~~^^^^^^^^^^^^^^^^^^^^^^^^^^\n  File \"tests\\end_to_end_test\\features\\steps\\submit_expense_steps.py\", line 89, in step_expense_is_shown\n    context.dashboard_page.wait_for_element((By.XPATH, f\"//td[contains(text(), '{date}')]\"))\n    ~~~~~~~~~~~~~~~~~~~~~~~~~~~~~~~~~~~~~~~^^^^^^^^^^^^^^^^^^^^^^^^^^^^^^^^^^^^^^^^^^^^^^^^^\n  File \"C:\\Users\\Stephenie\\Documents\\Revature\\Team-C-Project_2\\employee\\tests\\end_to_end_test\\pages\\base_page.py\", line 20, in wait_for_element\n    return self.wait.until(EC.presence_of_element_located(locator))\n           ~~~~~~~~~~~~~~~^^^^^^^^^^^^^^^^^^^^^^^^^^^^^^^^^^^^^^^^^\n  File \"C:\\Users\\Stephenie\\Documents\\Revature\\Team-C-Project_2\\employee\\.venv\\Lib\\site-packages\\selenium\\webdriver\\support\\wait.py\", line 113, in until\n    value = method(self._driver)\n  File \"C:\\Users\\Stephenie\\Documents\\Revature\\Team-C-Project_2\\employee\\.venv\\Lib\\site-packages\\selenium\\webdriver\\support\\expected_conditions.py\", line 92, in _predicate\n    return driver.find_element(*locator)\n           ~~~~~~~~~~~~~~~~~~~^^^^^^^^^^\n  File \"C:\\Users\\Stephenie\\Documents\\Revature\\Team-C-Project_2\\employee\\.venv\\Lib\\site-packages\\selenium\\webdriver\\remote\\webdriver.py\", line 802, in find_element\n    return self.execute(Command.FIND_ELEMENT, {\"using\": by, \"value\": value})[\"value\"]\n           ~~~~~~~~~~~~^^^^^^^^^^^^^^^^^^^^^^^^^^^^^^^^^^^^^^^^^^^^^^^^^^^^^\n  File \"C:\\Users\\Stephenie\\Documents\\Revature\\Team-C-Project_2\\employee\\.venv\\Lib\\site-packages\\selenium\\webdriver\\remote\\webdriver.py\", line 432, in execute\n    self.error_handler.check_response(response)\n    ~~~~~~~~~~~~~~~~~~~~~~~~~~~~~~~~~^^^^^^^^^^\n  File \"C:\\Users\\Stephenie\\Documents\\Revature\\Team-C-Project_2\\employee\\.venv\\Lib\\site-packages\\selenium\\webdriver\\remote\\errorhandler.py\", line 232, in check_response\n    raise exception_class(message, screen, stacktrace)\n"}, "start": 1769098133131, "stop": 1769098133147}], "parameters": [{"name": "amount", "value": "123"}, {"name": "description", "value": "example description"}, {"name": "date", "value": "2025-12-31"}, {"name": "expected_date", "value": "2025-12-31"}], "start": 1769098129031, "stop": 1769098135264, "uuid": "f567f2f4-0792-4b37-aa48-5818794fdd38", "historyId": "1ed0a93875e42649e918bb5b82d498d3", "testCaseId": "aebfaa0295a523a3df29fbb39331b311", "fullName": "Submit new expense: Successful expense submit", "labels": [{"name": "severity", "value": "normal"}, {"name": "feature", "value": "Submit new expense"}, {"name": "framework", "value": "behave"}, {"name": "language", "value": "cpython3"}], "titlePath": ["tests", "end_to_end_test", "features", "Submit new expense"]}