{"name": "Successful expense submit -- @1.1 Successful submissions", "status": "failed", "statusDetails": {"message": "AssertionError: Expense not found: 123, example description, 2025-12-31\n", "trace": "  File \"C:\\Users\\Stephenie\\Documents\\Revature\\Team-C-Project_2\\employee\\.venv\\Lib\\site-packages\\behave\\model.py\", line 1991, in run\n    match.run(runner.context)\n    ~~~~~~~~~^^^^^^^^^^^^^^^^\n  File \"C:\\Users\\Stephenie\\Documents\\Revature\\Team-C-Project_2\\employee\\.venv\\Lib\\site-packages\\behave\\matchers.py\", line 105, in run\n    self.func(context, *args, **kwargs)\n    ~~~~~~~~~^^^^^^^^^^^^^^^^^^^^^^^^^^\n  File \"tests\\end_to_end_test\\features\\steps\\submit_expense_steps.py\", line 164, in step_expense_is_shown\n    assert found, f\"Expense not found: {amount}, {description}, {expected_iso}\"\n           ^^^^^\n"}, "steps": [{"name": "Given the application is running", "status": "passed", "steps": [{"name": "Verify application driver is available", "status": "passed", "start": 1769025241083, "stop": 1769025241083}], "start": 1769025241082, "stop": 1769025241083}, {"name": "And the test database is already seeded with users", "status": "passed", "steps": [{"name": "Verify test database connection is available", "status": "passed", "start": 1769025241084, "stop": 1769025241084}], "start": 1769025241083, "stop": 1769025241084}, {"name": "And the employee is logged in", "status": "passed", "steps": [{"name": "Ensure the employee is logged in (setup)", "status": "passed", "steps": [{"name": "Enter credentials for employee1", "status": "passed", "start": 1769025241423, "stop": 1769025241534}, {"name": "Click login and wait for dashboard table", "status": "passed", "start": 1769025241534, "stop": 1769025243678}], "start": 1769025241085, "stop": 1769025243682}], "start": 1769025241084, "stop": 1769025243682}, {"name": "Given the employee is at the submit expense menu", "status": "passed", "start": 1769025243683, "stop": 1769025243737}, {"name": "When the employee inputs a new amount: \"123\"", "status": "passed", "start": 1769025243738, "stop": 1769025243809}, {"name": "And the employee inputs a new description: \"example description\"", "status": "passed", "start": 1769025243809, "stop": 1769025243860}, {"name": "And the employee inputs a new date: \"2025-12-31\"", "status": "passed", "start": 1769025243860, "stop": 1769025243905}, {"name": "And the employee clicks the submit expense button", "status": "passed", "start": 1769025243905, "stop": 1769025243948}, {"name": "Then the employee sees the message: \"Expense submitted successfully!\"", "status": "passed", "start": 1769025243948, "stop": 1769025244471}, {"name": "And the employee navigates to the expenses screen", "status": "passed", "start": 1769025244471, "stop": 1769025244517}, {"name": "And the expense is shown with the amount: \"123\", description: \"example description\", and the date: \"2025-12-31\"", "status": "failed", "statusDetails": {"message": "AssertionError: Expense not found: 123, example description, 2025-12-31\n", "trace": "  File \"C:\\Users\\Stephenie\\Documents\\Revature\\Team-C-Project_2\\employee\\.venv\\Lib\\site-packages\\behave\\model.py\", line 1991, in run\n    match.run(runner.context)\n    ~~~~~~~~~^^^^^^^^^^^^^^^^\n  File \"C:\\Users\\Stephenie\\Documents\\Revature\\Team-C-Project_2\\employee\\.venv\\Lib\\site-packages\\behave\\matchers.py\", line 105, in run\n    self.func(context, *args, **kwargs)\n    ~~~~~~~~~^^^^^^^^^^^^^^^^^^^^^^^^^^\n  File \"tests\\end_to_end_test\\features\\steps\\submit_expense_steps.py\", line 164, in step_expense_is_shown\n    assert found, f\"Expense not found: {amount}, {description}, {expected_iso}\"\n           ^^^^^\n"}, "start": 1769025244518, "stop": 1769025245225}], "parameters": [{"name": "amount", "value": "123"}, {"name": "description", "value": "example description"}, {"name": "date", "value": "2025-12-31"}, {"name": "expected_date", "value": "2025-12-31"}], "start": 1769025239607, "stop": 1769025247388, "uuid": "e528c028-accd-4cca-ad79-fe31c0cfa679", "historyId": "1ed0a93875e42649e918bb5b82d498d3", "testCaseId": "aebfaa0295a523a3df29fbb39331b311", "fullName": "Submit new expense: Successful expense submit", "labels": [{"name": "severity", "value": "normal"}, {"name": "tag", "value": "e2e"}, {"name": "tag", "value": "expense"}, {"name": "tag", "value": "happy"}, {"name": "tag", "value": "smoke"}, {"name": "tag", "value": "submit"}, {"name": "feature", "value": "Submit new expense"}, {"name": "framework", "value": "behave"}, {"name": "language", "value": "cpython3"}], "titlePath": ["tests", "end_to_end_test", "features", "Submit new expense"]}