{"name": "Fail to update a pending expense with a negative amount", "status": "failed", "statusDetails": {"message": "AssertionError: Date of the expense does not match\n", "trace": "  File \"C:\\Users\\Stephenie\\Documents\\Revature\\Team-C-Project_2\\employee\\.venv\\Lib\\site-packages\\behave\\model.py\", line 1991, in run\n    match.run(runner.context)\n    ~~~~~~~~~^^^^^^^^^^^^^^^^\n  File \"C:\\Users\\Stephenie\\Documents\\Revature\\Team-C-Project_2\\employee\\.venv\\Lib\\site-packages\\behave\\matchers.py\", line 105, in run\n    self.func(context, *args, **kwargs)\n    ~~~~~~~~~^^^^^^^^^^^^^^^^^^^^^^^^^^\n  File \"tests\\end_to_end_test\\features\\steps\\common_steps.py\", line 31, in step_have_pending_expense\n    assert data_cells[0].text == \"2025-12-29\", \"Date of the expense does not match\"  # date of the expense\n           ^^^^^^^^^^^^^^^^^^^^^^^^^^^^^^^^^^\n"}, "steps": [{"name": "Given I am on the employee expenses page", "status": "passed", "start": 1768236808390, "stop": 1768236808470}, {"name": "And I have a pending expense with description \"Pizza\" and amount \"$10.00\"", "status": "failed", "statusDetails": {"message": "AssertionError: Date of the expense does not match\n", "trace": "  File \"C:\\Users\\Stephenie\\Documents\\Revature\\Team-C-Project_2\\employee\\.venv\\Lib\\site-packages\\behave\\model.py\", line 1991, in run\n    match.run(runner.context)\n    ~~~~~~~~~^^^^^^^^^^^^^^^^\n  File \"C:\\Users\\Stephenie\\Documents\\Revature\\Team-C-Project_2\\employee\\.venv\\Lib\\site-packages\\behave\\matchers.py\", line 105, in run\n    self.func(context, *args, **kwargs)\n    ~~~~~~~~~^^^^^^^^^^^^^^^^^^^^^^^^^^\n  File \"tests\\end_to_end_test\\features\\steps\\common_steps.py\", line 31, in step_have_pending_expense\n    assert data_cells[0].text == \"2025-12-29\", \"Date of the expense does not match\"  # date of the expense\n           ^^^^^^^^^^^^^^^^^^^^^^^^^^^^^^^^^^\n"}, "start": 1768236808471, "stop": 1768236808488}, {"name": "When I click the edit button for the expense with description \"Pizza\" and status \"Pending\"", "status": "skipped", "start": 1768236818646, "stop": 1768236818646}, {"name": "Then I should see an edit expense header titled \"Edit Expense\"", "status": "skipped", "start": 1768236818646, "stop": 1768236818646}, {"name": "When I update the amount to \"-5.00\"", "status": "skipped", "start": 1768236818646, "stop": 1768236818646}, {"name": "And I click the update expense button", "status": "skipped", "start": 1768236818646, "stop": 1768236818646}, {"name": "Then I should see an amount validation error message containing \"0.01\"", "status": "skipped", "start": 1768236818646, "stop": 1768236818646}], "start": 1768236808389, "stop": 1768236818646, "uuid": "04ab1441-5a15-437c-8607-ccb360d7a795", "historyId": "5364ac42af82fac5c4fd123d0198c87e", "testCaseId": "8d3c2cbe1c0c0c1e08594347d79e284b", "fullName": "Update Pending Expense: Fail to update a pending expense with a negative amount", "labels": [{"name": "severity", "value": "normal"}, {"name": "tag", "value": "cancel"}, {"name": "tag", "value": "negative"}, {"name": "feature", "value": "Update Pending Expense"}, {"name": "framework", "value": "behave"}, {"name": "language", "value": "cpython3"}], "titlePath": ["tests", "end_to_end_test", "features", "Update Pending Expense"]}