{"name": "Edit Expense -- @1.3 ", "status": "broken", "statusDetails": {"message": "selenium.common.exceptions.TimeoutException: Message: \nStacktrace:\nSymbols not available. Dumping unresolved backtrace:\n\t0x7ff6e18788d5\n\t0x7ff6e1878930\n\t0x7ff6e165165d\n\t0x7ff6e16a9a33\n\t0x7ff6e16a9d3c\n\t0x7ff6e16fdf67\n\t0x7ff6e16fac97\n\t0x7ff6e169ac29\n\t0x7ff6e169ba93\n\t0x7ff6e1b90620\n\t0x7ff6e1b8af60\n\t0x7ff6e1ba96c6\n\t0x7ff6e1895dd4\n\t0x7ff6e189ed7c\n\t0x7ff6e1881ff4\n\t0x7ff6e18821a5\n\t0x7ff6e1867ed2\n\t0x7ffd03ade8d7\n\t0x7ffd04b4c53c\n\n", "trace": "  File \"C:\\Users\\Stephenie\\Documents\\Revature\\Team-C-Project_2\\employee\\.venv\\Lib\\site-packages\\behave\\model.py\", line 1991, in run\n    match.run(runner.context)\n    ~~~~~~~~~^^^^^^^^^^^^^^^^\n  File \"C:\\Users\\Stephenie\\Documents\\Revature\\Team-C-Project_2\\employee\\.venv\\Lib\\site-packages\\behave\\matchers.py\", line 105, in run\n    self.func(context, *args, **kwargs)\n    ~~~~~~~~~^^^^^^^^^^^^^^^^^^^^^^^^^^\n  File \"tests\\end_to_end_test\\features\\steps\\edit_expense_steps.py\", line 97, in edit_message_shown\n    edit_message = context.dashboard_page.get_text(edit_message_locator)\n  File \"C:\\Users\\Stephenie\\Documents\\Revature\\Team-C-Project_2\\employee\\tests\\end_to_end_test\\pages\\base_page.py\", line 34, in get_text\n    return self.wait_for_element(locator).text\n           ~~~~~~~~~~~~~~~~~~~~~^^^^^^^^^\n  File \"C:\\Users\\Stephenie\\Documents\\Revature\\Team-C-Project_2\\employee\\tests\\end_to_end_test\\pages\\base_page.py\", line 20, in wait_for_element\n    return self.wait.until(EC.presence_of_element_located(locator))\n           ~~~~~~~~~~~~~~~^^^^^^^^^^^^^^^^^^^^^^^^^^^^^^^^^^^^^^^^^\n  File \"C:\\Users\\Stephenie\\Documents\\Revature\\Team-C-Project_2\\employee\\.venv\\Lib\\site-packages\\selenium\\webdriver\\support\\wait.py\", line 122, in until\n    raise TimeoutException(message, screen, stacktrace)\n"}, "steps": [{"name": "Creating chrome driver (headless=True)", "status": "passed", "start": 1769102778522, "stop": 1769102779620}, {"name": "Given the application is running", "status": "passed", "steps": [{"name": "Verify application driver is available", "status": "passed", "start": 1769102779648, "stop": 1769102779648}], "start": 1769102779647, "stop": 1769102779648}, {"name": "And the test database is already seeded with users", "status": "passed", "steps": [{"name": "Verify test database connection is available", "status": "passed", "start": 1769102779648, "stop": 1769102779648}], "start": 1769102779648, "stop": 1769102779648}, {"name": "And the employee is logged in", "status": "passed", "steps": [{"name": "Ensure the employee is logged in (setup)", "status": "passed", "steps": [{"name": "Enter credentials for employee1", "status": "passed", "start": 1769102779968, "stop": 1769102780107}, {"name": "Click login and wait for dashboard table", "status": "passed", "start": 1769102780107, "stop": 1769102782825}], "start": 1769102779649, "stop": 1769102782827}], "start": 1769102779649, "stop": 1769102782828}, {"name": "Given the employee is on my expenses", "status": "passed", "start": 1769102782828, "stop": 1769102782881}, {"name": "And an expense with the description: \"Client lunch\" is shown", "status": "passed", "start": 1769102782882, "stop": 1769102782892}, {"name": "And the expense with description \"Client lunch\" is pending", "status": "passed", "start": 1769102782892, "stop": 1769102782906}, {"name": "When the employee clicks the edit button for the expense with description \"Client lunch\"", "status": "passed", "start": 1769102782907, "stop": 1769102782990}, {"name": "And the employee is redirected to the edit menu", "status": "passed", "start": 1769102782990, "stop": 1769102783516}, {"name": "And the employee inputs into the amount field: \"999999\"", "status": "passed", "start": 1769102783516, "stop": 1769102783558}, {"name": "And the employee inputs into the description field: \"wont be updated\"", "status": "passed", "start": 1769102783558, "stop": 1769102783602}, {"name": "And the employee inputs into the date field: \"2025-12-30\"", "status": "passed", "start": 1769102783602, "stop": 1769102783641}, {"name": "And the employee clicks the cancel button", "status": "passed", "start": 1769102783641, "stop": 1769102783682}, {"name": "Then the employee sees the edit message: \"Expense update canceled!\"", "status": "broken", "statusDetails": {"message": "selenium.common.exceptions.TimeoutException: Message: \nStacktrace:\nSymbols not available. Dumping unresolved backtrace:\n\t0x7ff6e18788d5\n\t0x7ff6e1878930\n\t0x7ff6e165165d\n\t0x7ff6e16a9a33\n\t0x7ff6e16a9d3c\n\t0x7ff6e16fdf67\n\t0x7ff6e16fac97\n\t0x7ff6e169ac29\n\t0x7ff6e169ba93\n\t0x7ff6e1b90620\n\t0x7ff6e1b8af60\n\t0x7ff6e1ba96c6\n\t0x7ff6e1895dd4\n\t0x7ff6e189ed7c\n\t0x7ff6e1881ff4\n\t0x7ff6e18821a5\n\t0x7ff6e1867ed2\n\t0x7ffd03ade8d7\n\t0x7ffd04b4c53c\n\n", "trace": "  File \"C:\\Users\\Stephenie\\Documents\\Revature\\Team-C-Project_2\\employee\\.venv\\Lib\\site-packages\\behave\\model.py\", line 1991, in run\n    match.run(runner.context)\n    ~~~~~~~~~^^^^^^^^^^^^^^^^\n  File \"C:\\Users\\Stephenie\\Documents\\Revature\\Team-C-Project_2\\employee\\.venv\\Lib\\site-packages\\behave\\matchers.py\", line 105, in run\n    self.func(context, *args, **kwargs)\n    ~~~~~~~~~^^^^^^^^^^^^^^^^^^^^^^^^^^\n  File \"tests\\end_to_end_test\\features\\steps\\edit_expense_steps.py\", line 97, in edit_message_shown\n    edit_message = context.dashboard_page.get_text(edit_message_locator)\n  File \"C:\\Users\\Stephenie\\Documents\\Revature\\Team-C-Project_2\\employee\\tests\\end_to_end_test\\pages\\base_page.py\", line 34, in get_text\n    return self.wait_for_element(locator).text\n           ~~~~~~~~~~~~~~~~~~~~~^^^^^^^^^\n  File \"C:\\Users\\Stephenie\\Documents\\Revature\\Team-C-Project_2\\employee\\tests\\end_to_end_test\\pages\\base_page.py\", line 20, in wait_for_element\n    return self.wait.until(EC.presence_of_element_located(locator))\n           ~~~~~~~~~~~~~~~^^^^^^^^^^^^^^^^^^^^^^^^^^^^^^^^^^^^^^^^^\n  File \"C:\\Users\\Stephenie\\Documents\\Revature\\Team-C-Project_2\\employee\\.venv\\Lib\\site-packages\\selenium\\webdriver\\support\\wait.py\", line 122, in until\n    raise TimeoutException(message, screen, stacktrace)\n"}, "start": 1769102783682, "stop": 1769102793864}, {"name": "And the expense is shown with the amount: \"50\", description: \"Client lunch\", and the date: \"2025-01-05\"", "status": "skipped", "start": 1769102795994, "stop": 1769102795994}], "parameters": [{"name": "amount", "value": "999999"}, {"name": "description", "value": "wont be updated"}, {"name": "date", "value": "2025-12-30"}, {"name": "action", "value": "cancel"}, {"name": "message", "value": "Expense update canceled!"}, {"name": "final_amount", "value": "50"}, {"name": "final_description", "value": "Client lunch"}, {"name": "final_date", "value": "2025-01-05"}], "start": 1769102778508, "stop": 1769102795994, "uuid": "537801ed-e7f6-4825-8515-3eceaacd4a5b", "historyId": "1a6d085db2347eedd4bdf963fd2b7dbc", "testCaseId": "2197e04c6c495ae3a2a671629d219288", "fullName": "Edit expense: Edit Expense", "labels": [{"name": "severity", "value": "normal"}, {"name": "feature", "value": "Edit expense"}, {"name": "framework", "value": "behave"}, {"name": "language", "value": "cpython3"}], "titlePath": ["tests", "end_to_end_test", "features", "Edit expense"]}