{"name": "Successful expense submit -- @1.3 Successful submissions", "status": "broken", "statusDetails": {"message": "selenium.common.exceptions.TimeoutException: Message: \nStacktrace:\nSymbols not available. Dumping unresolved backtrace:\n\t0x7ff7e6a25ab5\n\t0x7ff7e6a25b14\n\t0x7ff7e6d72844\n\t0x7ff7e67c6a9a\n\t0x7ff7e67c6d35\n\t0x7ff7e6804b07\n\t0x7ff7e67bd6b7\n\t0x7ff7e68028f7\n\t0x7ff7e67bcbcc\n\t0x7ff7e67bbe26\n\t0x7ff7e67bc9f3\n\t0x7ff7e6880214\n\t0x7ff7e687c685\n\t0x7ff7e688ce73\n\t0x7ff7e6a40de8\n\t0x7ff7e6a496b6\n\t0x7ff7e6a2d194\n\t0x7ff7e6a2d2d9\n\t0x7ff7e6a1b172\n\t0x7ffd03ade8d7\n\t0x7ffd04b4c53c\n\n", "trace": "  File \"C:\\Users\\Stephenie\\Documents\\Revature\\Team-C-Project_2\\employee\\.venv\\Lib\\site-packages\\behave\\model.py\", line 1991, in run\n    match.run(runner.context)\n    ~~~~~~~~~^^^^^^^^^^^^^^^^\n  File \"C:\\Users\\Stephenie\\Documents\\Revature\\Team-C-Project_2\\employee\\.venv\\Lib\\site-packages\\behave\\matchers.py\", line 105, in run\n    self.func(context, *args, **kwargs)\n    ~~~~~~~~~^^^^^^^^^^^^^^^^^^^^^^^^^^\n  File \"tests\\end_to_end_test\\features\\steps\\submit_expense_steps.py\", line 81, in step_expense_is_shown\n    context.dashboard_page.wait_for_element((By.XPATH, f\"//td[contains(text(), '{expected_date}')]\") )\n    ~~~~~~~~~~~~~~~~~~~~~~~~~~~~~~~~~~~~~~~^^^^^^^^^^^^^^^^^^^^^^^^^^^^^^^^^^^^^^^^^^^^^^^^^^^^^^^^^^^\n  File \"C:\\Users\\Stephenie\\Documents\\Revature\\Team-C-Project_2\\employee\\tests\\end_to_end_test\\pages\\base_page.py\", line 20, in wait_for_element\n    return self.wait.until(EC.presence_of_element_located(locator))\n           ~~~~~~~~~~~~~~~^^^^^^^^^^^^^^^^^^^^^^^^^^^^^^^^^^^^^^^^^\n  File \"C:\\Users\\Stephenie\\Documents\\Revature\\Team-C-Project_2\\employee\\.venv\\Lib\\site-packages\\selenium\\webdriver\\support\\wait.py\", line 122, in until\n    raise TimeoutException(message, screen, stacktrace)\n"}, "steps": [{"name": "Given the application is running", "status": "passed", "steps": [{"name": "Verify application driver is available", "status": "passed", "start": 1769096354458, "stop": 1769096354458}], "start": 1769096354457, "stop": 1769096354458}, {"name": "And the test database is already seeded with users", "status": "passed", "steps": [{"name": "Verify test database connection is available", "status": "passed", "start": 1769096354458, "stop": 1769096354458}], "start": 1769096354458, "stop": 1769096354458}, {"name": "And the employee is logged in", "status": "passed", "steps": [{"name": "Ensure the employee is logged in (setup)", "status": "passed", "steps": [{"name": "Enter credentials for employee1", "status": "passed", "start": 1769096354801, "stop": 1769096354913}, {"name": "Click login and wait for dashboard table", "status": "passed", "start": 1769096354913, "stop": 1769096357027}], "start": 1769096354458, "stop": 1769096357031}], "start": 1769096354458, "stop": 1769096357031}, {"name": "Given the employee is at the submit expense menu", "status": "passed", "start": 1769096357031, "stop": 1769096357090}, {"name": "When the employee inputs a new amount: \"100\"", "status": "passed", "start": 1769096357091, "stop": 1769096357132}, {"name": "And the employee inputs a new description: \"todays date\"", "status": "passed", "start": 1769096357132, "stop": 1769096357177}, {"name": "And the employee inputs a new date: \"TODAY\"", "status": "passed", "start": 1769096357177, "stop": 1769096357218}, {"name": "And the employee clicks the submit expense button", "status": "passed", "start": 1769096357219, "stop": 1769096357260}, {"name": "Then the employee sees the message: \"Expense submitted successfully!\"", "status": "passed", "start": 1769096357260, "stop": 1769096357781}, {"name": "And the employee navigates to the expenses screen", "status": "passed", "start": 1769096357781, "stop": 1769096357824}, {"name": "And the expense is shown with the amount: \"100\", description: \"todays date\", and the date: \"TODAY\"", "status": "broken", "statusDetails": {"message": "selenium.common.exceptions.TimeoutException: Message: \nStacktrace:\nSymbols not available. Dumping unresolved backtrace:\n\t0x7ff7e6a25ab5\n\t0x7ff7e6a25b14\n\t0x7ff7e6d72844\n\t0x7ff7e67c6a9a\n\t0x7ff7e67c6d35\n\t0x7ff7e6804b07\n\t0x7ff7e67bd6b7\n\t0x7ff7e68028f7\n\t0x7ff7e67bcbcc\n\t0x7ff7e67bbe26\n\t0x7ff7e67bc9f3\n\t0x7ff7e6880214\n\t0x7ff7e687c685\n\t0x7ff7e688ce73\n\t0x7ff7e6a40de8\n\t0x7ff7e6a496b6\n\t0x7ff7e6a2d194\n\t0x7ff7e6a2d2d9\n\t0x7ff7e6a1b172\n\t0x7ffd03ade8d7\n\t0x7ffd04b4c53c\n\n", "trace": "  File \"C:\\Users\\Stephenie\\Documents\\Revature\\Team-C-Project_2\\employee\\.venv\\Lib\\site-packages\\behave\\model.py\", line 1991, in run\n    match.run(runner.context)\n    ~~~~~~~~~^^^^^^^^^^^^^^^^\n  File \"C:\\Users\\Stephenie\\Documents\\Revature\\Team-C-Project_2\\employee\\.venv\\Lib\\site-packages\\behave\\matchers.py\", line 105, in run\n    self.func(context, *args, **kwargs)\n    ~~~~~~~~~^^^^^^^^^^^^^^^^^^^^^^^^^^\n  File \"tests\\end_to_end_test\\features\\steps\\submit_expense_steps.py\", line 81, in step_expense_is_shown\n    context.dashboard_page.wait_for_element((By.XPATH, f\"//td[contains(text(), '{expected_date}')]\") )\n    ~~~~~~~~~~~~~~~~~~~~~~~~~~~~~~~~~~~~~~~^^^^^^^^^^^^^^^^^^^^^^^^^^^^^^^^^^^^^^^^^^^^^^^^^^^^^^^^^^^\n  File \"C:\\Users\\Stephenie\\Documents\\Revature\\Team-C-Project_2\\employee\\tests\\end_to_end_test\\pages\\base_page.py\", line 20, in wait_for_element\n    return self.wait.until(EC.presence_of_element_located(locator))\n           ~~~~~~~~~~~~~~~^^^^^^^^^^^^^^^^^^^^^^^^^^^^^^^^^^^^^^^^^\n  File \"C:\\Users\\Stephenie\\Documents\\Revature\\Team-C-Project_2\\employee\\.venv\\Lib\\site-packages\\selenium\\webdriver\\support\\wait.py\", line 122, in until\n    raise TimeoutException(message, screen, stacktrace)\n"}, "start": 1769096357824, "stop": 1769096367982}], "parameters": [{"name": "amount", "value": "100"}, {"name": "description", "value": "todays date"}, {"name": "date", "value": "TODAY"}, {"name": "expected_date", "value": "TODAY"}], "start": 1769096353301, "stop": 1769096370169, "uuid": "413ca993-fced-4722-b2c9-c7e4f00e2fde", "historyId": "579c016a7c460bdb63fcc94a300d50e3", "testCaseId": "aebfaa0295a523a3df29fbb39331b311", "fullName": "Submit new expense: Successful expense submit", "labels": [{"name": "severity", "value": "normal"}, {"name": "feature", "value": "Submit new expense"}, {"name": "framework", "value": "behave"}, {"name": "language", "value": "cpython3"}], "titlePath": ["tests", "end_to_end_test", "features", "Submit new expense"]}