{"name": "Login attempts -- @1.2 ", "status": "failed", "statusDetails": {"message": "AssertionError: Expected auth message \"Invalid credentials\" not found. Current URL: http://localhost:5000/\n", "trace": "  File \"C:\\Users\\Stephenie\\Documents\\Revature\\Team-C-Project_2\\employee\\.venv\\Lib\\site-packages\\behave\\model.py\", line 1991, in run\n    match.run(runner.context)\n    ~~~~~~~~~^^^^^^^^^^^^^^^^\n  File \"C:\\Users\\Stephenie\\Documents\\Revature\\Team-C-Project_2\\employee\\.venv\\Lib\\site-packages\\behave\\matchers.py\", line 105, in run\n    self.func(context, *args, **kwargs)\n    ~~~~~~~~~^^^^^^^^^^^^^^^^^^^^^^^^^^\n  File \"tests\\end_to_end_test\\features\\steps\\auth_steps.py\", line 76, in step_impl\n    assert expected in page_text, (\n           ^^^^^^^^^^^^^^^^^^^^^\n"}, "steps": [{"name": "Given the application is running", "status": "passed", "start": 1768236119406, "stop": 1768236119407}, {"name": "Given the employee is on the login screen", "status": "passed", "start": 1768236119407, "stop": 1768236119723}, {"name": "When the employee enters username \"wronguser\"", "status": "passed", "start": 1768236119723, "stop": 1768236119785}, {"name": "And the employee enters password \"password123\"", "status": "passed", "start": 1768236119786, "stop": 1768236119831}, {"name": "And the employee clicks the login button", "status": "passed", "start": 1768236119831, "stop": 1768236119880}, {"name": "Then the employee is redirected to the \"login.html\"", "status": "passed", "start": 1768236119880, "stop": 1768236129964}, {"name": "And the employee sees the auth message: \"Invalid credentials\"", "status": "failed", "statusDetails": {"message": "AssertionError: Expected auth message \"Invalid credentials\" not found. Current URL: http://localhost:5000/\n", "trace": "  File \"C:\\Users\\Stephenie\\Documents\\Revature\\Team-C-Project_2\\employee\\.venv\\Lib\\site-packages\\behave\\model.py\", line 1991, in run\n    match.run(runner.context)\n    ~~~~~~~~~^^^^^^^^^^^^^^^^\n  File \"C:\\Users\\Stephenie\\Documents\\Revature\\Team-C-Project_2\\employee\\.venv\\Lib\\site-packages\\behave\\matchers.py\", line 105, in run\n    self.func(context, *args, **kwargs)\n    ~~~~~~~~~^^^^^^^^^^^^^^^^^^^^^^^^^^\n  File \"tests\\end_to_end_test\\features\\steps\\auth_steps.py\", line 76, in step_impl\n    assert expected in page_text, (\n           ^^^^^^^^^^^^^^^^^^^^^\n"}, "start": 1768236129965, "stop": 1768236140523}], "parameters": [{"name": "username", "value": "wronguser"}, {"name": "password", "value": "password123"}, {"name": "message", "value": "Invalid credentials"}, {"name": "path", "value": "login.html"}], "start": 1768236116719, "stop": 1768236142662, "uuid": "9e85e2e7-da07-4f1f-bca6-f8f173d59342", "historyId": "afb106354b8a26e4808e6cd470d3e648", "testCaseId": "0fd2edf36784bbc3bb011c8a3413e887", "fullName": "Employee Authentication: Login attempts", "labels": [{"name": "severity", "value": "normal"}, {"name": "tag", "value": "auth"}, {"name": "tag", "value": "smoke"}, {"name": "tag", "value": "ui"}, {"name": "feature", "value": "Employee Authentication"}, {"name": "framework", "value": "behave"}, {"name": "language", "value": "cpython3"}], "titlePath": ["tests", "end_to_end_test", "features", "Employee Authentication"]}