<testsuite name="submit_expense.Submit new expense" tests="5" errors="0" failures="0" skipped="0" time="8.804401" timestamp="2026-01-22T12:06:35.945564" hostname="DESKTOP-6NBVF6H"><testcase classname="submit_expense.Submit new expense" name="Successful expense submit -- @1.1 Successful submissions" status="passed" time="2.104175"><system-out>
<![CDATA[
@scenario.begin
  Scenario Outline: Successful expense submit -- @1.1 Successful submissions
    Given the application is running ... passed in 0.000s
    And the test database is already seeded with users ... passed in 0.000s
    And the employee is logged in ... passed in 1.778s
    Given the employee is at the submit expense menu ... passed in 0.073s
    When the employee inputs a new amount: "123" ... passed in 0.011s
    And the employee inputs a new description: "example description" ... passed in 0.010s
    And the employee inputs a new date: "2025-12-31" ... passed in 0.051s
    And the employee clicks the submit expense button ... passed in 0.082s
    Then the employee sees the message: "Expense submitted successfully!" ... passed in 0.006s
    And the employee navigates to the expenses screen ... passed in 0.070s
    And the expense is shown with the amount: "123", description: "example description", and the date: "2025-12-31" ... passed in 0.022s

@scenario.end
--------------------------------------------------------------------------------
]]>
</system-out></testcase><testcase classname="submit_expense.Submit new expense" name="Successful expense submit -- @1.2 Successful submissions" status="passed" time="1.656226"><system-out>
<![CDATA[
@scenario.begin
  Scenario Outline: Successful expense submit -- @1.2 Successful submissions
    Given the application is running ... passed in 0.000s
    And the test database is already seeded with users ... passed in 0.000s
    And the employee is logged in ... passed in 1.304s
    Given the employee is at the submit expense menu ... passed in 0.072s
    When the employee inputs a new amount: "999" ... passed in 0.010s
    And the employee inputs a new description: "fix door" ... passed in 0.021s
    And the employee inputs a new date: "2025-01-01" ... passed in 0.007s
    And the employee clicks the submit expense button ... passed in 0.072s
    Then the employee sees the message: "Expense submitted successfully!" ... passed in 0.010s
    And the employee navigates to the expenses screen ... passed in 0.068s
    And the expense is shown with the amount: "999", description: "fix door", and the date: "2025-01-01" ... passed in 0.092s

@scenario.end
--------------------------------------------------------------------------------
]]>
</system-out></testcase><testcase classname="submit_expense.Submit new expense" name="Successful expense submit -- @1.3 Successful submissions" status="passed" time="1.549636"><system-out>
<![CDATA[
@scenario.begin
  Scenario Outline: Successful expense submit -- @1.3 Successful submissions
    Given the application is running ... passed in 0.001s
    And the test database is already seeded with users ... passed in 0.000s
    And the employee is logged in ... passed in 1.280s
    Given the employee is at the submit expense menu ... passed in 0.077s
    When the employee inputs a new amount: "100" ... passed in 0.008s
    And the employee inputs a new description: "todays date" ... passed in 0.008s
    And the employee inputs a new date: "TODAY" ... passed in 0.007s
    And the employee clicks the submit expense button ... passed in 0.070s
    Then the employee sees the message: "Expense submitted successfully!" ... passed in 0.006s
    And the employee navigates to the expenses screen ... passed in 0.070s
    And the expense is shown with the amount: "100", description: "todays date", and the date: "TODAY" ... passed in 0.022s

@scenario.end
--------------------------------------------------------------------------------
]]>
</system-out></testcase><testcase classname="submit_expense.Submit new expense" name="Submit expense validation (empty required fields) -- @1.1 Validation errors" status="passed" time="1.509806"><system-out>
<![CDATA[
@scenario.begin

  @validation
  Scenario Outline: Submit expense validation (empty required fields) -- @1.1 Validation errors
    Given the application is running ... passed in 0.000s
    And the test database is already seeded with users ... passed in 0.000s
    And the employee is logged in ... passed in 1.305s
    Given the employee is at the submit expense menu ... passed in 0.086s
    When the employee inputs a new amount: "EMPTY" ... passed in 0.008s
    And the employee inputs a new description: "example" ... passed in 0.011s
    And the employee clicks the submit expense button ... passed in 0.071s
    Then the "amount" field is selected ... passed in 0.019s
    And the employee stays on the submit menu screen ... passed in 0.010s

@scenario.end
--------------------------------------------------------------------------------
]]>
</system-out></testcase><testcase classname="submit_expense.Submit new expense" name="Submit expense validation (empty required fields) -- @1.2 Validation errors" status="passed" time="1.984559"><system-out>
<![CDATA[
@scenario.begin

  @validation
  Scenario Outline: Submit expense validation (empty required fields) -- @1.2 Validation errors
    Given the application is running ... passed in 0.000s
    And the test database is already seeded with users ... passed in 0.000s
    And the employee is logged in ... passed in 1.796s
    Given the employee is at the submit expense menu ... passed in 0.084s
    When the employee inputs a new amount: "125" ... passed in 0.009s
    And the employee inputs a new description: "EMPTY" ... passed in 0.005s
    And the employee clicks the submit expense button ... passed in 0.078s
    Then the "description" field is selected ... passed in 0.003s
    And the employee stays on the submit menu screen ... passed in 0.008s

@scenario.end
--------------------------------------------------------------------------------
]]>
</system-out></testcase></testsuite>