<testsuite name="edit_expense.Edit expense" tests="4" errors="2" failures="0" skipped="0" time="42.606023" timestamp="2026-01-20T15:22:54.743823" hostname="DESKTOP-6NBVF6H"><testcase classname="edit_expense.Edit expense" name="Edit Expense, successful edit -- @1.1 " status="error" time="15.848742"><error type="TimeoutException" message="Message: &#10;Stacktrace:&#10;Symbols not available. Dumping unresolved backtrace:&#10;&#09;0x7ff7e6a25ab5&#10;&#09;0x7ff7e6a25b14&#10;&#09;0x7ff7e6d72844&#10;&#09;0x7ff7e67c6a9a&#10;&#09;0x7ff7e67c6d35&#10;&#09;0x7ff7e6804b07&#10;&#09;0x7ff7e67bd6b7&#10;&#09;0x7ff7e68028f7&#10;&#09;0x7ff7e67bcbcc&#10;&#09;0x7ff7e67bbe26&#10;&#09;0x7ff7e67bc9f3&#10;&#09;0x7ff7e6880214&#10;&#09;0x7ff7e687c685&#10;&#09;0x7ff7e688ce73&#10;&#09;0x7ff7e6a40de8&#10;&#09;0x7ff7e6a496b6&#10;&#09;0x7ff7e6a2d194&#10;&#09;0x7ff7e6a2d2d9&#10;&#09;0x7ff7e6a1b172&#10;&#09;0x7ffd03ade8d7&#10;&#09;0x7ffd04b4c53c">
<![CDATA[
Failing step: And the expense is updated with the given "123", "example description", and "2025-12-30" ... error in 11.763s
Location: tests/end_to_end_test/features/edit_expense.feature:22
Traceback (most recent call last):
  File "C:\Users\Stephenie\Documents\Revature\Team-C-Project_2\employee\.venv\Lib\site-packages\behave\model.py", line 1991, in run
    match.run(runner.context)
    ~~~~~~~~~^^^^^^^^^^^^^^^^
  File "C:\Users\Stephenie\Documents\Revature\Team-C-Project_2\employee\.venv\Lib\site-packages\behave\matchers.py", line 105, in run
    self.func(context, *args, **kwargs)
    ~~~~~~~~~^^^^^^^^^^^^^^^^^^^^^^^^^^
  File "tests\end_to_end_test\features\steps\edit_expense_steps.py", line 123, in expense_is_shown_updated
    context.dashboard_page.wait_for_element(
    ~~~~~~~~~~~~~~~~~~~~~~~~~~~~~~~~~~~~~~~^
        (By.XPATH, f"//td[contains(text(), '{date}')]")
        ^^^^^^^^^^^^^^^^^^^^^^^^^^^^^^^^^^^^^^^^^^^^^^^
    )
    ^
  File "C:\Users\Stephenie\Documents\Revature\Team-C-Project_2\employee\tests\end_to_end_test\pages\base_page.py", line 20, in wait_for_element
    return self.wait.until(EC.presence_of_element_located(locator))
           ~~~~~~~~~~~~~~~^^^^^^^^^^^^^^^^^^^^^^^^^^^^^^^^^^^^^^^^^
  File "C:\Users\Stephenie\Documents\Revature\Team-C-Project_2\employee\.venv\Lib\site-packages\selenium\webdriver\support\wait.py", line 122, in until
    raise TimeoutException(message, screen, stacktrace)
selenium.common.exceptions.TimeoutException: Message: 
Stacktrace:
Symbols not available. Dumping unresolved backtrace:
	0x7ff7e6a25ab5
	0x7ff7e6a25b14
	0x7ff7e6d72844
	0x7ff7e67c6a9a
	0x7ff7e67c6d35
	0x7ff7e6804b07
	0x7ff7e67bd6b7
	0x7ff7e68028f7
	0x7ff7e67bcbcc
	0x7ff7e67bbe26
	0x7ff7e67bc9f3
	0x7ff7e6880214
	0x7ff7e687c685
	0x7ff7e688ce73
	0x7ff7e6a40de8
	0x7ff7e6a496b6
	0x7ff7e6a2d194
	0x7ff7e6a2d2d9
	0x7ff7e6a1b172
	0x7ffd03ade8d7
	0x7ffd04b4c53c

]]>
</error><system-out>
<![CDATA[
@scenario.begin
  Scenario Outline: Edit Expense, successful edit -- @1.1 
    Given the application is running ... passed in 0.000s
    And the test database is already seeded with users ... passed in 0.000s
    And the employee is logged in ... passed in 2.579s
    Given the employee is on my expenses ... passed in 0.061s
    And an expense with the description: "Client lunch" is shown ... passed in 0.013s
    And the expense with description "Client lunch" is pending ... passed in 0.015s
    When the employee clicks the edit button for the expense with description "Client lunch" ... passed in 0.134s
    And the employee is redirected to the edit menu ... passed in 0.541s
    And the employee inputs into the amount field: "123" ... passed in 0.045s
    And the employee inputs into the description field: "example description" ... passed in 0.067s
    And the employee inputs into the date field: "2025-12-30" ... passed in 0.047s
    And the employee clicks the update expense button ... passed in 0.055s
    Then the employee sees the edit message: "Expense updated successfully!" ... passed in 0.529s
    And the expense is updated with the given "123", "example description", and "2025-12-30" ... error in 11.763s

@scenario.end
--------------------------------------------------------------------------------
]]>
</system-out></testcase><testcase classname="edit_expense.Edit expense" name="Edit Expense, successful edit -- @1.2 " status="error" time="16.969207"><error type="TimeoutException" message="Message: &#10;Stacktrace:&#10;Symbols not available. Dumping unresolved backtrace:&#10;&#09;0x7ff7e6a25ab5&#10;&#09;0x7ff7e6a25b14&#10;&#09;0x7ff7e6d72844&#10;&#09;0x7ff7e67c6a9a&#10;&#09;0x7ff7e67c6d35&#10;&#09;0x7ff7e6804b07&#10;&#09;0x7ff7e67bd6b7&#10;&#09;0x7ff7e68028f7&#10;&#09;0x7ff7e67bcbcc&#10;&#09;0x7ff7e67bbe26&#10;&#09;0x7ff7e67bc9f3&#10;&#09;0x7ff7e6880214&#10;&#09;0x7ff7e687c685&#10;&#09;0x7ff7e688ce73&#10;&#09;0x7ff7e6a40de8&#10;&#09;0x7ff7e6a496b6&#10;&#09;0x7ff7e6a2d194&#10;&#09;0x7ff7e6a2d2d9&#10;&#09;0x7ff7e6a1b172&#10;&#09;0x7ffd03ade8d7&#10;&#09;0x7ffd04b4c53c">
<![CDATA[
Failing step: And the expense is updated with the given "999", "fix door", and "2025-10-10" ... error in 11.773s
Location: tests/end_to_end_test/features/edit_expense.feature:22
Traceback (most recent call last):
  File "C:\Users\Stephenie\Documents\Revature\Team-C-Project_2\employee\.venv\Lib\site-packages\behave\model.py", line 1991, in run
    match.run(runner.context)
    ~~~~~~~~~^^^^^^^^^^^^^^^^
  File "C:\Users\Stephenie\Documents\Revature\Team-C-Project_2\employee\.venv\Lib\site-packages\behave\matchers.py", line 105, in run
    self.func(context, *args, **kwargs)
    ~~~~~~~~~^^^^^^^^^^^^^^^^^^^^^^^^^^
  File "tests\end_to_end_test\features\steps\edit_expense_steps.py", line 123, in expense_is_shown_updated
    context.dashboard_page.wait_for_element(
    ~~~~~~~~~~~~~~~~~~~~~~~~~~~~~~~~~~~~~~~^
        (By.XPATH, f"//td[contains(text(), '{date}')]")
        ^^^^^^^^^^^^^^^^^^^^^^^^^^^^^^^^^^^^^^^^^^^^^^^
    )
    ^
  File "C:\Users\Stephenie\Documents\Revature\Team-C-Project_2\employee\tests\end_to_end_test\pages\base_page.py", line 20, in wait_for_element
    return self.wait.until(EC.presence_of_element_located(locator))
           ~~~~~~~~~~~~~~~^^^^^^^^^^^^^^^^^^^^^^^^^^^^^^^^^^^^^^^^^
  File "C:\Users\Stephenie\Documents\Revature\Team-C-Project_2\employee\.venv\Lib\site-packages\selenium\webdriver\support\wait.py", line 122, in until
    raise TimeoutException(message, screen, stacktrace)
selenium.common.exceptions.TimeoutException: Message: 
Stacktrace:
Symbols not available. Dumping unresolved backtrace:
	0x7ff7e6a25ab5
	0x7ff7e6a25b14
	0x7ff7e6d72844
	0x7ff7e67c6a9a
	0x7ff7e67c6d35
	0x7ff7e6804b07
	0x7ff7e67bd6b7
	0x7ff7e68028f7
	0x7ff7e67bcbcc
	0x7ff7e67bbe26
	0x7ff7e67bc9f3
	0x7ff7e6880214
	0x7ff7e687c685
	0x7ff7e688ce73
	0x7ff7e6a40de8
	0x7ff7e6a496b6
	0x7ff7e6a2d194
	0x7ff7e6a2d2d9
	0x7ff7e6a1b172
	0x7ffd03ade8d7
	0x7ffd04b4c53c

]]>
</error><system-out>
<![CDATA[
@scenario.begin
  Scenario Outline: Edit Expense, successful edit -- @1.2 
    Given the application is running ... passed in 0.000s
    And the test database is already seeded with users ... passed in 0.000s
    And the employee is logged in ... passed in 3.559s
    Given the employee is on my expenses ... passed in 0.081s
    And an expense with the description: "Client lunch" is shown ... passed in 0.016s
    And the expense with description "Client lunch" is pending ... passed in 0.022s
    When the employee clicks the edit button for the expense with description "Client lunch" ... passed in 0.136s
    And the employee is redirected to the edit menu ... passed in 0.548s
    And the employee inputs into the amount field: "999" ... passed in 0.068s
    And the employee inputs into the description field: "fix door" ... passed in 0.092s
    And the employee inputs into the date field: "2025-10-10" ... passed in 0.072s
    And the employee clicks the update expense button ... passed in 0.074s
    Then the employee sees the edit message: "Expense updated successfully!" ... passed in 0.527s
    And the expense is updated with the given "999", "fix door", and "2025-10-10" ... error in 11.773s

@scenario.end
--------------------------------------------------------------------------------
]]>
</system-out></testcase><testcase classname="edit_expense.Edit expense" name="Edit Expense, cancel edit" status="passed" time="4.032876"><system-out>
<![CDATA[
@scenario.begin
  Scenario: Edit Expense, cancel edit
    Given the application is running ... passed in 0.000s
    And the test database is already seeded with users ... passed in 0.000s
    And the employee is logged in ... passed in 2.952s
    Given the employee is on my expenses ... passed in 0.062s
    And an expense with the description: "Client lunch" is shown ... passed in 0.013s
    And the expense with description "Client lunch" is pending ... passed in 0.017s
    When the employee clicks the edit button for the expense with description "Client lunch" ... passed in 0.121s
    And the employee is redirected to the edit menu ... passed in 0.526s
    And the employee inputs into the amount field: "999999" ... passed in 0.058s
    And the employee inputs into the description field: "wont be updated" ... passed in 0.051s
    And the employee inputs into the date field: "2025-12-30" ... passed in 0.045s
    And the employee clicks the cancel button ... passed in 0.065s
    Then the expense with description "Client lunch" still exists ... passed in 0.121s

@scenario.end
--------------------------------------------------------------------------------
]]>
</system-out></testcase><testcase classname="edit_expense.Edit expense" name="Edit expense, no inputs" status="passed" time="5.755198"><system-out>
<![CDATA[
@scenario.begin
  Scenario: Edit expense, no inputs
    Given the application is running ... passed in 0.001s
    And the test database is already seeded with users ... passed in 0.001s
    And the employee is logged in ... passed in 2.616s
    Given the employee is on my expenses ... passed in 0.068s
    And an expense with the description: "Client lunch", amount: "50", and date: "2025-01-05" ... passed in 0.163s
    When the employee clicks the edit button for the expense with description "Client lunch" ... passed in 0.076s
    And the employee clicks the update expense button ... passed in 0.552s
    Then the employee sees the edit message: "Expense updated successfully!" ... passed in 0.012s
    And the expense is shown with the the amount: "50", description: "Client lunch", and the date: "2025-01-05" ... passed in 2.267s

@scenario.end
--------------------------------------------------------------------------------
]]>
</system-out></testcase></testsuite>