<testsuite name="edit_expense.Edit expense" tests="4" errors="0" failures="0" skipped="0" time="22.857278" timestamp="2026-01-22T12:11:11.994069" hostname="DESKTOP-6NBVF6H"><testcase classname="edit_expense.Edit expense" name="Edit Expense -- @1.1 " status="passed" time="6.209939"><system-out>
<![CDATA[
@scenario.begin
  Scenario Outline: Edit Expense -- @1.1 
    Given the application is running ... passed in 0.000s
    And the test database is already seeded with users ... passed in 0.000s
    And the employee is logged in ... passed in 3.170s
    Given the employee is on my expenses ... passed in 0.077s
    And an expense with the description: "Client lunch" is shown ... passed in 0.010s
    And the expense with description "Client lunch" is pending ... passed in 0.013s
    When the employee clicks the edit button for the expense with description "Client lunch" ... passed in 0.084s
    And the employee is redirected to the edit menu ... passed in 0.530s
    And the employee inputs into the amount field: "123" ... passed in 0.055s
    And the employee inputs into the description field: "example description" ... passed in 0.042s
    And the employee inputs into the date field: "2025-12-30" ... passed in 0.043s
    And the employee clicks the update button ... passed in 0.046s
    Then the employee sees the edit message: "Expense updated successfully!" ... passed in 0.533s
    And the expense is shown with the amount: "123", description: "example description", and the date: "2025-12-30" ... passed in 1.606s

@scenario.end
--------------------------------------------------------------------------------
]]>
</system-out></testcase><testcase classname="edit_expense.Edit expense" name="Edit Expense -- @1.2 " status="passed" time="6.150193"><system-out>
<![CDATA[
@scenario.begin
  Scenario Outline: Edit Expense -- @1.2 
    Given the application is running ... passed in 0.000s
    And the test database is already seeded with users ... passed in 0.000s
    And the employee is logged in ... passed in 3.157s
    Given the employee is on my expenses ... passed in 0.055s
    And an expense with the description: "Client lunch" is shown ... passed in 0.017s
    And the expense with description "Client lunch" is pending ... passed in 0.013s
    When the employee clicks the edit button for the expense with description "Client lunch" ... passed in 0.092s
    And the employee is redirected to the edit menu ... passed in 0.527s
    And the employee inputs into the amount field: "999" ... passed in 0.045s
    And the employee inputs into the description field: "fix door" ... passed in 0.044s
    And the employee inputs into the date field: "2025-10-10" ... passed in 0.052s
    And the employee clicks the update button ... passed in 0.042s
    Then the employee sees the edit message: "Expense updated successfully!" ... passed in 0.518s
    And the expense is shown with the amount: "999", description: "fix door", and the date: "2025-10-10" ... passed in 1.589s

@scenario.end
--------------------------------------------------------------------------------
]]>
</system-out></testcase><testcase classname="edit_expense.Edit expense" name="Edit Expense -- @1.3 " status="passed" time="4.182862"><system-out>
<![CDATA[
@scenario.begin
  Scenario Outline: Edit Expense -- @1.3 
    Given the application is running ... passed in 0.000s
    And the test database is already seeded with users ... passed in 0.000s
    And the employee is logged in ... passed in 3.156s
    Given the employee is on my expenses ... passed in 0.056s
    And an expense with the description: "Client lunch" is shown ... passed in 0.011s
    And the expense with description "Client lunch" is pending ... passed in 0.012s
    When the employee clicks the edit button for the expense with description "Client lunch" ... passed in 0.109s
    And the employee is redirected to the edit menu ... passed in 0.525s
    And the employee inputs into the amount field: "999999" ... passed in 0.040s
    And the employee inputs into the description field: "wont be updated" ... passed in 0.045s
    And the employee inputs into the date field: "2025-12-30" ... passed in 0.039s
    And the employee clicks the cancel button ... passed in 0.045s
    Then the employee sees the edit message: "none" ... passed in 0.000s
    And the expense is shown with the amount: "50", description: "Client lunch", and the date: "2025-01-05" ... passed in 0.143s

@scenario.end
--------------------------------------------------------------------------------
]]>
</system-out></testcase><testcase classname="edit_expense.Edit expense" name="Edit expense, no inputs" status="passed" time="6.314283"><system-out>
<![CDATA[
@scenario.begin
  Scenario: Edit expense, no inputs
    Given the application is running ... passed in 0.000s
    And the test database is already seeded with users ... passed in 0.000s
    And the employee is logged in ... passed in 3.172s
    Given the employee is on my expenses ... passed in 0.067s
    And an expense with the description: "Client lunch", amount: "50", and date: "2025-01-05" ... passed in 0.199s
    When the employee clicks the edit button for the expense with description "Client lunch" ... passed in 0.077s
    And the employee clicks the update button ... passed in 0.551s
    Then the employee sees the edit message: "Expense updated successfully!" ... passed in 0.521s
    And the expense is shown with the the amount: "50", description: "Client lunch", and the date: "2025-01-05" ... passed in 1.727s

@scenario.end
--------------------------------------------------------------------------------
]]>
</system-out></testcase></testsuite>