<testsuite name="authentication.Employee Authentication" tests="9" errors="0" failures="0" skipped="0" time="10.502747" timestamp="2026-01-21T11:25:38.346717" hostname="DESKTOP-6NBVF6H"><testcase classname="authentication.Employee Authentication" name="Login attempts -- @1.1 " status="passed" time="1.195587"><system-out>
<![CDATA[
@scenario.begin

  @login @parameterized @smoke
  Scenario Outline: Login attempts -- @1.1 
    Given the application is running ... passed in 0.000s
    And the test database is already seeded with users ... passed in 0.000s
    Given the employee is on the login screen ... passed in 0.377s
    When the employee enters username "employee1" ... passed in 0.091s
    And the employee enters password "password123" ... passed in 0.075s
    And the employee clicks the login button ... passed in 0.123s
    Then the employee sees the auth message: "Login successful! Redirecting to employee dashboard..." ... passed in 0.530s

@scenario.end
--------------------------------------------------------------------------------
]]>
</system-out></testcase><testcase classname="authentication.Employee Authentication" name="Login attempts -- @1.2 " status="passed" time="1.076447"><system-out>
<![CDATA[
@scenario.begin

  @login @parameterized @smoke
  Scenario Outline: Login attempts -- @1.2 
    Given the application is running ... passed in 0.000s
    And the test database is already seeded with users ... passed in 0.001s
    Given the employee is on the login screen ... passed in 0.349s
    When the employee enters username "wronguser" ... passed in 0.071s
    And the employee enters password "password123" ... passed in 0.062s
    And the employee clicks the login button ... passed in 0.055s
    Then the employee sees the auth message: "Invalid credentials" ... passed in 0.538s

@scenario.end
--------------------------------------------------------------------------------
]]>
</system-out></testcase><testcase classname="authentication.Employee Authentication" name="Login attempts -- @1.3 " status="passed" time="1.062745"><system-out>
<![CDATA[
@scenario.begin

  @login @parameterized @smoke
  Scenario Outline: Login attempts -- @1.3 
    Given the application is running ... passed in 0.000s
    And the test database is already seeded with users ... passed in 0.000s
    Given the employee is on the login screen ... passed in 0.334s
    When the employee enters username "employee1" ... passed in 0.079s
    And the employee enters password "wrongpassword" ... passed in 0.064s
    And the employee clicks the login button ... passed in 0.063s
    Then the employee sees the auth message: "Invalid credentials" ... passed in 0.523s

@scenario.end
--------------------------------------------------------------------------------
]]>
</system-out></testcase><testcase classname="authentication.Employee Authentication" name="Login attempts -- @1.4 " status="passed" time="1.044658"><system-out>
<![CDATA[
@scenario.begin

  @login @parameterized @smoke
  Scenario Outline: Login attempts -- @1.4 
    Given the application is running ... passed in 0.000s
    And the test database is already seeded with users ... passed in 0.000s
    Given the employee is on the login screen ... passed in 0.343s
    When the employee enters username "wronguser" ... passed in 0.068s
    And the employee enters password "wrongpassword" ... passed in 0.052s
    And the employee clicks the login button ... passed in 0.057s
    Then the employee sees the auth message: "Invalid credentials" ... passed in 0.525s

@scenario.end
--------------------------------------------------------------------------------
]]>
</system-out></testcase><testcase classname="authentication.Employee Authentication" name="Login attempts -- @1.5 " status="passed" time="1.049077"><system-out>
<![CDATA[
@scenario.begin

  @login @parameterized @smoke
  Scenario Outline: Login attempts -- @1.5 
    Given the application is running ... passed in 0.000s
    And the test database is already seeded with users ... passed in 0.000s
    Given the employee is on the login screen ... passed in 0.312s
    When the employee enters username "manager1" ... passed in 0.100s
    And the employee enters password "password123" ... passed in 0.060s
    And the employee clicks the login button ... passed in 0.054s
    Then the employee sees the auth message: "Login failed" ... passed in 0.522s

@scenario.end
--------------------------------------------------------------------------------
]]>
</system-out></testcase><testcase classname="authentication.Employee Authentication" name="Empty field validation -- @1.1 " status="passed" time="0.510612"><system-out>
<![CDATA[
@scenario.begin

  @validation @negative
  Scenario Outline: Empty field validation -- @1.1 
    Given the application is running ... passed in 0.000s
    And the test database is already seeded with users ... passed in 0.000s
    Given the employee is on the login screen ... passed in 0.340s
    When the employee enters username "" ... passed in 0.035s
    And the employee enters password "password123" ... passed in 0.059s
    And the employee clicks the login button ... passed in 0.063s
    Then the login username field is selected ... passed in 0.009s
    And the employee is not redirected to the dashboard ... passed in 0.003s

@scenario.end
--------------------------------------------------------------------------------
]]>
</system-out></testcase><testcase classname="authentication.Employee Authentication" name="Empty field validation -- @1.2 " status="passed" time="0.574887"><system-out>
<![CDATA[
@scenario.begin

  @validation @negative
  Scenario Outline: Empty field validation -- @1.2 
    Given the application is running ... passed in 0.000s
    And the test database is already seeded with users ... passed in 0.000s
    Given the employee is on the login screen ... passed in 0.407s
    When the employee enters username "employee1" ... passed in 0.068s
    And the employee enters password "" ... passed in 0.026s
    And the employee clicks the login button ... passed in 0.060s
    Then the login password field is selected ... passed in 0.009s
    And the employee is not redirected to the dashboard ... passed in 0.003s

@scenario.end
--------------------------------------------------------------------------------
]]>
</system-out></testcase><testcase classname="authentication.Employee Authentication" name="Empty field validation -- @1.3 " status="passed" time="0.601076"><system-out>
<![CDATA[
@scenario.begin

  @validation @negative
  Scenario Outline: Empty field validation -- @1.3 
    Given the application is running ... passed in 0.000s
    And the test database is already seeded with users ... passed in 0.000s
    Given the employee is on the login screen ... passed in 0.334s
    When the employee enters username "" ... passed in 0.054s
    And the employee enters password "" ... passed in 0.050s
    And the employee clicks the login button ... passed in 0.133s
    Then the login username field is selected ... passed in 0.020s
    And the employee is not redirected to the dashboard ... passed in 0.010s

@scenario.end
--------------------------------------------------------------------------------
]]>
</system-out></testcase><testcase classname="authentication.Employee Authentication" name="Logout" status="passed" time="3.387659"><system-out>
<![CDATA[
@scenario.begin

  @logout @sanity
  Scenario: Logout
    Given the application is running ... passed in 0.000s
    And the test database is already seeded with users ... passed in 0.000s
    Given the employee is logged in ... passed in 3.000s
    When the employee clicks the logout button ... passed in 0.382s
    Then the employee is redirected to the login page ... passed in 0.006s

@scenario.end
--------------------------------------------------------------------------------
]]>
</system-out></testcase></testsuite>