<testsuite name="submit_expense.Submit new expense" tests="5" errors="0" failures="0" skipped="0" time="19.534605" timestamp="2026-01-22T10:21:46.071660" hostname="DESKTOP-6NBVF6H"><testcase classname="submit_expense.Submit new expense" name="Successful expense submit -- @1.1 Successful submissions" status="passed" time="3.982946"><system-out>
<![CDATA[
@scenario.begin
  Scenario Outline: Successful expense submit -- @1.1 Successful submissions
    Given the application is running ... passed in 0.000s
    And the test database is already seeded with users ... passed in 0.000s
    And the employee is logged in ... passed in 2.617s
    Given the employee is at the submit expense menu ... passed in 0.052s
    When the employee inputs a new amount: "123" ... passed in 0.046s
    And the employee inputs a new description: "example description" ... passed in 0.052s
    And the employee inputs a new date: "2025-12-31" ... passed in 0.042s
    And the employee clicks the submit expense button ... passed in 0.041s
    Then the employee sees the message: "Expense submitted successfully!" ... passed in 0.530s
    And the employee navigates to the expenses screen ... passed in 0.045s
    And the expense is shown with the amount: "123", description: "example description", and the date: "2025-12-31" ... passed in 0.559s

@scenario.end
--------------------------------------------------------------------------------
]]>
</system-out></testcase><testcase classname="submit_expense.Submit new expense" name="Successful expense submit -- @1.2 Successful submissions" status="passed" time="4.18417"><system-out>
<![CDATA[
@scenario.begin
  Scenario Outline: Successful expense submit -- @1.2 Successful submissions
    Given the application is running ... passed in 0.000s
    And the test database is already seeded with users ... passed in 0.000s
    And the employee is logged in ... passed in 3.189s
    Given the employee is at the submit expense menu ... passed in 0.056s
    When the employee inputs a new amount: "999" ... passed in 0.052s
    And the employee inputs a new description: "fix door" ... passed in 0.046s
    And the employee inputs a new date: "2025-01-01" ... passed in 0.041s
    And the employee clicks the submit expense button ... passed in 0.042s
    Then the employee sees the message: "Expense submitted successfully!" ... passed in 0.033s
    And the employee navigates to the expenses screen ... passed in 0.043s
    And the expense is shown with the amount: "999", description: "fix door", and the date: "2025-01-01" ... passed in 0.681s

@scenario.end
--------------------------------------------------------------------------------
]]>
</system-out></testcase><testcase classname="submit_expense.Submit new expense" name="Successful expense submit -- @1.3 Successful submissions" status="passed" time="4.422393"><system-out>
<![CDATA[
@scenario.begin
  Scenario Outline: Successful expense submit -- @1.3 Successful submissions
    Given the application is running ... passed in 0.000s
    And the test database is already seeded with users ... passed in 0.000s
    And the employee is logged in ... passed in 3.043s
    Given the employee is at the submit expense menu ... passed in 0.049s
    When the employee inputs a new amount: "100" ... passed in 0.042s
    And the employee inputs a new description: "todays date" ... passed in 0.044s
    And the employee inputs a new date: "TODAY" ... passed in 0.045s
    And the employee clicks the submit expense button ... passed in 0.042s
    Then the employee sees the message: "Expense submitted successfully!" ... passed in 0.522s
    And the employee navigates to the expenses screen ... passed in 0.055s
    And the expense is shown with the amount: "100", description: "todays date", and the date: "TODAY" ... passed in 0.581s

@scenario.end
--------------------------------------------------------------------------------
]]>
</system-out></testcase><testcase classname="submit_expense.Submit new expense" name="Submit expense validation (empty required fields) -- @1.1 Validation errors" status="passed" time="3.238799"><system-out>
<![CDATA[
@scenario.begin

  @validation
  Scenario Outline: Submit expense validation (empty required fields) -- @1.1 Validation errors
    Given the application is running ... passed in 0.000s
    And the test database is already seeded with users ... passed in 0.000s
    And the employee is logged in ... passed in 3.048s
    Given the employee is at the submit expense menu ... passed in 0.049s
    When the employee inputs a new amount: "EMPTY" ... passed in 0.023s
    And the employee inputs a new description: "example" ... passed in 0.049s
    And the employee clicks the submit expense button ... passed in 0.051s
    Then the "amount" field is selected ... passed in 0.007s
    And the employee stays on the submit menu screen ... passed in 0.012s

@scenario.end
--------------------------------------------------------------------------------
]]>
</system-out></testcase><testcase classname="submit_expense.Submit new expense" name="Submit expense validation (empty required fields) -- @1.2 Validation errors" status="passed" time="3.706296"><system-out>
<![CDATA[
@scenario.begin

  @validation
  Scenario Outline: Submit expense validation (empty required fields) -- @1.2 Validation errors
    Given the application is running ... passed in 0.001s
    And the test database is already seeded with users ... passed in 0.000s
    And the employee is logged in ... passed in 3.521s
    Given the employee is at the submit expense menu ... passed in 0.045s
    When the employee inputs a new amount: "125" ... passed in 0.049s
    And the employee inputs a new description: "EMPTY" ... passed in 0.021s
    And the employee clicks the submit expense button ... passed in 0.050s
    Then the "description" field is selected ... passed in 0.008s
    And the employee stays on the submit menu screen ... passed in 0.011s

@scenario.end
--------------------------------------------------------------------------------
]]>
</system-out></testcase></testsuite>